Log file open, 10/28/17 15:43:28
LogWindows: LoadLibraryWithSearchPaths failed for file aqProf.dll. GetLastError=0
LogWindows: LoadLibraryWithSearchPaths failed for file VSPerf140.dll. GetLastError=0
LogWindows: LoadLibraryWithSearchPaths failed for file VtuneApi.dll. GetLastError=0
LogWindows: LoadLibraryWithSearchPaths failed for file VtuneApi32e.dll. GetLastError=0
LogInit: Display: Running engine for game: Krispy
LogPlatformFile: Not using cached read wrapper
LogInit: Display: RandInit(623967779) SRandInit(623967779).
LogTaskGraph: Started task graph with 5 named threads and 8 total threads with 3 sets of task threads.
LogStats: Stats thread started at 5.912902
LogD3D11RHI: Aftermath initialized
LogPluginManager: Mounting plugin Paper2D
LogPluginManager: Mounting plugin LightPropagationVolume
LogPluginManager: Mounting plugin CodeLiteSourceCodeAccess
LogPluginManager: Mounting plugin GitSourceControl
LogPluginManager: Mounting plugin KDevelopSourceCodeAccess
LogPluginManager: Mounting plugin NullSourceCodeAccess
LogPluginManager: Mounting plugin PerforceSourceControl
LogPluginManager: Mounting plugin SubversionSourceControl
LogPluginManager: Mounting plugin UObjectPlugin
LogPluginManager: Mounting plugin VisualStudioSourceCodeAccess
LogPluginManager: Mounting plugin XCodeSourceCodeAccess
LogPluginManager: Mounting plugin AssetManagerEditor
LogPluginManager: Mounting plugin AudioCapture
LogPluginManager: Mounting plugin FacialAnimation
LogPluginManager: Mounting plugin GameplayTagsEditor
LogPluginManager: Mounting plugin MobileLauncherProfileWizard
LogPluginManager: Mounting plugin PluginBrowser
LogPluginManager: Mounting plugin SpeedTreeImporter
LogPluginManager: Mounting plugin AlembicImporter
LogPluginManager: Mounting plugin CharacterAI
LogPluginManager: Mounting plugin HTML5Networking
LogPluginManager: Mounting plugin AndroidMedia
LogPluginManager: Mounting plugin AvfMedia
LogPluginManager: Mounting plugin MediaPlayerEditor
LogPluginManager: Mounting plugin WmfMedia
LogPluginManager: Mounting plugin TcpMessaging
LogPluginManager: Mounting plugin UdpMessaging
LogPluginManager: Mounting plugin LevelSequenceEditor
LogPluginManager: Mounting plugin MatineeToLevelSequence
LogPluginManager: Mounting plugin OnlineSubsystemGooglePlay
LogPluginManager: Mounting plugin OnlineSubsystemIOS
LogPluginManager: Mounting plugin OnlineSubsystem
LogPluginManager: Mounting plugin OnlineSubsystemNull
LogPluginManager: Mounting plugin OnlineSubsystemUtils
LogPluginManager: Mounting plugin AndroidDeviceProfileSelector
LogPluginManager: Mounting plugin AndroidMoviePlayer
LogPluginManager: Mounting plugin AndroidPermission
LogPluginManager: Mounting plugin AppleMoviePlayer
LogPluginManager: Mounting plugin ArchVisCharacter
LogPluginManager: Mounting plugin CableComponent
LogPluginManager: Mounting plugin CustomMeshComponent
LogPluginManager: Mounting plugin ExampleDeviceProfileSelector
LogPluginManager: Mounting plugin GoogleCloudMessaging
LogPluginManager: Mounting plugin ImmediatePhysics
LogPluginManager: Mounting plugin IOSDeviceProfileSelector
LogPluginManager: Mounting plugin LinuxDeviceProfileSelector
LogPluginManager: Mounting plugin LocationServicesBPLibrary
LogPluginManager: Mounting plugin MobilePatchingUtils
LogPluginManager: Mounting plugin OculusVR
LogPluginManager: Mounting plugin PhysXVehicles
LogPluginManager: Mounting plugin ProceduralMeshComponent
LogPluginManager: Mounting plugin RuntimePhysXCooking
LogPluginManager: Mounting plugin SteamVR
LogPluginManager: Mounting plugin WindowsMoviePlayer
LogInit: Using libcurl 7.47.1
LogInit:  - built for x86_64-pc-win32
LogInit:  - supports SSL with OpenSSL/1.0.2g
LogInit:  - supports HTTP deflate (compression) using libz 1.2.8
LogInit:  - other features:
LogInit:      CURL_VERSION_SSL
LogInit:      CURL_VERSION_LIBZ
LogInit:      CURL_VERSION_IPV6
LogInit:      CURL_VERSION_ASYNCHDNS
LogInit:      CURL_VERSION_LARGEFILE
LogInit:      CURL_VERSION_IDN
LogInit:  CurlRequestOptions (configurable via config and command line):
LogInit:  - bVerifyPeer = false  - Libcurl will NOT verify peer certificate
LogInit:  - bUseHttpProxy = false  - Libcurl will NOT use HTTP proxy
LogInit:  - bDontReuseConnections = false  - Libcurl will reuse connections
LogInit:  - CertBundlePath = nullptr  - Libcurl will use whatever was configured at build time.
LogInit: Build: ++UE4+Release-4.17-CL-3586342
LogInit: Engine Version: 4.17.1-3586342+++UE4+Release-4.17
LogInit: Compatible Engine Version: 4.17.0-3573198+++UE4+Release-4.17
LogInit: Net CL: 3573198
LogDevObjectVersion: Number of dev versions registered: 16
LogDevObjectVersion:   Dev-Blueprints (B0D832E4-1F89-4F0D-ACCF-7EB736FD4AA2): 10
LogDevObjectVersion:   Dev-Build (E1C64328-A22C-4D53-A36C-8E866417BD8C): 0
LogDevObjectVersion:   Dev-Core (375EC13C-06E4-48FB-B500-84F0262A717E): 2
LogDevObjectVersion:   Dev-Editor (E4B068ED-F494-42E9-A231-DA0B2E46BB41): 20
LogDevObjectVersion:   Dev-Framework (CFFC743F-43B0-4480-9391-14DF171D2073): 28
LogDevObjectVersion:   Dev-Mobile (B02B49B5-BB20-44E9-A304-32B752E40360): 0
LogDevObjectVersion:   Dev-Networking (A4E4105C-59A1-49B5-A7C5-40C4547EDFEE): 0
LogDevObjectVersion:   Dev-Online (39C831C9-5AE6-47DC-9A44-9C173E1C8E7C): 0
LogDevObjectVersion:   Dev-Physics (78F01B33-EBEA-4F98-B9B4-84EACCB95AA2): 0
LogDevObjectVersion:   Dev-Platform (6631380F-2D4D-43E0-8009-CF276956A95A): 0
LogDevObjectVersion:   Dev-Rendering (12F88B9F-8875-4AFC-A67C-D90C383ABD29): 19
LogDevObjectVersion:   Dev-Sequencer (7B5AE74C-D270-4C10-A958-57980B212A5A): 4
LogDevObjectVersion:   Dev-VR (D7296918-1DD6-4BDD-9DE2-64A83CC13884): 0
LogDevObjectVersion:   Dev-LoadTimes (C2A15278-BFE7-4AFE-6C17-90FF531DF755): 1
LogDevObjectVersion:   Private-Geometry (6EACA3D4-40EC-4CC1-B786-8BED09428FC5): 1
LogDevObjectVersion:   Dev-AnimPhys (29E575DD-E0A3-4627-9D10-D276232CDCEA): 7
LogInit: Compiled (64-bit): Aug 15 2017 02:05:26
LogInit: Compiled with Visual C++: 19.00.24215.01
LogInit: Build Configuration: Development
LogInit: Branch Name: ++UE4+Release-4.17
LogInit: Command line:  
LogInit: Base directory: C:/Program Files/Epic Games/UE_4.17/Engine/Binaries/Win64/
LogInit: Installed Engine Build: 1
LogInit: Presizing for max 8388607 objects, including 0 objects not considered by GC, pre-allocating 0 bytes for permanent pool.
LogInit: Object subsystem initialized
[2017.10.28-18.43.33:715][  0]LogInit: Selected Device Profile: [Windows]
[2017.10.28-18.43.33:731][  0]LogInit: Applying CVar settings loaded from the selected device profile: [Windows]
[2017.10.28-18.43.33:895][  0]LogInit: Computer: DESKTOP-J1B6B5G
[2017.10.28-18.43.33:895][  0]LogInit: User: crist
[2017.10.28-18.43.33:895][  0]LogInit: CPU Page size=4096, Cores=2
[2017.10.28-18.43.33:895][  0]LogInit: High frequency timer resolution =2.531250 MHz
[2017.10.28-18.43.33:895][  0]LogMemory: Memory total: Physical=3.9GB (4GB approx)
[2017.10.28-18.43.33:895][  0]LogMemory: Platform Memory Stats for Windows
[2017.10.28-18.43.33:895][  0]LogMemory: Process Physical Memory: 277.37 MB used, 277.37 MB peak
[2017.10.28-18.43.33:895][  0]LogMemory: Process Virtual Memory: 275.71 MB used, 275.71 MB peak
[2017.10.28-18.43.33:895][  0]LogMemory: Physical Memory: 3150.77 MB used,  805.23 MB free, 3956.00 MB total
[2017.10.28-18.43.33:895][  0]LogMemory: Virtual Memory: 652.66 MB used,  805.23 MB free, 134217728.00 MB total
[2017.10.28-18.43.37:035][  0]LogInit: Overriding language with editor language configuration option (en).
[2017.10.28-18.43.37:035][  0]LogInit: Overriding locale with editor culture configuration option ().
[2017.10.28-18.43.37:035][  0]LogInit: Using OS detected locale (es-CL).
[2017.10.28-18.43.44:272][  0]LogD3D11RHI: D3D11 adapters:
[2017.10.28-18.43.44:317][  0]LogD3D11RHI:    0. 'Intel(R) HD Graphics 520' (Feature Level 11_0)
[2017.10.28-18.43.44:317][  0]LogD3D11RHI:       128/0/1978 MB DedicatedVideo/DedicatedSystem/SharedSystem, Outputs:1, VendorId:0x8086
[2017.10.28-18.43.44:365][  0]LogD3D11RHI:    1. 'Microsoft Basic Render Driver' (Feature Level 11_0)
[2017.10.28-18.43.44:365][  0]LogD3D11RHI:       0/0/1978 MB DedicatedVideo/DedicatedSystem/SharedSystem, Outputs:0, VendorId:0x1414
[2017.10.28-18.43.44:365][  0]LogD3D11RHI: Chosen D3D11 Adapter: 0
[2017.10.28-18.43.44:386][  0]LogD3D11RHI: Creating new Direct3DDevice
[2017.10.28-18.43.44:386][  0]LogD3D11RHI:     GPU DeviceId: 0x1916 (for the marketing name, search the web for "GPU Device Id")
[2017.10.28-18.43.44:386][  0]LogWindows: EnumDisplayDevices:
[2017.10.28-18.43.44:386][  0]LogWindows:    0. 'Intel(R) HD Graphics 520' (P:1 D:1)
[2017.10.28-18.43.44:386][  0]LogWindows:    1. 'Intel(R) HD Graphics 520' (P:0 D:0)
[2017.10.28-18.43.44:387][  0]LogWindows:    2. 'Intel(R) HD Graphics 520' (P:0 D:0)
[2017.10.28-18.43.44:387][  0]LogWindows: DebugString: FoundDriverCount:3 
[2017.10.28-18.43.44:387][  0]LogD3D11RHI:     Adapter Name: Intel(R) HD Graphics 520
[2017.10.28-18.43.44:387][  0]LogD3D11RHI:   Driver Version: 20.19.15.4474 (internal:20.19.15.4474, unified:20.19.15.4474)
[2017.10.28-18.43.44:387][  0]LogD3D11RHI:      Driver Date: 6-13-2016
[2017.10.28-18.43.44:387][  0]LogRHI: Texture pool is 781 MB (70% of 1117 MB)
[2017.10.28-18.43.44:407][  0]LogD3D11RHI: Async texture creation enabled
[2017.10.28-18.43.44:783][  0]LogD3D11RHI: GPU Timing Frequency: 12.000000 (Debug: 2 0)
[2017.10.28-18.43.44:886][  0]LogShaderCompilers: Guid format shader working directory is -27 characters bigger than the processId version (../../../../../../Users/crist/OneDrive/Documentos/Unreal Projects/Krispy/Intermediate/Shaders/WorkingDirectory/11064/).
[2017.10.28-18.43.44:886][  0]LogShaderCompilers: Cleaned the shader compiler working directory 'C:/Users/crist/AppData/Local/Temp/UnrealShaderWorkingDir/2F36C07C4E413B5CAFDDD285A800347E/'.
[2017.10.28-18.43.44:902][  0]LogShaderCompilers: Display: Using Local Shader Compiler.
[2017.10.28-18.44.04:857][  0]LogTemp: Display: Loaded TP AllDesktopTargetPlatform
[2017.10.28-18.44.04:949][  0]LogTemp: Display: Loaded TP MacClientTargetPlatform
[2017.10.28-18.44.05:040][  0]LogTemp: Display: Loaded TP MacNoEditorTargetPlatform
[2017.10.28-18.44.05:130][  0]LogTemp: Display: Loaded TP MacServerTargetPlatform
[2017.10.28-18.44.05:295][  0]LogTemp: Display: Loaded TP MacTargetPlatform
[2017.10.28-18.44.05:424][  0]LogTemp: Display: Loaded TP WindowsClientTargetPlatform
[2017.10.28-18.44.05:567][  0]LogTemp: Display: Loaded TP WindowsNoEditorTargetPlatform
[2017.10.28-18.44.05:650][  0]LogTemp: Display: Loaded TP WindowsServerTargetPlatform
[2017.10.28-18.44.05:796][  0]LogTemp: Display: Loaded TP WindowsTargetPlatform
[2017.10.28-18.44.05:992][  0]LogTemp: Display: Loaded TP AndroidTargetPlatform
[2017.10.28-18.44.06:129][  0]LogTemp: Display: Loaded TP Android_ASTCTargetPlatform
[2017.10.28-18.44.06:234][  0]LogTemp: Display: Loaded TP Android_ATCTargetPlatform
[2017.10.28-18.44.06:362][  0]LogTemp: Display: Loaded TP Android_DXTTargetPlatform
[2017.10.28-18.44.06:458][  0]LogTemp: Display: Loaded TP Android_ETC1TargetPlatform
[2017.10.28-18.44.06:598][  0]LogTemp: Display: Loaded TP Android_ETC2TargetPlatform
[2017.10.28-18.44.06:814][  0]LogTemp: Display: Loaded TP Android_MultiTargetPlatform
[2017.10.28-18.44.06:814][  0]LogTemp: Display: Loaded TP Android_PVRTCTargetPlatform
[2017.10.28-18.44.06:895][  0]LogTemp: Display: Loaded TP HTML5TargetPlatform
[2017.10.28-18.44.07:241][  0]LogTemp: Display: Loaded TP IOSTargetPlatform
[2017.10.28-18.44.07:311][  0]LogTemp: Display: Loaded TP TVOSTargetPlatform
[2017.10.28-18.44.07:505][  0]LogTemp: Display: Loaded TP LinuxClientTargetPlatform
[2017.10.28-18.44.07:617][  0]LogTemp: Display: Loaded TP LinuxNoEditorTargetPlatform
[2017.10.28-18.44.07:720][  0]LogTemp: Display: Loaded TP LinuxServerTargetPlatform
[2017.10.28-18.44.07:893][  0]LogTemp: Display: Loaded TP LinuxTargetPlatform
[2017.10.28-18.44.07:894][  0]LogTargetPlatformManager: Display: Building Assets For Windows
[2017.10.28-18.44.11:221][  0]LogDerivedDataCache: Display: Max Cache Size: 512 MB
[2017.10.28-18.44.13:507][  0]LogDerivedDataCache: Loaded boot cache 2.27s 93MB C:/Users/crist/AppData/Local/UnrealEngine/4.17/DerivedDataCache/Boot.ddc.
[2017.10.28-18.44.13:507][  0]LogDerivedDataCache: Display: Loaded Boot cache: C:/Users/crist/AppData/Local/UnrealEngine/4.17/DerivedDataCache/Boot.ddc
[2017.10.28-18.44.13:518][  0]LogDerivedDataCache: FDerivedDataBackendGraph:  Pak pak cache file ../../../../../../Users/crist/OneDrive/Documentos/Unreal Projects/Krispy/DerivedDataCache/DDC.ddp not found, will not use a pak cache.
[2017.10.28-18.44.13:518][  0]LogDerivedDataCache: Unable to find inner node Pak for hierarchical cache Hierarchy.
[2017.10.28-18.44.13:518][  0]LogDerivedDataCache: FDerivedDataBackendGraph:  CompressedPak pak cache file ../../../../../../Users/crist/OneDrive/Documentos/Unreal Projects/Krispy/DerivedDataCache/Compressed.ddp not found, will not use a pak cache.
[2017.10.28-18.44.13:518][  0]LogDerivedDataCache: Unable to find inner node CompressedPak for hierarchical cache Hierarchy.
[2017.10.28-18.44.13:610][  0]LogDerivedDataCache: Display: Pak cache opened for reading ../../../Engine/DerivedDataCache/Compressed.ddp.
[2017.10.28-18.44.13:676][  0]LogDerivedDataCache: Using Local data cache path C:/Users/crist/AppData/Local/UnrealEngine/Common/DerivedDataCache: Writable
[2017.10.28-18.44.13:827][  0]LogMaterial: Verifying Global Shaders for PCD3D_SM5
[2017.10.28-18.44.13:988][  0]LogSlate: Using Freetype 2.6.0
[2017.10.28-18.44.14:203][  0]LogSlate: SlateFontCache - WITH_FREETYPE: 1, WITH_HARFBUZZ: 1
[2017.10.28-18.44.14:206][  0]LogSlate: SlateFontCache - WITH_FREETYPE: 1, WITH_HARFBUZZ: 1
[2017.10.28-18.44.31:361][  0]LogAssetRegistry: FAssetRegistry took 0.0982 seconds to start up
[2017.10.28-18.44.36:719][  0]LogInit: Selected Device Profile: [Windows]
[2017.10.28-18.44.56:730][  0]LogContentStreaming: Texture pool size is 0.00 MB
[2017.10.28-18.45.07:232][  0]LogSimplygon: Simplygon DLL not present - disabling.
[2017.10.28-18.45.07:916][  0]LogMeshReduction: Using SimplygonSwarm for distributed automatic mesh merging
[2017.10.28-18.45.07:950][  0]LogMeshReduction: Using QuadricMeshReduction for automatic static mesh reduction
[2017.10.28-18.45.07:950][  0]LogMeshReduction: No automatic skeletal mesh reduction module available
[2017.10.28-18.45.07:950][  0]LogMeshReduction: No automatic mesh merging module available
[2017.10.28-18.45.07:950][  0]LogMeshMerging: No automatic mesh merging module available
[2017.10.28-18.45.34:145][  0]LogNetVersion: Krispy , NetCL: 3573198, EngineNetVer: 2, GameNetVer: 0 (Checksum: 3684103045)
[2017.10.28-18.45.46:518][  0]LogPackageLocalizationCache: Processed 5 localized package path(s) for 1 prioritized culture(s) in 0.503917 seconds
[2017.10.28-18.45.46:615][  0]LogUObjectArray: 35825 objects as part of root set at end of initial load.
[2017.10.28-18.45.46:615][  0]LogUObjectAllocator: 7529112 out of 0 bytes used by permanent object pool.
[2017.10.28-18.45.46:615][  0]LogUObjectArray: CloseDisregardForGC: 0/0 objects in disregard for GC pool
[2017.10.28-18.45.46:916][  0]LogInit: WinSock: version 1.1 (2.2), MaxSocks=32767, MaxUdp=65467
[2017.10.28-18.48.13:894][  0]LogTcpMessaging: Initializing TcpMessaging bridge
[2017.10.28-18.48.14:160][  0]LogUdpMessaging: Initializing bridge on interface 0.0.0.0:0 to multicast group 230.0.0.1:6666.
[2017.10.28-18.48.20:323][  0]LogMaterial: Uniform references updated for custom material expression Custom.
[2017.10.28-18.48.25:556][  0]SourceControl: Source control is disabled
[2017.10.28-18.48.25:573][  0]SourceControl: Source control is disabled
[2017.10.28-18.48.26:660][  0]SourceControl: Source control is disabled
[2017.10.28-18.48.27:771][  0]SourceControl: Source control is disabled
[2017.10.28-18.48.32:659][  0]LogAndroidPermission: UAndroidPermissionCallbackProxy::GetInstance
[2017.10.28-18.48.33:583][  0]LogOcInput: OculusInput pre-init called
[2017.10.28-18.48.35:662][  0]LogEngine: Initializing Engine...
[2017.10.28-18.48.35:912][  0]LogHMD: Failed to initialize OpenVR with code 110
[2017.10.28-18.48.37:762][  0]LogStats: UGameplayTagsManager::ConstructGameplayTagTree: Construct from data asset -  0.000 s
[2017.10.28-18.48.37:762][  0]LogStats: UGameplayTagsManager::ConstructGameplayTagTree: GameplayTagTreeChangedEvent.Broadcast -  0.000 s
[2017.10.28-18.48.40:439][  0]LogAIModule: Creating AISystem for world Untitled
[2017.10.28-18.48.40:854][  0]LogInit: XAudio2 using 'Altavoces (Conexant SmartAudio HD)' : 2 channels at 44.1 kHz using 32 bits per sample (channel mask 0x3)
[2017.10.28-18.48.41:160][  0]LogInit: FAudioDevice initialized.
[2017.10.28-18.48.41:955][  0]LogDerivedDataCache: Saved boot cache 0.70s 93MB C:/Users/crist/AppData/Local/UnrealEngine/4.17/DerivedDataCache/Boot.ddc.
[2017.10.28-18.48.42:030][  0]LogInit: Texture streaming: Enabled
[2017.10.28-18.48.44:803][  0]LogEngineSessionManager: EngineSessionManager initialized
[2017.10.28-18.48.50:874][  0]LogInit: Transaction tracking system initialized
[2017.10.28-18.48.54:193][  0]BlueprintLog: New page: Editor Load
[2017.10.28-18.49.08:850][  0]LocalizationService: Localization service is disabled
[2017.10.28-18.49.24:665][  0]LogConsoleResponse: Display: 
[2017.10.28-18.49.46:174][  0]LogCook: Display: Max memory allowance for cook 16384mb min free memory 0mb
[2017.10.28-18.49.46:242][  0]LogFileCache: Scanning file cache for directory 'C:/Users/crist/OneDrive/Documentos/Unreal Projects/Krispy/Content/' took 0.41s
[2017.10.28-18.49.46:242][  0]LogCook: Display: Mobile HDR setting 1
[2017.10.28-18.49.46:400][  0]LogGameplayTags: Display: UGameplayTagsManager::DoneAddingNativeTags. DelegateIsBound: 0
[2017.10.28-18.49.59:017][  0]SourceControl: Source control is disabled
[2017.10.28-18.49.59:440][  0]Cmd: MAP LOAD FILE="../../../Engine/Content/Maps/Templates/Template_Default.umap" TEMPLATE=1 SHOWPROGRESS=1 FEATURELEVEL=3
[2017.10.28-18.49.59:758][  0]LightingResults: New page: Lighting Build
[2017.10.28-18.50.00:638][  0]MapCheck: New page: Map Check
[2017.10.28-18.50.00:638][  0]LightingResults: New page: Lighting Build
[2017.10.28-18.50.09:216][  0]LogAIModule: Creating AISystem for world Untitled_1
[2017.10.28-18.50.12:755][  0]LogEditorServer: Finished looking for orphan Actors (0.000 secs)
[2017.10.28-18.50.13:203][  0]Cmd: MAP CHECKDEP NOCLEARLOG
[2017.10.28-18.50.16:817][  0]MapCheck: Map check complete: 0 Error(s), 0 Warning(s), took 3.613,925ms to complete.
[2017.10.28-18.50.16:817][  0]LogFileHelpers: Loading map 'Template_Default' took 17.588
[2017.10.28-18.50.37:960][  0]LogCollectionManager: Loaded 0 collections in 0.047361 seconds
[2017.10.28-18.50.40:457][  0]LogFileCache: Scanning file cache for directory 'C:/Users/crist/OneDrive/Documentos/Unreal Projects/Krispy/Saved/Collections/' took 0.01s
[2017.10.28-18.50.40:457][  0]LogFileCache: Scanning file cache for directory 'C:/Users/crist/OneDrive/Documentos/Unreal Projects/Krispy/Content/Developers/crist/Collections/' took 0.01s
[2017.10.28-18.50.40:457][  0]LogFileCache: Scanning file cache for directory 'C:/Users/crist/OneDrive/Documentos/Unreal Projects/Krispy/Content/Collections/' took 0.01s
[2017.10.28-18.50.40:457][  0]LogCollectionManager: Rebuilt the GUID cache for 0 collections in 0.000001 seconds
[2017.10.28-18.50.40:832][  0]LogContentBrowser: Native class hierarchy populated in 0.3255 seconds. Added 2388 classes and 502 folders.
[2017.10.28-18.50.41:973][  0]LogContentBrowser: Native class hierarchy updated for 'WidgetCarousel' in 0.0025 seconds. Added 0 classes and 0 folders.
[2017.10.28-18.50.51:601][  0]LogContentBrowser: Native class hierarchy updated for 'AddContentDialog' in 0.0027 seconds. Added 0 classes and 0 folders.
[2017.10.28-18.50.52:955][  0]LogContentBrowser: Native class hierarchy updated for 'SceneOutliner' in 0.0028 seconds. Added 1 classes and 2 folders.
[2017.10.28-18.51.08:242][  0]LogSlate: Took 0.929059 seconds to synchronously load lazily loaded font '../../../Engine/Content/Slate/Fonts/Roboto-Regular.ttf' (155K)
[2017.10.28-18.51.08:768][  0]LogSlate: Took 0.114000 seconds to synchronously load lazily loaded font '../../../Engine/Content/Slate/Fonts/Roboto-Bold.ttf' (160K)
[2017.10.28-18.51.09:672][  0]LogSlate: Took 0.035400 seconds to synchronously load lazily loaded font '../../../Engine/Content/Editor/Slate/Fonts/FontAwesome.ttf' (139K)
[2017.10.28-18.51.26:420][  0]LogRenderer: Reallocating scene render targets to support 856x372 Format 10 NumSamples 1 (Frame:1).
[2017.10.28-18.51.46:091][  0]LogContentBrowser: Native class hierarchy updated for 'HierarchicalLODOutliner' in 0.0104 seconds. Added 1 classes and 2 folders.
[2017.10.28-18.51.46:091][  0]LogLoad: (Engine Initialization) Total time: 545.43 seconds
[2017.10.28-18.51.46:091][  0]LogLoad: (Engine Initialization) Total Blueprint compile time: 0.00 seconds
[2017.10.28-18.51.46:160][  0]LogExternalProfiler: No external profilers were discovered.  External profiling features will not be available.
[2017.10.28-18.51.49:157][  0]LogContentStreaming: Texture pool size now 1000 MB
[2017.10.28-18.51.55:245][ 13]LogAssetRegistry: Asset discovery search completed in 443.9075 seconds
[2017.10.28-18.51.55:298][ 13]LogCollectionManager: Rebuilt the object cache for 0 collections in 0.000001 seconds (found 0 objects)
[2017.10.28-18.51.55:299][ 13]LogCollectionManager: Fixed up redirectors for 0 collections in 0.010906 seconds (updated 0 objects)
[2017.10.28-18.51.58:667][ 22]LogSlate: Took 0.007300 seconds to synchronously load lazily loaded font '../../../Engine/Content/Slate/Fonts/Roboto-Light.ttf' (159K)
[2017.10.28-18.52.02:807][ 74]LogSlate: Took 0.006058 seconds to synchronously load lazily loaded font '../../../Engine/Content/Slate/Fonts/Roboto-Light.ttf' (159K)
[2017.10.28-18.52.03:661][ 74]LogSlate: Took 0.000394 seconds to synchronously load lazily loaded font '../../../Engine/Content/Slate/Fonts/Roboto-Regular.ttf' (155K)
[2017.10.28-18.52.07:258][ 74]LogContentBrowser: Native class hierarchy updated for 'BlueprintGraph' in 0.0292 seconds. Added 113 classes and 0 folders.
[2017.10.28-18.52.47:689][219]LogSlate: Took 0.090091 seconds to synchronously load lazily loaded font '../../../Engine/Content/Editor/Slate/Fonts/Roboto-BoldCondensed.ttf' (158K)
[2017.10.28-18.52.54:179][257]LogRenderer: Reallocating scene render targets to support 856x464 Format 10 NumSamples 1 (Frame:1).
[2017.10.28-18.52.55:549][266]LogSlate: Took 0.152568 seconds to synchronously load lazily loaded font '../../../Engine/Content/Editor/Slate/Fonts/Roboto-Italic.ttf' (157K)
[2017.10.28-18.53.28:887][222]LogSlate: Took 0.000383 seconds to synchronously load lazily loaded font '../../../Engine/Content/Slate/Fonts/Roboto-Light.ttf' (159K)
[2017.10.28-18.54.35:714][279]BlueprintLog: New page: Compile BP_Krispy
[2017.10.28-18.55.20:038][723]Cmd: OBJ SAVEPACKAGE PACKAGE="/Game/Blueprints/BP_Krispy" FILE="../../../../../../Users/crist/OneDrive/Documentos/Unreal Projects/Krispy/Content/Blueprints/BP_Krispy.uasset" SILENT=true
[2017.10.28-18.55.22:249][723]LogSavePackage: Save=1943.57ms
[2017.10.28-18.55.22:249][723]LogSavePackage: Moving '../../../../../../Users/crist/OneDrive/Documentos/Unreal Projects/Krispy/Saved/BP_KrispyE72C43EF428F74DD2519DE8348BBA4E8.tmp' to '../../../../../../Users/crist/OneDrive/Documentos/Unreal Projects/Krispy/Content/Blueprints/BP_Krispy.uasset'
[2017.10.28-18.55.22:519][723]LogSavePackage: Display: Finished SavePackage ../../../../../../Users/crist/OneDrive/Documentos/Unreal Projects/Krispy/Content/Blueprints/BP_Krispy.uasset
[2017.10.28-18.56.39:149][439]LogContentBrowser: Verbose: The majority of assets in the view are of type: Skeleton
[2017.10.28-18.57.20:389][542]LogContentBrowser: Native class hierarchy updated for 'SkeletonEditor' in 0.1281 seconds. Added 1 classes and 2 folders.
[2017.10.28-18.57.23:295][542]LogActorComponent: RegisterComponentWithWorld: (/Engine/Transient.World_7:PersistentLevel.Actor_0.DebugSkelMeshComponent_0) Already registered. Aborting.
[2017.10.28-18.57.33:633][542]LogSkeletalMesh: USkeletalMeshComponent::InitArticulated : Bodies already created (/Engine/Transient.World_7:PersistentLevel.Actor_0.DebugSkelMeshComponent_0) - call TermArticulated first.
[2017.10.28-18.57.36:914][542]LogContentBrowser: Native class hierarchy updated for 'ClothingSystemEditorInterface' in 0.0179 seconds. Added 1 classes and 0 folders.
[2017.10.28-18.57.38:502][542]LogContentBrowser: Verbose: The majority of assets in the view are of type: AnimSequence
[2017.10.28-18.58.11:331][ 10]BlueprintLog: New page: Compile AB_Krispy_stand
[2017.10.28-18.58.29:945][182]Cmd: OBJ SAVEPACKAGE PACKAGE="/Game/Blueprints/AB_Krispy_stand" FILE="../../../../../../Users/crist/OneDrive/Documentos/Unreal Projects/Krispy/Content/Blueprints/AB_Krispy_stand.uasset" SILENT=true
[2017.10.28-18.58.30:011][182]LogSavePackage: Save=62.02ms
[2017.10.28-18.58.30:011][182]LogSavePackage: Moving '../../../../../../Users/crist/OneDrive/Documentos/Unreal Projects/Krispy/Saved/AB_Krispy_stand70A775A84E668639A953E1B4F06FA9C8.tmp' to '../../../../../../Users/crist/OneDrive/Documentos/Unreal Projects/Krispy/Content/Blueprints/AB_Krispy_stand.uasset'
[2017.10.28-18.58.30:066][182]LogSavePackage: Display: Finished SavePackage ../../../../../../Users/crist/OneDrive/Documentos/Unreal Projects/Krispy/Content/Blueprints/AB_Krispy_stand.uasset
[2017.10.28-18.59.14:134][806]LogSlate: Warning: Prevented a slow task dialog from being summoned while a context menu was open
[2017.10.28-18.59.28:495][988]BlueprintLog: New page: Compile BP_Krispy
[2017.10.28-18.59.30:079][  4]Cmd: OBJ SAVEPACKAGE PACKAGE="/Game/Blueprints/BP_Krispy" FILE="../../../../../../Users/crist/OneDrive/Documentos/Unreal Projects/Krispy/Content/Blueprints/BP_Krispy.uasset" SILENT=true
[2017.10.28-18.59.30:131][  4]LogSavePackage: Save=46.07ms
[2017.10.28-18.59.30:131][  4]LogSavePackage: Moving '../../../../../../Users/crist/OneDrive/Documentos/Unreal Projects/Krispy/Saved/BP_KrispyCD5EBD1448F512386F8D6DA292696E6F.tmp' to '../../../../../../Users/crist/OneDrive/Documentos/Unreal Projects/Krispy/Content/Blueprints/BP_Krispy.uasset'
[2017.10.28-18.59.30:139][  4]LogSavePackage: Display: Finished SavePackage ../../../../../../Users/crist/OneDrive/Documentos/Unreal Projects/Krispy/Content/Blueprints/BP_Krispy.uasset
[2017.10.28-19.00.34:504][947]LogSlate: Warning: Prevented a slow task dialog from being summoned while a context menu was open
[2017.10.28-19.02.03:331][197]LogFileHelpers: Editor autosave (incl. sublevels) for '/Temp/Untitled_1' took 0.019
[2017.10.28-19.02.03:410][197]OBJ SavePackage: Generating thumbnails for [0] asset(s) in package [/Game/Blueprints/BG_GameMode] ([1] browsable assets)...
[2017.10.28-19.02.03:410][197]OBJ SavePackage: Finished generating thumbnails for package [/Game/Blueprints/BG_GameMode]
[2017.10.28-19.02.03:464][197]LogSavePackage: Save=12.81ms
[2017.10.28-19.02.03:472][197]LogSavePackage: Moving '../../../../../../Users/crist/OneDrive/Documentos/Unreal Projects/Krispy/Saved/BG_GameMode_Auto18B0871E2439A65B0D98A4EA170E51DAB.tmp' to '../../../../../../Users/crist/OneDrive/Documentos/Unreal Projects/Krispy/Saved/Autosaves/Game/Blueprints/BG_GameMode_Auto1.uasset'
[2017.10.28-19.02.03:477][197]LogSavePackage: Display: Finished SavePackage ../../../../../../Users/crist/OneDrive/Documentos/Unreal Projects/Krispy/Saved/Autosaves/Game/Blueprints/BG_GameMode_Auto1.uasset
[2017.10.28-19.02.03:477][197]LogFileHelpers: Auto-saving content packages took 0.132
[2017.10.28-19.02.33:869][442]LogSlate: Warning: Prevented a slow task dialog from being summoned while a context menu was open
[2017.10.28-19.02.45:823][646]BlueprintLog: New page: Compile BG_GameMode
[2017.10.28-19.02.47:121][664]Cmd: OBJ SAVEPACKAGE PACKAGE="/Game/Blueprints/BG_GameMode" FILE="../../../../../../Users/crist/OneDrive/Documentos/Unreal Projects/Krispy/Content/Blueprints/BG_GameMode.uasset" SILENT=true
[2017.10.28-19.02.47:184][664]LogSavePackage: Save=58.25ms
[2017.10.28-19.02.47:184][664]LogSavePackage: Moving '../../../../../../Users/crist/OneDrive/Documentos/Unreal Projects/Krispy/Saved/BG_GameModeA5432AAD491833BEEA71A7A5123563F0.tmp' to '../../../../../../Users/crist/OneDrive/Documentos/Unreal Projects/Krispy/Content/Blueprints/BG_GameMode.uasset'
[2017.10.28-19.02.47:191][664]LogSavePackage: Display: Finished SavePackage ../../../../../../Users/crist/OneDrive/Documentos/Unreal Projects/Krispy/Content/Blueprints/BG_GameMode.uasset
[2017.10.28-19.04.04:367][649]LogEditorViewport: Clicking on Actor (LMB): StaticMeshActor (Floor)
[2017.10.28-19.06.12:445][140]LogSlate: Warning: Prevented a slow task dialog from being summoned while a context menu was open
[2017.10.28-19.06.45:222][495]LogTemp: Repeating last play command: Selected Viewport
[2017.10.28-19.06.46:033][495]LogPlayLevel: PlayLevel: No blueprints needed recompiling
[2017.10.28-19.06.46:667][495]PIE: New page: PIE session: Untitled_1 (28-10-2017 13:06:46)
[2017.10.28-19.06.46:781][495]LogPlayLevel: Creating play world package: /Temp/UEDPIE_0_Untitled_1
[2017.10.28-19.06.47:422][495]LogPlayLevel: PIE: StaticDuplicateObject took: (0.640700s)
[2017.10.28-19.06.47:508][495]LogAIModule: Creating AISystem for world Untitled_1
[2017.10.28-19.06.47:717][495]LogPlayLevel: PIE: World Init took: (0.294344s)
[2017.10.28-19.06.47:738][495]LogPlayLevel: PIE: Created PIE world by copying editor world from /Temp/Untitled_1.Untitled_1 to /Temp/UEDPIE_0_Untitled_1.Untitled_1 (0.983068s)
[2017.10.28-19.06.48:066][495]LogInit: XAudio2 using 'Altavoces (Conexant SmartAudio HD)' : 2 channels at 44.1 kHz using 32 bits per sample (channel mask 0x3)
[2017.10.28-19.06.48:245][495]LogInit: FAudioDevice initialized.
[2017.10.28-19.06.48:585][495]LogLoad: Game class is 'BG_GameMode_C'
[2017.10.28-19.06.48:725][495]LogWorld: Bringing World /Temp/UEDPIE_0_Untitled_1.Untitled_1 up for play (max tick rate 60) at 2017.10.28-16.06.48
[2017.10.28-19.06.48:736][495]LogWorld: Bringing up level for play took: 0.144820
[2017.10.28-19.06.50:928][495]LogContentBrowser: Native class hierarchy updated for 'MovieSceneCapture' in 0.0032 seconds. Added 11 classes and 0 folders.
[2017.10.28-19.06.51:222][495]PIE: Play in editor start time for /Temp/UEDPIE_0_Untitled_1 6,05
[2017.10.28-19.07.59:268][763]LogTemp: Executing iPhonePackager certificates Engine -bundlename com.YourCompany.Krispy
[2017.10.28-19.07.59:268][763]LogTemp: CWD: C:\Program Files\Epic Games\UE_4.17\Engine\Binaries\DotNET\IOS
[2017.10.28-19.07.59:268][763]LogTemp: Initial Dir: C:\Program Files\Epic Games\UE_4.17
[2017.10.28-19.07.59:268][763]LogTemp: Env CWD: C:\Program Files\Epic Games\UE_4.17\Engine\Binaries\DotNET\IOS
[2017.10.28-19.07.59:601][764]LogTemp: BranchPath = DESKTOP-J1B6B5G/C/Program Files/Epic Games/UE_4.17/Engine/Binaries --- GameBranchPath = DESKTOP-J1B6B5G/C/Program Files/Epic Games/UE_4.17/Engine/Binaries
[2017.10.28-19.08.00:266][766]LogTemp: IPP ERROR: Could not find provision directory 'C:\Users\crist\AppData\Local/Apple Computer/MobileDevice/Provisioning Profiles/'.
[2017.10.28-19.09.19:601][282]LogTemp: Repeating last play command: Selected Viewport
[2017.10.28-19.09.19:634][282]LogPlayLevel: PlayLevel: No blueprints needed recompiling
[2017.10.28-19.09.19:635][282]PIE: New page: PIE session: Untitled_1 (28-10-2017 13:09:19)
[2017.10.28-19.09.19:635][282]LogPlayLevel: Creating play world package: /Temp/UEDPIE_0_Untitled_1
[2017.10.28-19.09.19:654][282]LogPlayLevel: PIE: StaticDuplicateObject took: (0.019136s)
[2017.10.28-19.09.19:656][282]LogAIModule: Creating AISystem for world Untitled_1
[2017.10.28-19.09.19:657][282]LogPlayLevel: PIE: World Init took: (0.002650s)
[2017.10.28-19.09.19:658][282]LogPlayLevel: PIE: Created PIE world by copying editor world from /Temp/Untitled_1.Untitled_1 to /Temp/UEDPIE_0_Untitled_1.Untitled_1 (0.023330s)
[2017.10.28-19.09.19:776][282]LogInit: XAudio2 using 'Altavoces (Conexant SmartAudio HD)' : 2 channels at 44.1 kHz using 32 bits per sample (channel mask 0x3)
[2017.10.28-19.09.19:798][282]LogInit: FAudioDevice initialized.
[2017.10.28-19.09.19:861][282]LogLoad: Game class is 'BG_GameMode_C'
[2017.10.28-19.09.19:863][282]LogWorld: Bringing World /Temp/UEDPIE_0_Untitled_1.Untitled_1 up for play (max tick rate 60) at 2017.10.28-16.09.19
[2017.10.28-19.09.19:864][282]LogWorld: Bringing up level for play took: 0.001621
[2017.10.28-19.09.19:866][282]PIE: Play in editor start time for /Temp/UEDPIE_0_Untitled_1 0,703
[2017.10.28-19.10.38:980][790]Cmd: CLOSE_SLATE_MAINFRAME
[2017.10.28-19.11.43:621][790]Cmd: OBJ SAVEPACKAGE PACKAGE="/Game/Level_1" FILE="../../../../../../Users/crist/OneDrive/Documentos/Unreal Projects/Krispy/Content/Level_1.umap" SILENT=true AUTOSAVING=false KEEPDIRTY=false
[2017.10.28-19.11.44:459][790]LogSavePackage: Save=123.64ms
[2017.10.28-19.11.44:460][790]LogSavePackage: Moving '../../../../../../Users/crist/OneDrive/Documentos/Unreal Projects/Krispy/Saved/Level_1F5054353407E9337D283A6B20366BCCE.tmp' to '../../../../../../Users/crist/OneDrive/Documentos/Unreal Projects/Krispy/Content/Level_1.umap'
[2017.10.28-19.11.44:468][790]LogSavePackage: Display: Finished SavePackage ../../../../../../Users/crist/OneDrive/Documentos/Unreal Projects/Krispy/Content/Level_1.umap
[2017.10.28-19.11.45:023][790]LogFileHelpers: Saving map 'Level_1' took 53.988
[2017.10.28-19.11.47:778][791]Cmd: QUIT_EDITOR
[2017.10.28-19.11.52:611][791]LogWindowsTextInputMethodSystem: Display: IME system now deactivated.
[2017.10.28-19.11.53:523][791]LogExit: Preparing to exit.
[2017.10.28-19.11.59:064][791]LogDirectoryWatcher: A directory notification for 'C:/Users/crist/OneDrive/Documentos/Unreal Projects/Krispy/Content/' was aborted.
[2017.10.28-19.12.09:222][791]LogExit: Editor shut down
[2017.10.28-19.12.09:651][791]LogExit: Transaction tracking system shut down
[2017.10.28-19.12.19:438][791]LogDirectoryWatcher: A directory notification for '../../../Engine/Content/' was aborted.
[2017.10.28-19.12.19:438][791]LogDirectoryWatcher: A directory notification for '../../../../../../Users/crist/OneDrive/Documentos/Unreal Projects/Krispy/Content/' was aborted.
[2017.10.28-19.12.19:439][791]LogDirectoryWatcher: A directory notification for '../../../Engine/Plugins/2D/Paper2D/Content/' was aborted.
[2017.10.28-19.12.19:439][791]LogDirectoryWatcher: A directory notification for '../../../Engine/Plugins/Runtime/Oculus/OculusVR/Content/' was aborted.
[2017.10.28-19.12.19:439][791]LogDirectoryWatcher: A directory notification for '../../../Engine/Plugins/Runtime/Steam/SteamVR/Content/' was aborted.
[2017.10.28-19.12.47:833][791]LogExit: Object subsystem successfully closed.
[2017.10.28-19.12.51:848][791]LogD3D11RHI: Shutdown
[2017.10.28-19.12.51:850][791]LogD3D11RHI: CleanupD3DDevice
[2017.10.28-19.12.55:624][791]LogD3D11RHI: ~FD3D11DynamicRHI
[2017.10.28-19.13.03:920][791]LogModuleManager: Shutting down and abandoning module ExternalImagePicker (546)
[2017.10.28-19.13.03:920][791]LogModuleManager: Shutting down and abandoning module MovieSceneCapture (544)
[2017.10.28-19.13.03:920][791]LogModuleManager: Shutting down and abandoning module ClothingSystemEditorInterface (542)
[2017.10.28-19.13.03:920][791]LogModuleManager: Shutting down and abandoning module SkeletonEditor (540)
[2017.10.28-19.13.03:943][791]LogModuleManager: Shutting down and abandoning module AnimationBlueprintEditor (538)
[2017.10.28-19.13.03:943][791]LogModuleManager: Shutting down and abandoning module BlueprintGraph (536)
[2017.10.28-19.13.03:943][791]LogModuleManager: Shutting down and abandoning module BlueprintProfiler (534)
[2017.10.28-19.13.04:150][791]LogModuleManager: Shutting down and abandoning module HierarchicalLODOutliner (532)
[2017.10.28-19.13.04:150][791]LogModuleManager: Shutting down and abandoning module SceneOutliner (530)
[2017.10.28-19.13.04:172][791]LogModuleManager: Shutting down and abandoning module AddContentDialog (528)
[2017.10.28-19.13.04:638][791]LogDirectoryWatcher: A directory notification for 'C:/Program Files/Epic Games/UE_4.17/FeaturePacks/' was aborted.
[2017.10.28-19.13.06:358][791]LogModuleManager: Shutting down and abandoning module WidgetCarousel (527)
[2017.10.28-19.13.06:358][791]LogModuleManager: Shutting down and abandoning module EditorWidgets (524)
[2017.10.28-19.13.06:358][791]LogModuleManager: Shutting down and abandoning module CollectionManager (522)
[2017.10.28-19.13.06:517][791]LogDirectoryWatcher: A directory notification for 'C:/Users/crist/OneDrive/Documentos/Unreal Projects/Krispy/Content/Collections/' was aborted.
[2017.10.28-19.13.06:517][791]LogDirectoryWatcher: A directory notification for 'C:/Users/crist/OneDrive/Documentos/Unreal Projects/Krispy/Content/Developers/crist/Collections/' was aborted.
[2017.10.28-19.13.06:517][791]LogDirectoryWatcher: A directory notification for 'C:/Users/crist/OneDrive/Documentos/Unreal Projects/Krispy/Saved/Collections/' was aborted.
[2017.10.28-19.13.06:517][791]LogModuleManager: Shutting down and abandoning module StatsViewer (520)
[2017.10.28-19.13.06:691][791]LogModuleManager: Shutting down and abandoning module FoliageEdit (518)
[2017.10.28-19.13.06:715][791]LogModuleManager: Shutting down and abandoning module LandscapeEditor (516)
[2017.10.28-19.13.07:165][791]LogModuleManager: Shutting down and abandoning module MeshPaintMode (514)
[2017.10.28-19.13.07:267][791]LogModuleManager: Shutting down and abandoning module SceneDepthPickerMode (512)
[2017.10.28-19.13.07:267][791]LogModuleManager: Shutting down and abandoning module ActorPickerMode (510)
[2017.10.28-19.13.07:267][791]LogModuleManager: Shutting down and abandoning module GeometryMode (508)
[2017.10.28-19.13.07:267][791]LogModuleManager: Shutting down and abandoning module TextureAlignMode (506)
[2017.10.28-19.13.07:267][791]LogModuleManager: Shutting down and abandoning module BspMode (504)
[2017.10.28-19.13.07:347][791]LogModuleManager: Shutting down and abandoning module PIEPreviewDeviceProfileSelector (502)
[2017.10.28-19.13.07:347][791]LogModuleManager: Shutting down and abandoning module HardwareSurvey (500)
[2017.10.28-19.13.07:381][791]LogModuleManager: Shutting down and abandoning module SequenceRecorderSections (498)
[2017.10.28-19.13.07:412][791]LogModuleManager: Shutting down and abandoning module AutomationWorker (496)
[2017.10.28-19.13.07:527][791]LogModuleManager: Shutting down and abandoning module MatineeToLevelSequence (494)
[2017.10.28-19.13.07:618][791]LogModuleManager: Shutting down and abandoning module LevelSequenceEditor (492)
[2017.10.28-19.13.07:772][791]LogModuleManager: Shutting down and abandoning module PlacementMode (491)
[2017.10.28-19.13.07:773][791]LogModuleManager: Shutting down and abandoning module WmfMediaFactory (488)
[2017.10.28-19.13.07:773][791]LogModuleManager: Shutting down and abandoning module WmfMediaEditor (486)
[2017.10.28-19.13.07:773][791]LogModuleManager: Shutting down and abandoning module AvfMediaFactory (484)
[2017.10.28-19.13.07:773][791]LogModuleManager: Shutting down and abandoning module AvfMediaEditor (482)
[2017.10.28-19.13.07:773][791]LogModuleManager: Shutting down and abandoning module AndroidMediaFactory (480)
[2017.10.28-19.13.07:796][791]LogModuleManager: Shutting down and abandoning module Media (479)
[2017.10.28-19.13.07:796][791]LogModuleManager: Shutting down and abandoning module AndroidMediaEditor (476)
[2017.10.28-19.13.07:796][791]LogModuleManager: Shutting down and abandoning module CharacterAI (474)
[2017.10.28-19.13.07:796][791]LogModuleManager: Shutting down and abandoning module AudioCapture (472)
[2017.10.28-19.13.07:840][791]LogModuleManager: Shutting down and abandoning module SequenceRecorder (471)
[2017.10.28-19.13.07:920][791]LogModuleManager: Shutting down and abandoning module SmartSnapping (468)
[2017.10.28-19.13.07:920][791]LogModuleManager: Shutting down and abandoning module SessionServices (466)
[2017.10.28-19.13.07:920][791]LogModuleManager: Shutting down and abandoning module ViewportSnapping (464)
[2017.10.28-19.13.07:920][791]LogModuleManager: Shutting down and abandoning module ViewportInteraction (462)
[2017.10.28-19.13.07:920][791]LogModuleManager: Shutting down and abandoning module ClothPainter (460)
[2017.10.28-19.13.08:059][791]LogModuleManager: Shutting down and abandoning module LogVisualizer (458)
[2017.10.28-19.13.08:242][791]LogModuleManager: Shutting down and abandoning module IntroTutorials (456)
[2017.10.28-19.13.08:937][791]LogModuleManager: Shutting down and abandoning module GameProjectGeneration (455)
[2017.10.28-19.13.09:234][791]LogModuleManager: Shutting down and abandoning module IOSPlatformEditor (452)
[2017.10.28-19.13.09:234][791]LogModuleManager: Shutting down and abandoning module HTML5PlatformEditor (450)
[2017.10.28-19.13.09:234][791]LogModuleManager: Shutting down and abandoning module AndroidPlatformEditor (448)
[2017.10.28-19.13.09:234][791]LogModuleManager: Shutting down and abandoning module AndroidDeviceDetection (447)
[2017.10.28-19.13.10:116][791]LogModuleManager: Shutting down and abandoning module WindowsPlatformEditor (444)
[2017.10.28-19.13.10:116][791]LogModuleManager: Shutting down and abandoning module IOSRuntimeSettings (442)
[2017.10.28-19.13.10:117][791]LogModuleManager: Shutting down and abandoning module AndroidRuntimeSettings (440)
[2017.10.28-19.13.10:117][791]LogModuleManager: Shutting down and abandoning module InputBindingEditor (438)
[2017.10.28-19.13.10:117][791]LogModuleManager: Shutting down and abandoning module MergeActors (436)
[2017.10.28-19.13.10:144][791]LogModuleManager: Shutting down and abandoning module SizeMap (434)
[2017.10.28-19.13.10:171][791]LogModuleManager: Shutting down and abandoning module TreeMap (432)
[2017.10.28-19.13.10:203][791]LogModuleManager: Shutting down and abandoning module ReferenceViewer (430)
[2017.10.28-19.13.10:249][791]LogModuleManager: Shutting down and abandoning module LocalizationDashboard (428)
[2017.10.28-19.13.10:358][791]LogModuleManager: Shutting down and abandoning module LocalizationService (427)
[2017.10.28-19.13.10:403][791]LogModuleManager: Shutting down and abandoning module HardwareTargeting (424)
[2017.10.28-19.13.10:403][791]LogModuleManager: Shutting down and abandoning module DeviceProfileEditor (422)
[2017.10.28-19.13.10:448][791]LogModuleManager: Shutting down and abandoning module UndoHistory (420)
[2017.10.28-19.13.10:472][791]LogModuleManager: Shutting down and abandoning module XmlParser (418)
[2017.10.28-19.13.10:510][791]LogModuleManager: Shutting down and abandoning module Blutility (416)
[2017.10.28-19.13.10:548][791]LogModuleManager: Shutting down and abandoning module ProjectSettingsViewer (414)
[2017.10.28-19.13.10:548][791]LogModuleManager: Shutting down and abandoning module ProjectTargetPlatformEditor (413)
[2017.10.28-19.13.10:580][791]LogModuleManager: Shutting down and abandoning module EditorSettingsViewer (410)
[2017.10.28-19.13.10:580][791]LogModuleManager: Shutting down and abandoning module SettingsEditor (408)
[2017.10.28-19.13.10:581][791]LogModuleManager: Shutting down and abandoning module ProjectLauncher (406)
[2017.10.28-19.13.10:882][791]LogModuleManager: Shutting down and abandoning module SessionFrontend (404)
[2017.10.28-19.13.10:896][791]LogModuleManager: Shutting down and abandoning module ProfilerClient (402)
[2017.10.28-19.13.10:951][791]LogModuleManager: Shutting down and abandoning module DeviceManager (400)
[2017.10.28-19.13.10:979][791]LogModuleManager: Shutting down and abandoning module TargetDeviceServices (399)
[2017.10.28-19.13.11:151][791]LogModuleManager: Shutting down and abandoning module AutomationController (396)
[2017.10.28-19.13.11:420][791]LogModuleManager: Shutting down and abandoning module AutomationWindow (394)
[2017.10.28-19.13.11:500][791]LogModuleManager: Shutting down and abandoning module Layers (392)
[2017.10.28-19.13.11:535][791]LogModuleManager: Shutting down and abandoning module ComponentVisualizers (390)
[2017.10.28-19.13.11:535][791]LogModuleManager: Shutting down and abandoning module DetailCustomizations (388)
[2017.10.28-19.13.11:559][791]LogModuleManager: Shutting down and abandoning module PackagesDialog (386)
[2017.10.28-19.13.11:559][791]LogModuleManager: Shutting down and abandoning module Persona (384)
[2017.10.28-19.13.11:579][791]LogModuleManager: Shutting down and abandoning module AdvancedPreviewScene (383)
[2017.10.28-19.13.11:579][791]LogModuleManager: Shutting down and abandoning module AnimGraph (381)
[2017.10.28-19.13.11:612][791]LogModuleManager: Shutting down and abandoning module Kismet (378)
[2017.10.28-19.13.11:664][791]LogModuleManager: Shutting down and abandoning module ClassViewer (376)
[2017.10.28-19.13.11:666][791]LogModuleManager: Shutting down and abandoning module Toolbox (374)
[2017.10.28-19.13.11:691][791]LogModuleManager: Shutting down and abandoning module ModuleUI (372)
[2017.10.28-19.13.11:711][791]LogModuleManager: Shutting down and abandoning module MovieSceneTools (370)
[2017.10.28-19.13.11:877][791]LogModuleManager: Shutting down and abandoning module OutputLog (368)
[2017.10.28-19.13.11:898][791]LogModuleManager: Shutting down and abandoning module GammaUI (366)
[2017.10.28-19.13.11:925][791]LogModuleManager: Shutting down and abandoning module Documentation (364)
[2017.10.28-19.13.11:926][791]LogModuleManager: Shutting down and abandoning module MovieSceneTracks (362)
[2017.10.28-19.13.11:926][791]LogModuleManager: Shutting down and abandoning module MovieScene (360)
[2017.10.28-19.13.11:926][791]LogModuleManager: Shutting down and abandoning module Niagara (358)
[2017.10.28-19.13.11:926][791]LogModuleManager: Shutting down and abandoning module NiagaraEditor (357)
[2017.10.28-19.13.12:101][791]LogModuleManager: Shutting down and abandoning module StreamingPauseRendering (354)
[2017.10.28-19.13.12:126][791]LogModuleManager: Shutting down and abandoning module LauncherPlatform (352)
[2017.10.28-19.13.12:126][791]LogModuleManager: Shutting down and abandoning module AnalyticsET (350)
[2017.10.28-19.13.12:126][791]LogModuleManager: Shutting down and abandoning module PortalServices (348)
[2017.10.28-19.13.12:126][791]LogModuleManager: Shutting down and abandoning module PortalRpc (346)
[2017.10.28-19.13.12:126][791]LogModuleManager: Shutting down and abandoning module MessagingRpc (344)
[2017.10.28-19.13.12:126][791]LogModuleManager: Shutting down and abandoning module AIModule (342)
[2017.10.28-19.13.12:134][791]LogModuleManager: Shutting down and abandoning module GameplayDebugger (341)
[2017.10.28-19.13.12:134][791]LogModuleManager: Shutting down and abandoning module AITestSuite (339)
[2017.10.28-19.13.12:143][791]LogModuleManager: Shutting down and abandoning module ProfilerService (336)
[2017.10.28-19.13.12:209][791]LogModuleManager: Shutting down and abandoning module TaskGraph (334)
[2017.10.28-19.13.12:237][791]LogModuleManager: Shutting down and abandoning module SteamVRController (332)
[2017.10.28-19.13.12:237][791]LogModuleManager: Shutting down and abandoning module ProceduralMeshComponentEditor (330)
[2017.10.28-19.13.12:237][791]LogModuleManager: Shutting down and abandoning module ProceduralMeshComponent (328)
[2017.10.28-19.13.12:237][791]LogModuleManager: Shutting down and abandoning module OculusInput (326)
[2017.10.28-19.13.12:237][791]LogModuleManager: Shutting down and abandoning module MobilePatchingUtils (324)
[2017.10.28-19.13.12:237][791]LogModuleManager: Shutting down and abandoning module CustomMeshComponent (322)
[2017.10.28-19.13.12:237][791]LogModuleManager: Shutting down and abandoning module CableComponent (320)
[2017.10.28-19.13.12:237][791]LogModuleManager: Shutting down and abandoning module ArchVisCharacter (318)
[2017.10.28-19.13.12:237][791]LogModuleManager: Shutting down and abandoning module AndroidPermission (316)
[2017.10.28-19.13.12:237][791]LogModuleManager: Shutting down and abandoning module MediaPlayerEditor (312)
[2017.10.28-19.13.12:389][791]LogModuleManager: Shutting down and abandoning module HTML5Networking (310)
[2017.10.28-19.13.12:390][791]LogModuleManager: Shutting down and abandoning module AlembicImporter (308)
[2017.10.28-19.13.12:407][791]LogModuleManager: Shutting down and abandoning module AlembicLibrary (307)
[2017.10.28-19.13.12:407][791]LogModuleManager: Shutting down and abandoning module GeometryCache (306)
[2017.10.28-19.13.12:407][791]LogModuleManager: Shutting down and abandoning module GeometryCacheEd (305)
[2017.10.28-19.13.12:407][791]LogModuleManager: Shutting down and abandoning module SpeedTreeImporter (300)
[2017.10.28-19.13.12:407][791]LogModuleManager: Shutting down and abandoning module PluginBrowser (298)
[2017.10.28-19.13.12:564][791]LogModuleManager: Shutting down and abandoning module MobileLauncherProfileWizard (296)
[2017.10.28-19.13.12:686][791]LogModuleManager: Shutting down and abandoning module VisualStudioSourceCodeAccess (294)
[2017.10.28-19.13.12:802][791]LogModuleManager: Shutting down and abandoning module DesktopPlatform (293)
[2017.10.28-19.13.12:802][791]LogModuleManager: Shutting down and abandoning module UObjectPlugin (290)
[2017.10.28-19.13.12:802][791]LogModuleManager: Shutting down and abandoning module SubversionSourceControl (288)
[2017.10.28-19.13.13:018][791]LogModuleManager: Shutting down and abandoning module PerforceSourceControl (286)
[2017.10.28-19.13.13:234][791]LogModuleManager: Shutting down and abandoning module GitSourceControl (284)
[2017.10.28-19.13.13:365][791]LogModuleManager: Shutting down and abandoning module SourceControl (283)
[2017.10.28-19.13.13:441][791]LogModuleManager: Shutting down and abandoning module LightPropagationVolumeEditor (280)
[2017.10.28-19.13.13:441][791]LogModuleManager: Shutting down and abandoning module PaperTiledImporter (278)
[2017.10.28-19.13.13:441][791]LogModuleManager: Shutting down and abandoning module PaperSpriteSheetImporter (276)
[2017.10.28-19.13.13:441][791]LogModuleManager: Shutting down and abandoning module Paper2DEditor (274)
[2017.10.28-19.13.13:602][791]LogModuleManager: Shutting down and abandoning module MeshPaint (273)
[2017.10.28-19.13.13:650][791]LogModuleManager: Shutting down and abandoning module LevelEditor (271)
[2017.10.28-19.13.13:806][791]LogModuleManager: Shutting down and abandoning module PixelInspectorModule (270)
[2017.10.28-19.13.13:866][791]LogModuleManager: Shutting down and abandoning module MainFrame (268)
[2017.10.28-19.13.13:866][791]LogModuleManager: Shutting down and abandoning module HotReload (267)
[2017.10.28-19.13.13:884][791]LogDirectoryWatcher: A directory notification for 'C:/Users/crist/OneDrive/Documentos/Unreal Projects/Krispy/Binaries/Win64' was aborted.
[2017.10.28-19.13.13:957][791]LogModuleManager: Shutting down and abandoning module Krispy (262)
[2017.10.28-19.13.13:957][791]LogModuleManager: Shutting down and abandoning module RuntimePhysXCooking (260)
[2017.10.28-19.13.14:001][791]LogModuleManager: Shutting down and abandoning module PhysXVehiclesEditor (258)
[2017.10.28-19.13.14:063][791]LogModuleManager: Shutting down and abandoning module PhysXVehicles (256)
[2017.10.28-19.13.14:063][791]LogModuleManager: Shutting down and abandoning module OculusEditor (254)
[2017.10.28-19.13.14:063][791]LogModuleManager: Shutting down and abandoning module LocationServicesBPLibrary (252)
[2017.10.28-19.13.14:063][791]LogModuleManager: Shutting down and abandoning module ImmediatePhysicsEditor (250)
[2017.10.28-19.13.14:063][791]LogModuleManager: Shutting down and abandoning module ImmediatePhysics (248)
[2017.10.28-19.13.14:063][791]LogModuleManager: Shutting down and abandoning module UdpMessaging (246)
[2017.10.28-19.13.14:208][791]LogModuleManager: Shutting down and abandoning module TcpMessaging (244)
[2017.10.28-19.13.14:341][791]LogModuleManager: Shutting down and abandoning module GameplayTagsEditor (242)
[2017.10.28-19.13.14:391][791]LogModuleManager: Shutting down and abandoning module FacialAnimationEditor (240)
[2017.10.28-19.13.14:434][791]LogModuleManager: Shutting down and abandoning module FacialAnimation (238)
[2017.10.28-19.13.14:434][791]LogModuleManager: Shutting down and abandoning module AssetManagerEditor (236)
[2017.10.28-19.13.14:490][791]LogModuleManager: Shutting down and abandoning module GraphEditor (235)
[2017.10.28-19.13.14:490][791]LogModuleManager: Shutting down and abandoning module ContentBrowser (233)
[2017.10.28-19.13.14:492][791]LogModuleManager: Shutting down and abandoning module LightPropagationVolumeRuntime (230)
[2017.10.28-19.13.14:492][791]LogModuleManager: Shutting down and abandoning module Paper2D (228)
[2017.10.28-19.13.14:492][791]LogModuleManager: Shutting down and abandoning module WindowsMoviePlayer (226)
[2017.10.28-19.13.14:531][791]LogModuleManager: Shutting down and abandoning module WmfMedia (224)
[2017.10.28-19.13.14:611][791]LogModuleManager: Shutting down and abandoning module PacketHandler (222)
[2017.10.28-19.13.14:637][791]LogModuleManager: Shutting down and abandoning module ClothingSystemEditor (220)
[2017.10.28-19.13.14:665][791]LogModuleManager: Shutting down and abandoning module ClothingSystemRuntime (218)
[2017.10.28-19.13.14:749][791]LogModuleManager: Shutting down and abandoning module Overlay (216)
[2017.10.28-19.13.14:749][791]LogModuleManager: Shutting down and abandoning module OverlayEditor (215)
[2017.10.28-19.13.14:765][791]LogModuleManager: Shutting down and abandoning module MediaAssets (212)
[2017.10.28-19.13.14:765][791]LogModuleManager: Shutting down and abandoning module VREditor (210)
[2017.10.28-19.13.14:847][791]LogModuleManager: Shutting down and abandoning module StringTableEditor (208)
[2017.10.28-19.13.14:913][791]LogModuleManager: Shutting down and abandoning module GameplayTasksEditor (206)
[2017.10.28-19.13.14:913][791]LogModuleManager: Shutting down and abandoning module BehaviorTreeEditor (204)
[2017.10.28-19.13.15:059][791]LogModuleManager: Shutting down and abandoning module FunctionalTesting (202)
[2017.10.28-19.13.15:082][791]LogModuleManager: Shutting down and abandoning module CollisionAnalyzer (200)
[2017.10.28-19.13.15:164][791]LogModuleManager: Shutting down and abandoning module WorkspaceMenuStructure (199)
[2017.10.28-19.13.15:324][791]LogModuleManager: Shutting down and abandoning module UMG (196)
[2017.10.28-19.13.15:324][791]LogModuleManager: Shutting down and abandoning module UMGEditor (195)
[2017.10.28-19.13.15:540][791]LogModuleManager: Shutting down and abandoning module Sequencer (194)
[2017.10.28-19.13.15:740][791]LogModuleManager: Shutting down and abandoning module MessageLog (191)
[2017.10.28-19.13.15:740][791]LogModuleManager: Shutting down and abandoning module SlateReflector (186)
[2017.10.28-19.13.16:173][791]LogModuleManager: Shutting down and abandoning module Slate (184)
[2017.10.28-19.13.16:173][791]LogModuleManager: Shutting down and abandoning module EditorStyle (182)
[2017.10.28-19.13.16:921][791]LogModuleManager: Shutting down and abandoning module MRMesh (180)
[2017.10.28-19.13.16:922][791]LogModuleManager: Shutting down and abandoning module SourceCodeAccess (178)
[2017.10.28-19.13.16:922][791]LogModuleManager: Shutting down and abandoning module HeadMountedDisplay (176)
[2017.10.28-19.13.16:922][791]LogModuleManager: Shutting down and abandoning module XAudio2 (174)
[2017.10.28-19.13.16:922][791]LogModuleManager: Shutting down and abandoning module Networking (172)
[2017.10.28-19.13.16:953][791]LogModuleManager: Shutting down and abandoning module Core (168)
[2017.10.28-19.13.16:953][791]LogModuleManager: Shutting down and abandoning module KismetCompiler (164)
[2017.10.28-19.13.16:953][791]LogModuleManager: Shutting down and abandoning module LevelSequence (162)
[2017.10.28-19.13.16:953][791]LogModuleManager: Shutting down and abandoning module MeshUtilities (160)
[2017.10.28-19.13.17:212][791]LogModuleManager: Shutting down and abandoning module MeshMergeUtilities (159)
[2017.10.28-19.13.17:228][791]LogModuleManager: Shutting down and abandoning module MeshReductionInterface (158)
[2017.10.28-19.13.17:263][791]LogModuleManager: Shutting down and abandoning module SimplygonSwarm (157)
[2017.10.28-19.13.17:383][791]LogModuleManager: Shutting down and abandoning module SimplygonMeshReduction (155)
[2017.10.28-19.13.17:481][791]LogModuleManager: Shutting down and abandoning module QuadricMeshReduction (153)
[2017.10.28-19.13.17:540][791]LogModuleManager: Shutting down and abandoning module MaterialBaking (149)
[2017.10.28-19.13.17:596][791]LogModuleManager: Shutting down and abandoning module DirectoryWatcher (146)
[2017.10.28-19.13.17:680][791]LogModuleManager: Shutting down and abandoning module DerivedDataCache (144)
[2017.10.28-19.13.17:744][791]LogDerivedDataCache: Shutdown
[2017.10.28-19.13.17:744][791]LogModuleManager: Shutting down and abandoning module TargetPlatform (142)
[2017.10.28-19.13.17:744][791]LogModuleManager: Shutting down and abandoning module VulkanShaderFormat (141)
[2017.10.28-19.13.17:828][791]LogModuleManager: Shutting down and abandoning module ShaderFormatVectorVM (139)
[2017.10.28-19.13.17:891][791]LogModuleManager: Shutting down and abandoning module ShaderFormatOpenGL (137)
[2017.10.28-19.13.17:927][791]LogModuleManager: Shutting down and abandoning module ShaderFormatD3D (135)
[2017.10.28-19.13.18:008][791]LogModuleManager: Shutting down and abandoning module MetalShaderFormat (133)
[2017.10.28-19.13.18:105][791]LogModuleManager: Shutting down and abandoning module TextureFormatUncompressed (131)
[2017.10.28-19.13.18:138][791]LogModuleManager: Shutting down and abandoning module TextureFormatPVR (129)
[2017.10.28-19.13.18:148][791]LogModuleManager: Shutting down and abandoning module TextureFormatDXT (127)
[2017.10.28-19.13.18:148][791]LogModuleManager: Shutting down and abandoning module TextureFormatIntelISPCTexComp (125)
[2017.10.28-19.13.18:366][791]LogModuleManager: Shutting down and abandoning module TextureFormatASTC (123)
[2017.10.28-19.13.18:366][791]LogModuleManager: Shutting down and abandoning module ImageWrapper (122)
[2017.10.28-19.13.18:366][791]LogModuleManager: Shutting down and abandoning module TextureFormatAndroid (119)
[2017.10.28-19.13.18:412][791]LogModuleManager: Shutting down and abandoning module AudioFormatOpus (117)
[2017.10.28-19.13.18:474][791]LogModuleManager: Shutting down and abandoning module AudioFormatOgg (115)
[2017.10.28-19.13.18:525][791]LogModuleManager: Shutting down and abandoning module AudioFormatADPCM (113)
[2017.10.28-19.13.18:546][791]LogModuleManager: Shutting down and abandoning module LinuxTargetPlatform (111)
[2017.10.28-19.13.18:546][791]LogModuleManager: Shutting down and abandoning module LinuxServerTargetPlatform (109)
[2017.10.28-19.13.18:607][791]LogModuleManager: Shutting down and abandoning module LinuxNoEditorTargetPlatform (107)
[2017.10.28-19.13.18:632][791]LogModuleManager: Shutting down and abandoning module LinuxClientTargetPlatform (105)
[2017.10.28-19.13.18:685][791]LogModuleManager: Shutting down and abandoning module TVOSTargetPlatform (103)
[2017.10.28-19.13.18:708][791]LogModuleManager: Shutting down and abandoning module Messaging (101)
[2017.10.28-19.13.18:708][791]LogModuleManager: Shutting down and abandoning module IOSTargetPlatform (99)
[2017.10.28-19.13.18:708][791]LogModuleManager: Shutting down and abandoning module HTML5TargetPlatform (97)
[2017.10.28-19.13.18:708][791]LogModuleManager: Shutting down and abandoning module Android_PVRTCTargetPlatform (95)
[2017.10.28-19.13.18:708][791]LogModuleManager: Shutting down and abandoning module Android_MultiTargetPlatform (93)
[2017.10.28-19.13.18:708][791]LogModuleManager: Shutting down and abandoning module Android_ETC2TargetPlatform (91)
[2017.10.28-19.13.18:708][791]LogModuleManager: Shutting down and abandoning module Android_ETC1TargetPlatform (89)
[2017.10.28-19.13.18:708][791]LogModuleManager: Shutting down and abandoning module Android_DXTTargetPlatform (87)
[2017.10.28-19.13.18:708][791]LogModuleManager: Shutting down and abandoning module Android_ATCTargetPlatform (85)
[2017.10.28-19.13.18:708][791]LogModuleManager: Shutting down and abandoning module Android_ASTCTargetPlatform (83)
[2017.10.28-19.13.18:708][791]LogModuleManager: Shutting down and abandoning module AndroidTargetPlatform (81)
[2017.10.28-19.13.18:708][791]LogModuleManager: Shutting down and abandoning module WindowsTargetPlatform (79)
[2017.10.28-19.13.18:708][791]LogModuleManager: Shutting down and abandoning module WindowsServerTargetPlatform (77)
[2017.10.28-19.13.18:762][791]LogModuleManager: Shutting down and abandoning module WindowsNoEditorTargetPlatform (75)
[2017.10.28-19.13.18:809][791]LogModuleManager: Shutting down and abandoning module WindowsClientTargetPlatform (73)
[2017.10.28-19.13.18:876][791]LogModuleManager: Shutting down and abandoning module MacTargetPlatform (71)
[2017.10.28-19.13.18:876][791]LogModuleManager: Shutting down and abandoning module MacServerTargetPlatform (69)
[2017.10.28-19.13.18:910][791]LogModuleManager: Shutting down and abandoning module MacNoEditorTargetPlatform (67)
[2017.10.28-19.13.18:962][791]LogModuleManager: Shutting down and abandoning module MacClientTargetPlatform (65)
[2017.10.28-19.13.19:000][791]LogModuleManager: Shutting down and abandoning module AllDesktopTargetPlatform (63)
[2017.10.28-19.13.19:000][791]LogModuleManager: Shutting down and abandoning module InputCore (60)
[2017.10.28-19.13.19:000][791]LogModuleManager: Shutting down and abandoning module Settings (58)
[2017.10.28-19.13.19:000][791]LogModuleManager: Shutting down and abandoning module PhysXCooking (56)
[2017.10.28-19.13.19:000][791]LogModuleManager: Shutting down and abandoning module SteamVR (54)
[2017.10.28-19.13.19:000][791]LogModuleManager: Shutting down and abandoning module OculusHMD (52)
[2017.10.28-19.13.19:028][791]LogModuleManager: Shutting down and abandoning module ExampleDeviceProfileSelector (50)
[2017.10.28-19.13.19:105][791]LogModuleManager: Shutting down and abandoning module OnlineBlueprintSupport (48)
[2017.10.28-19.13.19:105][791]LogModuleManager: Shutting down and abandoning module OnlineSubsystem (44)
[2017.10.28-19.13.19:162][791]LogOnline: Display: Unloading online subsystem: NULL
[2017.10.28-19.13.19:294][791]LogModuleManager: Shutting down and abandoning module XMPP (43)
[2017.10.28-19.13.19:491][791]LogModuleManager: Shutting down and abandoning module HTTP (41)
[2017.10.28-19.13.19:513][791]LogHttp: Display: Http module shutting down, but needs to wait on 2 outstanding Http requests:
[2017.10.28-19.13.19:532][791]LogHttp: Display: 	verb=[POST] url=[https://datarouter.ol.epicgames.com/datarouter/api/v1/public/data?SessionID=%7B08D3C3CB-44D6-7297-E364-B9BB893726B9%7D&AppID=UEEditor.Rocket.Release&AppVersion=4.17.1-3586342%2B%2B%2BUE4%2BRelease-4.17&UserID=bdabe5c64224b35ee989e0b535c34775%7C4e4beab48156422a8694ffd685bafc50%7C21876cea-5101-41ff-99b9-7907c486cf8f&AppEnvironment=datacollector-binary&UploadType=eteventstream] status=Processing
[2017.10.28-19.13.19:533][791]LogHttp: Display: 	verb=[POST] url=[https://datarouter.ol.epicgames.com/datarouter/api/v1/public/data?SessionID=%7B08D3C3CB-44D6-7297-E364-B9BB893726B9%7D&AppID=UEEditor.Rocket.Release&AppVersion=4.17.1-3586342%2B%2B%2BUE4%2BRelease-4.17&UserID=bdabe5c64224b35ee989e0b535c34775%7C4e4beab48156422a8694ffd685bafc50%7C21876cea-5101-41ff-99b9-7907c486cf8f&AppEnvironment=datacollector-binary&UploadType=eteventstream] status=Processing
[2017.10.28-19.13.19:871][791]LogModuleManager: Shutting down and abandoning module SSL (40)
[2017.10.28-19.13.20:045][791]LogModuleManager: Shutting down and abandoning module AnimationModifiers (36)
[2017.10.28-19.13.20:142][791]LogModuleManager: Shutting down and abandoning module PropertyEditor (35)
[2017.10.28-19.13.20:346][791]LogModuleManager: Shutting down and abandoning module AudioEditor (32)
[2017.10.28-19.13.20:484][791]LogModuleManager: Shutting down and abandoning module TextureCompressor (30)
[2017.10.28-19.13.20:623][791]LogModuleManager: Shutting down and abandoning module ShaderCore (28)
[2017.10.28-19.13.20:623][791]LogModuleManager: Shutting down and abandoning module Landscape (26)
[2017.10.28-19.13.20:623][791]LogModuleManager: Shutting down and abandoning module SlateRHIRenderer (24)
[2017.10.28-19.13.21:000][791]LogModuleManager: Shutting down and abandoning module OpenGLDrv (22)
[2017.10.28-19.13.21:033][791]LogModuleManager: Shutting down and abandoning module D3D11RHI (20)
[2017.10.28-19.13.21:033][791]LogModuleManager: Shutting down and abandoning module AnimGraphRuntime (18)
[2017.10.28-19.13.21:033][791]LogModuleManager: Shutting down and abandoning module Renderer (16)
[2017.10.28-19.13.21:033][791]LogModuleManager: Shutting down and abandoning module Engine (14)
[2017.10.28-19.13.21:034][791]LogModuleManager: Shutting down and abandoning module CoreUObject (12)
[2017.10.28-19.13.21:034][791]LogModuleManager: Shutting down and abandoning module NetworkFile (10)
[2017.10.28-19.13.21:034][791]LogModuleManager: Shutting down and abandoning module CookedIterativeFile (8)
[2017.10.28-19.13.21:034][791]LogModuleManager: Shutting down and abandoning module StreamingFile (6)
[2017.10.28-19.13.21:034][791]LogModuleManager: Shutting down and abandoning module SandboxFile (4)
[2017.10.28-19.13.21:034][791]LogModuleManager: Shutting down and abandoning module PakFile (2)
[2017.10.28-19.13.21:065][791]LogExit: Exiting.
[2017.10.28-19.13.25:424][791]Log file closed, 10/28/17 16:13:25
