Log file open, 10/30/17 13:01:13
LogWindows: LoadLibraryWithSearchPaths failed for file aqProf.dll. GetLastError=0
LogWindows: LoadLibraryWithSearchPaths failed for file VSPerf140.dll. GetLastError=0
LogWindows: LoadLibraryWithSearchPaths failed for file VtuneApi.dll. GetLastError=0
LogWindows: LoadLibraryWithSearchPaths failed for file VtuneApi32e.dll. GetLastError=0
LogInit: Display: Running engine for game: Krispy
LogPlatformFile: Not using cached read wrapper
LogInit: Display: RandInit(2112274829) SRandInit(2112274830).
LogTaskGraph: Started task graph with 5 named threads and 8 total threads with 3 sets of task threads.
LogStats: Stats thread started at 27.365228
LogD3D11RHI: Aftermath initialized
LogPluginManager: Mounting plugin Paper2D
LogPluginManager: Mounting plugin LightPropagationVolume
LogPluginManager: Mounting plugin CodeLiteSourceCodeAccess
LogPluginManager: Mounting plugin GitSourceControl
LogPluginManager: Mounting plugin KDevelopSourceCodeAccess
LogPluginManager: Mounting plugin NullSourceCodeAccess
LogPluginManager: Mounting plugin PerforceSourceControl
LogPluginManager: Mounting plugin SubversionSourceControl
LogPluginManager: Mounting plugin UObjectPlugin
LogPluginManager: Mounting plugin VisualStudioSourceCodeAccess
LogPluginManager: Mounting plugin XCodeSourceCodeAccess
LogPluginManager: Mounting plugin AssetManagerEditor
LogPluginManager: Mounting plugin AudioCapture
LogPluginManager: Mounting plugin FacialAnimation
LogPluginManager: Mounting plugin GameplayTagsEditor
LogPluginManager: Mounting plugin MobileLauncherProfileWizard
LogPluginManager: Mounting plugin PluginBrowser
LogPluginManager: Mounting plugin SpeedTreeImporter
LogPluginManager: Mounting plugin AlembicImporter
LogPluginManager: Mounting plugin CharacterAI
LogPluginManager: Mounting plugin HTML5Networking
LogPluginManager: Mounting plugin AndroidMedia
LogPluginManager: Mounting plugin AvfMedia
LogPluginManager: Mounting plugin MediaPlayerEditor
LogPluginManager: Mounting plugin WmfMedia
LogPluginManager: Mounting plugin TcpMessaging
LogPluginManager: Mounting plugin UdpMessaging
LogPluginManager: Mounting plugin LevelSequenceEditor
LogPluginManager: Mounting plugin MatineeToLevelSequence
LogPluginManager: Mounting plugin OnlineSubsystemGooglePlay
LogPluginManager: Mounting plugin OnlineSubsystemIOS
LogPluginManager: Mounting plugin OnlineSubsystem
LogPluginManager: Mounting plugin OnlineSubsystemNull
LogPluginManager: Mounting plugin OnlineSubsystemUtils
LogPluginManager: Mounting plugin AndroidDeviceProfileSelector
LogPluginManager: Mounting plugin AndroidMoviePlayer
LogPluginManager: Mounting plugin AndroidPermission
LogPluginManager: Mounting plugin AppleMoviePlayer
LogPluginManager: Mounting plugin ArchVisCharacter
LogPluginManager: Mounting plugin CableComponent
LogPluginManager: Mounting plugin CustomMeshComponent
LogPluginManager: Mounting plugin ExampleDeviceProfileSelector
LogPluginManager: Mounting plugin GoogleCloudMessaging
LogPluginManager: Mounting plugin ImmediatePhysics
LogPluginManager: Mounting plugin IOSDeviceProfileSelector
LogPluginManager: Mounting plugin LinuxDeviceProfileSelector
LogPluginManager: Mounting plugin LocationServicesBPLibrary
LogPluginManager: Mounting plugin MobilePatchingUtils
LogPluginManager: Mounting plugin OculusVR
LogPluginManager: Mounting plugin PhysXVehicles
LogPluginManager: Mounting plugin ProceduralMeshComponent
LogPluginManager: Mounting plugin RuntimePhysXCooking
LogPluginManager: Mounting plugin SteamVR
LogPluginManager: Mounting plugin WindowsMoviePlayer
LogInit: Using libcurl 7.47.1
LogInit:  - built for x86_64-pc-win32
LogInit:  - supports SSL with OpenSSL/1.0.2g
LogInit:  - supports HTTP deflate (compression) using libz 1.2.8
LogInit:  - other features:
LogInit:      CURL_VERSION_SSL
LogInit:      CURL_VERSION_LIBZ
LogInit:      CURL_VERSION_IPV6
LogInit:      CURL_VERSION_ASYNCHDNS
LogInit:      CURL_VERSION_LARGEFILE
LogInit:      CURL_VERSION_IDN
LogInit:  CurlRequestOptions (configurable via config and command line):
LogInit:  - bVerifyPeer = false  - Libcurl will NOT verify peer certificate
LogInit:  - bUseHttpProxy = false  - Libcurl will NOT use HTTP proxy
LogInit:  - bDontReuseConnections = false  - Libcurl will reuse connections
LogInit:  - CertBundlePath = nullptr  - Libcurl will use whatever was configured at build time.
LogInit: Build: ++UE4+Release-4.17-CL-3586342
LogInit: Engine Version: 4.17.1-3586342+++UE4+Release-4.17
LogInit: Compatible Engine Version: 4.17.0-3573198+++UE4+Release-4.17
LogInit: Net CL: 3573198
LogDevObjectVersion: Number of dev versions registered: 16
LogDevObjectVersion:   Dev-Blueprints (B0D832E4-1F89-4F0D-ACCF-7EB736FD4AA2): 10
LogDevObjectVersion:   Dev-Build (E1C64328-A22C-4D53-A36C-8E866417BD8C): 0
LogDevObjectVersion:   Dev-Core (375EC13C-06E4-48FB-B500-84F0262A717E): 2
LogDevObjectVersion:   Dev-Editor (E4B068ED-F494-42E9-A231-DA0B2E46BB41): 20
LogDevObjectVersion:   Dev-Framework (CFFC743F-43B0-4480-9391-14DF171D2073): 28
LogDevObjectVersion:   Dev-Mobile (B02B49B5-BB20-44E9-A304-32B752E40360): 0
LogDevObjectVersion:   Dev-Networking (A4E4105C-59A1-49B5-A7C5-40C4547EDFEE): 0
LogDevObjectVersion:   Dev-Online (39C831C9-5AE6-47DC-9A44-9C173E1C8E7C): 0
LogDevObjectVersion:   Dev-Physics (78F01B33-EBEA-4F98-B9B4-84EACCB95AA2): 0
LogDevObjectVersion:   Dev-Platform (6631380F-2D4D-43E0-8009-CF276956A95A): 0
LogDevObjectVersion:   Dev-Rendering (12F88B9F-8875-4AFC-A67C-D90C383ABD29): 19
LogDevObjectVersion:   Dev-Sequencer (7B5AE74C-D270-4C10-A958-57980B212A5A): 4
LogDevObjectVersion:   Dev-VR (D7296918-1DD6-4BDD-9DE2-64A83CC13884): 0
LogDevObjectVersion:   Dev-LoadTimes (C2A15278-BFE7-4AFE-6C17-90FF531DF755): 1
LogDevObjectVersion:   Private-Geometry (6EACA3D4-40EC-4CC1-B786-8BED09428FC5): 1
LogDevObjectVersion:   Dev-AnimPhys (29E575DD-E0A3-4627-9D10-D276232CDCEA): 7
LogInit: Compiled (64-bit): Aug 15 2017 02:05:26
LogInit: Compiled with Visual C++: 19.00.24215.01
LogInit: Build Configuration: Development
LogInit: Branch Name: ++UE4+Release-4.17
LogInit: Command line:  
LogInit: Base directory: C:/Program Files/Epic Games/UE_4.17/Engine/Binaries/Win64/
LogInit: Installed Engine Build: 1
LogInit: Presizing for max 8388607 objects, including 0 objects not considered by GC, pre-allocating 0 bytes for permanent pool.
LogInit: Object subsystem initialized
[2017.10.30-16.01.26:481][  0]LogInit: Selected Device Profile: [Windows]
[2017.10.30-16.01.26:481][  0]LogInit: Applying CVar settings loaded from the selected device profile: [Windows]
[2017.10.30-16.01.26:939][  0]LogInit: Computer: DESKTOP-J1B6B5G
[2017.10.30-16.01.26:939][  0]LogInit: User: crist
[2017.10.30-16.01.26:939][  0]LogInit: CPU Page size=4096, Cores=2
[2017.10.30-16.01.26:939][  0]LogInit: High frequency timer resolution =2.531248 MHz
[2017.10.30-16.01.26:991][  0]LogMemory: Memory total: Physical=3.9GB (4GB approx)
[2017.10.30-16.01.26:991][  0]LogMemory: Platform Memory Stats for Windows
[2017.10.30-16.01.26:991][  0]LogMemory: Process Physical Memory: 278.60 MB used, 278.60 MB peak
[2017.10.30-16.01.26:991][  0]LogMemory: Process Virtual Memory: 275.65 MB used, 275.65 MB peak
[2017.10.30-16.01.26:991][  0]LogMemory: Physical Memory: 2959.26 MB used,  996.74 MB free, 3956.00 MB total
[2017.10.30-16.01.26:991][  0]LogMemory: Virtual Memory: 652.66 MB used,  996.74 MB free, 134217728.00 MB total
[2017.10.30-16.01.31:780][  0]LogInit: Overriding language with editor language configuration option (en).
[2017.10.30-16.01.31:780][  0]LogInit: Overriding locale with editor culture configuration option ().
[2017.10.30-16.01.31:780][  0]LogInit: Using OS detected locale (es-CL).
[2017.10.30-16.01.50:800][  0]LogD3D11RHI: D3D11 adapters:
[2017.10.30-16.01.50:809][  0]LogD3D11RHI:    0. 'Intel(R) HD Graphics 520' (Feature Level 11_0)
[2017.10.30-16.01.50:809][  0]LogD3D11RHI:       128/0/1978 MB DedicatedVideo/DedicatedSystem/SharedSystem, Outputs:1, VendorId:0x8086
[2017.10.30-16.01.50:811][  0]LogD3D11RHI:    1. 'Microsoft Basic Render Driver' (Feature Level 11_0)
[2017.10.30-16.01.50:811][  0]LogD3D11RHI:       0/0/1978 MB DedicatedVideo/DedicatedSystem/SharedSystem, Outputs:0, VendorId:0x1414
[2017.10.30-16.01.50:811][  0]LogD3D11RHI: Chosen D3D11 Adapter: 0
[2017.10.30-16.01.50:836][  0]LogD3D11RHI: Creating new Direct3DDevice
[2017.10.30-16.01.50:836][  0]LogD3D11RHI:     GPU DeviceId: 0x1916 (for the marketing name, search the web for "GPU Device Id")
[2017.10.30-16.01.50:856][  0]LogWindows: EnumDisplayDevices:
[2017.10.30-16.01.50:856][  0]LogWindows:    0. 'Intel(R) HD Graphics 520' (P:1 D:1)
[2017.10.30-16.01.50:856][  0]LogWindows:    1. 'Intel(R) HD Graphics 520' (P:0 D:0)
[2017.10.30-16.01.50:856][  0]LogWindows:    2. 'Intel(R) HD Graphics 520' (P:0 D:0)
[2017.10.30-16.01.50:857][  0]LogWindows: DebugString: FoundDriverCount:3 
[2017.10.30-16.01.50:857][  0]LogD3D11RHI:     Adapter Name: Intel(R) HD Graphics 520
[2017.10.30-16.01.50:857][  0]LogD3D11RHI:   Driver Version: 20.19.15.4474 (internal:20.19.15.4474, unified:20.19.15.4474)
[2017.10.30-16.01.50:857][  0]LogD3D11RHI:      Driver Date: 6-13-2016
[2017.10.30-16.01.50:857][  0]LogRHI: Texture pool is 781 MB (70% of 1117 MB)
[2017.10.30-16.01.50:862][  0]LogD3D11RHI: Async texture creation enabled
[2017.10.30-16.01.52:666][  0]LogD3D11RHI: GPU Timing Frequency: 12.000000 (Debug: 2 0)
[2017.10.30-16.01.52:851][  0]LogShaderCompilers: Guid format shader working directory is -27 characters bigger than the processId version (../../../../../../Users/crist/OneDrive/Documentos/Unreal Projects/Krispy/Intermediate/Shaders/WorkingDirectory/11788/).
[2017.10.30-16.01.52:851][  0]LogShaderCompilers: Cleaned the shader compiler working directory 'C:/Users/crist/AppData/Local/Temp/UnrealShaderWorkingDir/920C161048056339062EE6B8F17807C9/'.
[2017.10.30-16.01.52:879][  0]LogShaderCompilers: Display: Using Local Shader Compiler.
[2017.10.30-16.02.21:257][  0]LogTemp: Display: Loaded TP AllDesktopTargetPlatform
[2017.10.30-16.02.21:363][  0]LogTemp: Display: Loaded TP MacClientTargetPlatform
[2017.10.30-16.02.21:482][  0]LogTemp: Display: Loaded TP MacNoEditorTargetPlatform
[2017.10.30-16.02.21:644][  0]LogTemp: Display: Loaded TP MacServerTargetPlatform
[2017.10.30-16.02.21:854][  0]LogTemp: Display: Loaded TP MacTargetPlatform
[2017.10.30-16.02.21:995][  0]LogTemp: Display: Loaded TP WindowsClientTargetPlatform
[2017.10.30-16.02.22:134][  0]LogTemp: Display: Loaded TP WindowsNoEditorTargetPlatform
[2017.10.30-16.02.22:271][  0]LogTemp: Display: Loaded TP WindowsServerTargetPlatform
[2017.10.30-16.02.22:396][  0]LogTemp: Display: Loaded TP WindowsTargetPlatform
[2017.10.30-16.02.22:756][  0]LogTemp: Display: Loaded TP AndroidTargetPlatform
[2017.10.30-16.02.22:869][  0]LogTemp: Display: Loaded TP Android_ASTCTargetPlatform
[2017.10.30-16.02.22:996][  0]LogTemp: Display: Loaded TP Android_ATCTargetPlatform
[2017.10.30-16.02.23:221][  0]LogTemp: Display: Loaded TP Android_DXTTargetPlatform
[2017.10.30-16.02.23:472][  0]LogTemp: Display: Loaded TP Android_ETC1TargetPlatform
[2017.10.30-16.02.23:619][  0]LogTemp: Display: Loaded TP Android_ETC2TargetPlatform
[2017.10.30-16.02.23:984][  0]LogTemp: Display: Loaded TP Android_MultiTargetPlatform
[2017.10.30-16.02.23:984][  0]LogTemp: Display: Loaded TP Android_PVRTCTargetPlatform
[2017.10.30-16.02.24:170][  0]LogTemp: Display: Loaded TP HTML5TargetPlatform
[2017.10.30-16.02.24:678][  0]LogTemp: Display: Loaded TP IOSTargetPlatform
[2017.10.30-16.02.24:796][  0]LogTemp: Display: Loaded TP TVOSTargetPlatform
[2017.10.30-16.02.24:986][  0]LogTemp: Display: Loaded TP LinuxClientTargetPlatform
[2017.10.30-16.02.25:160][  0]LogTemp: Display: Loaded TP LinuxNoEditorTargetPlatform
[2017.10.30-16.02.25:383][  0]LogTemp: Display: Loaded TP LinuxServerTargetPlatform
[2017.10.30-16.02.25:691][  0]LogTemp: Display: Loaded TP LinuxTargetPlatform
[2017.10.30-16.02.25:714][  0]LogTargetPlatformManager: Display: Building Assets For Windows
[2017.10.30-16.02.32:460][  0]LogDerivedDataCache: Display: Max Cache Size: 512 MB
[2017.10.30-16.02.34:528][  0]LogDerivedDataCache: Loaded boot cache 2.03s 93MB C:/Users/crist/AppData/Local/UnrealEngine/4.17/DerivedDataCache/Boot.ddc.
[2017.10.30-16.02.34:528][  0]LogDerivedDataCache: Display: Loaded Boot cache: C:/Users/crist/AppData/Local/UnrealEngine/4.17/DerivedDataCache/Boot.ddc
[2017.10.30-16.02.34:528][  0]LogDerivedDataCache: FDerivedDataBackendGraph:  Pak pak cache file ../../../../../../Users/crist/OneDrive/Documentos/Unreal Projects/Krispy/DerivedDataCache/DDC.ddp not found, will not use a pak cache.
[2017.10.30-16.02.34:528][  0]LogDerivedDataCache: Unable to find inner node Pak for hierarchical cache Hierarchy.
[2017.10.30-16.02.34:528][  0]LogDerivedDataCache: FDerivedDataBackendGraph:  CompressedPak pak cache file ../../../../../../Users/crist/OneDrive/Documentos/Unreal Projects/Krispy/DerivedDataCache/Compressed.ddp not found, will not use a pak cache.
[2017.10.30-16.02.34:528][  0]LogDerivedDataCache: Unable to find inner node CompressedPak for hierarchical cache Hierarchy.
[2017.10.30-16.02.34:792][  0]LogDerivedDataCache: Display: Pak cache opened for reading ../../../Engine/DerivedDataCache/Compressed.ddp.
[2017.10.30-16.02.34:838][  0]LogDerivedDataCache: Using Local data cache path C:/Users/crist/AppData/Local/UnrealEngine/Common/DerivedDataCache: Writable
[2017.10.30-16.02.35:056][  0]LogMaterial: Verifying Global Shaders for PCD3D_SM5
[2017.10.30-16.02.35:158][  0]LogSlate: Using Freetype 2.6.0
[2017.10.30-16.02.35:389][  0]LogSlate: SlateFontCache - WITH_FREETYPE: 1, WITH_HARFBUZZ: 1
[2017.10.30-16.02.35:408][  0]LogSlate: SlateFontCache - WITH_FREETYPE: 1, WITH_HARFBUZZ: 1
[2017.10.30-16.02.49:404][  0]LogAssetRegistry: FAssetRegistry took 0.0569 seconds to start up
[2017.10.30-16.02.54:704][  0]LogInit: Selected Device Profile: [Windows]
[2017.10.30-16.03.10:210][  0]LogContentStreaming: Texture pool size is 0.00 MB
[2017.10.30-16.03.12:167][  0]LogSimplygon: Simplygon DLL not present - disabling.
[2017.10.30-16.03.12:464][  0]LogMeshReduction: Using SimplygonSwarm for distributed automatic mesh merging
[2017.10.30-16.03.12:516][  0]LogMeshReduction: Using QuadricMeshReduction for automatic static mesh reduction
[2017.10.30-16.03.12:517][  0]LogMeshReduction: No automatic skeletal mesh reduction module available
[2017.10.30-16.03.12:517][  0]LogMeshReduction: No automatic mesh merging module available
[2017.10.30-16.03.12:517][  0]LogMeshMerging: No automatic mesh merging module available
[2017.10.30-16.03.43:893][  0]LogNetVersion: Krispy , NetCL: 3573198, EngineNetVer: 2, GameNetVer: 0 (Checksum: 3684103045)
[2017.10.30-16.03.56:991][  0]LogPackageLocalizationCache: Processed 5 localized package path(s) for 1 prioritized culture(s) in 0.471176 seconds
[2017.10.30-16.03.57:073][  0]LogUObjectArray: 35825 objects as part of root set at end of initial load.
[2017.10.30-16.03.57:073][  0]LogUObjectAllocator: 7529104 out of 0 bytes used by permanent object pool.
[2017.10.30-16.03.57:073][  0]LogUObjectArray: CloseDisregardForGC: 0/0 objects in disregard for GC pool
[2017.10.30-16.03.57:353][  0]LogInit: WinSock: version 1.1 (2.2), MaxSocks=32767, MaxUdp=65467
[2017.10.30-16.06.49:017][  0]LogTcpMessaging: Initializing TcpMessaging bridge
[2017.10.30-16.06.49:138][  0]LogUdpMessaging: Initializing bridge on interface 0.0.0.0:0 to multicast group 230.0.0.1:6666.
[2017.10.30-16.06.55:269][  0]LogMaterial: Uniform references updated for custom material expression Custom.
[2017.10.30-16.06.57:354][  0]SourceControl: Source control is disabled
[2017.10.30-16.06.57:361][  0]SourceControl: Source control is disabled
[2017.10.30-16.06.57:564][  0]SourceControl: Source control is disabled
[2017.10.30-16.06.57:753][  0]SourceControl: Source control is disabled
[2017.10.30-16.07.01:348][  0]LogAndroidPermission: UAndroidPermissionCallbackProxy::GetInstance
[2017.10.30-16.07.02:163][  0]LogOcInput: OculusInput pre-init called
[2017.10.30-16.07.03:790][  0]LogEngine: Initializing Engine...
[2017.10.30-16.07.04:019][  0]LogHMD: Failed to initialize OpenVR with code 110
[2017.10.30-16.07.06:118][  0]LogStats: UGameplayTagsManager::ConstructGameplayTagTree: Construct from data asset -  0.000 s
[2017.10.30-16.07.06:139][  0]LogStats: UGameplayTagsManager::ConstructGameplayTagTree: GameplayTagTreeChangedEvent.Broadcast -  0.021 s
[2017.10.30-16.07.24:598][  0]LogAIModule: Creating AISystem for world Untitled
[2017.10.30-16.07.27:951][  0]LogInit: XAudio2 using 'Altavoces (Conexant SmartAudio HD)' : 2 channels at 44.1 kHz using 32 bits per sample (channel mask 0x3)
[2017.10.30-16.07.28:920][  0]LogInit: FAudioDevice initialized.
[2017.10.30-16.07.30:134][  0]LogDerivedDataCache: Saved boot cache 1.12s 93MB C:/Users/crist/AppData/Local/UnrealEngine/4.17/DerivedDataCache/Boot.ddc.
[2017.10.30-16.07.30:201][  0]LogInit: Texture streaming: Enabled
[2017.10.30-16.07.32:098][  0]LogEngineSessionManager: EngineSessionManager initialized
[2017.10.30-16.07.37:576][  0]LogInit: Transaction tracking system initialized
[2017.10.30-16.07.40:630][  0]BlueprintLog: New page: Editor Load
[2017.10.30-16.07.52:134][  0]LocalizationService: Localization service is disabled
[2017.10.30-16.08.00:300][  0]LogConsoleResponse: Display: 
[2017.10.30-16.08.08:354][  0]LogCook: Display: Max memory allowance for cook 16384mb min free memory 0mb
[2017.10.30-16.08.08:633][  0]LogFileCache: Scanning file cache for directory 'C:/Users/crist/OneDrive/Documentos/Unreal Projects/Krispy/Content/' took 0.40s
[2017.10.30-16.08.08:633][  0]LogCook: Display: Mobile HDR setting 1
[2017.10.30-16.08.08:852][  0]LogGameplayTags: Display: UGameplayTagsManager::DoneAddingNativeTags. DelegateIsBound: 0
[2017.10.30-16.08.21:336][  0]SourceControl: Source control is disabled
[2017.10.30-16.08.21:728][  0]Cmd: MAP LOAD FILE="../../../Engine/Content/Maps/Templates/Template_Default.umap" TEMPLATE=1 SHOWPROGRESS=1 FEATURELEVEL=3
[2017.10.30-16.08.22:143][  0]LightingResults: New page: Lighting Build
[2017.10.30-16.08.23:355][  0]MapCheck: New page: Map Check
[2017.10.30-16.08.23:355][  0]LightingResults: New page: Lighting Build
[2017.10.30-16.08.35:301][  0]LogAIModule: Creating AISystem for world Untitled_1
[2017.10.30-16.08.38:000][  0]LogEditorServer: Finished looking for orphan Actors (0.000 secs)
[2017.10.30-16.08.38:861][  0]Cmd: MAP CHECKDEP NOCLEARLOG
[2017.10.30-16.08.43:588][  0]MapCheck: Map check complete: 0 Error(s), 0 Warning(s), took 4.727,048ms to complete.
[2017.10.30-16.08.43:588][  0]LogFileHelpers: Loading map 'Template_Default' took 22.213
[2017.10.30-16.08.55:999][  0]LogCollectionManager: Loaded 0 collections in 0.174651 seconds
[2017.10.30-16.08.58:337][  0]LogFileCache: Scanning file cache for directory 'C:/Users/crist/OneDrive/Documentos/Unreal Projects/Krispy/Saved/Collections/' took 0.01s
[2017.10.30-16.08.58:337][  0]LogFileCache: Scanning file cache for directory 'C:/Users/crist/OneDrive/Documentos/Unreal Projects/Krispy/Content/Developers/crist/Collections/' took 0.01s
[2017.10.30-16.08.58:337][  0]LogFileCache: Scanning file cache for directory 'C:/Users/crist/OneDrive/Documentos/Unreal Projects/Krispy/Content/Collections/' took 0.02s
[2017.10.30-16.08.58:337][  0]LogCollectionManager: Rebuilt the GUID cache for 0 collections in 0.000005 seconds
[2017.10.30-16.08.58:742][  0]LogContentBrowser: Native class hierarchy populated in 0.2860 seconds. Added 2388 classes and 502 folders.
[2017.10.30-16.08.59:842][  0]LogContentBrowser: Native class hierarchy updated for 'WidgetCarousel' in 0.0024 seconds. Added 0 classes and 0 folders.
[2017.10.30-16.09.14:922][  0]LogContentBrowser: Native class hierarchy updated for 'AddContentDialog' in 0.0027 seconds. Added 0 classes and 0 folders.
[2017.10.30-16.09.15:728][  0]LogContentBrowser: Native class hierarchy updated for 'SceneOutliner' in 0.0026 seconds. Added 1 classes and 2 folders.
[2017.10.30-16.09.33:586][  0]LogSlate: Took 0.282452 seconds to synchronously load lazily loaded font '../../../Engine/Content/Slate/Fonts/Roboto-Regular.ttf' (155K)
[2017.10.30-16.09.33:837][  0]LogSlate: Took 0.059132 seconds to synchronously load lazily loaded font '../../../Engine/Content/Slate/Fonts/Roboto-Bold.ttf' (160K)
[2017.10.30-16.09.34:608][  0]LogSlate: Took 0.242175 seconds to synchronously load lazily loaded font '../../../Engine/Content/Editor/Slate/Fonts/FontAwesome.ttf' (139K)
[2017.10.30-16.09.52:117][  0]LogRenderer: Reallocating scene render targets to support 856x372 Format 10 NumSamples 1 (Frame:1).
[2017.10.30-16.10.13:067][  0]LogContentBrowser: Native class hierarchy updated for 'HierarchicalLODOutliner' in 0.0028 seconds. Added 1 classes and 2 folders.
[2017.10.30-16.10.13:067][  0]LogLoad: (Engine Initialization) Total time: 602.16 seconds
[2017.10.30-16.10.13:067][  0]LogLoad: (Engine Initialization) Total Blueprint compile time: 0.00 seconds
[2017.10.30-16.10.13:181][  0]LogExternalProfiler: No external profilers were discovered.  External profiling features will not be available.
[2017.10.30-16.10.16:054][  0]LogContentStreaming: Texture pool size now 1000 MB
[2017.10.30-16.10.24:445][  9]LogAssetRegistry: Asset discovery search completed in 455.0744 seconds
[2017.10.30-16.10.24:512][  9]LogCollectionManager: Rebuilt the object cache for 0 collections in 0.000001 seconds (found 0 objects)
[2017.10.30-16.10.24:529][  9]LogCollectionManager: Fixed up redirectors for 0 collections in 0.015831 seconds (updated 0 objects)
[2017.10.30-16.10.26:915][ 43]LogSlate: Took 0.068763 seconds to synchronously load lazily loaded font '../../../Engine/Content/Slate/Fonts/Roboto-Light.ttf' (159K)
[2017.10.30-16.10.46:247][527]LogSlate: Took 0.000286 seconds to synchronously load lazily loaded font '../../../Engine/Content/Slate/Fonts/Roboto-Light.ttf' (159K)
[2017.10.30-16.10.48:636][641]LogEditorViewport: Clicking on Actor (LMB): StaticMeshActor (Floor)
[2017.10.30-16.11.19:938][996]LogTemp: Executing iPhonePackager certificates Engine -bundlename com.YourCompany.Krispy
[2017.10.30-16.11.19:938][996]LogTemp: CWD: C:\Program Files\Epic Games\UE_4.17\Engine\Binaries\DotNET\IOS
[2017.10.30-16.11.19:938][996]LogTemp: Initial Dir: C:\Program Files\Epic Games\UE_4.17
[2017.10.30-16.11.19:938][996]LogTemp: Env CWD: C:\Program Files\Epic Games\UE_4.17\Engine\Binaries\DotNET\IOS
[2017.10.30-16.11.20:107][  0]LogTemp: BranchPath = DESKTOP-J1B6B5G/C/Program Files/Epic Games/UE_4.17/Engine/Binaries --- GameBranchPath = DESKTOP-J1B6B5G/C/Program Files/Epic Games/UE_4.17/Engine/Binaries
[2017.10.30-16.11.21:776][ 39]LogTemp: IPP ERROR: Could not find provision directory 'C:\Users\crist\AppData\Local/Apple Computer/MobileDevice/Provisioning Profiles/'.
[2017.10.30-16.12.23:804][591]LogTemp: Repeating last play command: Selected Viewport
[2017.10.30-16.12.24:319][591]LogPlayLevel: PlayLevel: No blueprints needed recompiling
[2017.10.30-16.12.24:430][591]PIE: New page: PIE session: Untitled_1 (30-10-2017 10:12:24)
[2017.10.30-16.12.24:460][591]LogPlayLevel: Creating play world package: /Temp/UEDPIE_0_Untitled_1
[2017.10.30-16.12.24:537][591]LogPlayLevel: PIE: StaticDuplicateObject took: (0.077660s)
[2017.10.30-16.12.24:538][591]LogAIModule: Creating AISystem for world Untitled_1
[2017.10.30-16.12.24:554][591]LogPlayLevel: PIE: World Init took: (0.016880s)
[2017.10.30-16.12.24:560][591]LogPlayLevel: PIE: Created PIE world by copying editor world from /Temp/Untitled_1.Untitled_1 to /Temp/UEDPIE_0_Untitled_1.Untitled_1 (0.100467s)
[2017.10.30-16.12.24:837][591]LogInit: XAudio2 using 'Altavoces (Conexant SmartAudio HD)' : 2 channels at 44.1 kHz using 32 bits per sample (channel mask 0x3)
[2017.10.30-16.12.24:860][591]LogInit: FAudioDevice initialized.
[2017.10.30-16.12.25:079][591]LogLoad: Game class is 'BG_GameMode_C'
[2017.10.30-16.12.25:290][591]LogWorld: Bringing World /Temp/UEDPIE_0_Untitled_1.Untitled_1 up for play (max tick rate 60) at 2017.10.30-13.12.25
[2017.10.30-16.12.25:321][591]LogWorld: Bringing up level for play took: 0.045457
[2017.10.30-16.12.27:621][591]LogContentBrowser: Native class hierarchy updated for 'MovieSceneCapture' in 0.0026 seconds. Added 11 classes and 0 folders.
[2017.10.30-16.12.28:697][591]PIE: Play in editor start time for /Temp/UEDPIE_0_Untitled_1 4,54
[2017.10.30-16.12.39:390][844]LogSlate: Warning: Prevented a slow task dialog from being summoned while a context menu was open
[2017.10.30-16.12.58:584][ 59]LogTemp: Repeating last play command: Selected Viewport
[2017.10.30-16.12.58:612][ 59]LogPlayLevel: PlayLevel: No blueprints needed recompiling
[2017.10.30-16.12.58:612][ 59]PIE: New page: PIE session: Untitled_1 (30-10-2017 10:12:58)
[2017.10.30-16.12.58:612][ 59]LogPlayLevel: Creating play world package: /Temp/UEDPIE_0_Untitled_1
[2017.10.30-16.12.58:624][ 59]LogPlayLevel: PIE: StaticDuplicateObject took: (0.011300s)
[2017.10.30-16.12.58:629][ 59]LogAIModule: Creating AISystem for world Untitled_1
[2017.10.30-16.12.58:632][ 59]LogPlayLevel: PIE: World Init took: (0.007432s)
[2017.10.30-16.12.58:632][ 59]LogPlayLevel: PIE: Created PIE world by copying editor world from /Temp/Untitled_1.Untitled_1 to /Temp/UEDPIE_0_Untitled_1.Untitled_1 (0.019554s)
[2017.10.30-16.12.58:658][ 59]LogInit: XAudio2 using 'Altavoces (Conexant SmartAudio HD)' : 2 channels at 44.1 kHz using 32 bits per sample (channel mask 0x3)
[2017.10.30-16.12.58:732][ 59]LogInit: FAudioDevice initialized.
[2017.10.30-16.12.58:785][ 59]LogLoad: Game class is 'BG_GameMode_C'
[2017.10.30-16.12.58:787][ 59]LogWorld: Bringing World /Temp/UEDPIE_0_Untitled_1.Untitled_1 up for play (max tick rate 60) at 2017.10.30-13.12.58
[2017.10.30-16.12.58:787][ 59]LogWorld: Bringing up level for play took: 0.001540
[2017.10.30-16.12.58:789][ 59]PIE: Play in editor start time for /Temp/UEDPIE_0_Untitled_1 0,632
[2017.10.30-16.13.10:608][318]LogSlate: Took 0.032798 seconds to synchronously load lazily loaded font '../../../Engine/Content/Slate/Fonts/Roboto-Regular.ttf' (155K)
[2017.10.30-16.13.15:116][318]LogContentBrowser: Native class hierarchy updated for 'BlueprintGraph' in 0.0146 seconds. Added 113 classes and 0 folders.
[2017.10.30-16.13.45:017][425]LogSlate: Took 0.128863 seconds to synchronously load lazily loaded font '../../../Engine/Content/Editor/Slate/Fonts/Roboto-BoldCondensed.ttf' (158K)
[2017.10.30-16.13.55:296][494]LogRenderer: Reallocating scene render targets to support 856x464 Format 10 NumSamples 1 (Frame:1).
[2017.10.30-16.14.21:161][830]LogSlate: Took 0.111547 seconds to synchronously load lazily loaded font '../../../Engine/Content/Editor/Slate/Fonts/Roboto-Italic.ttf' (157K)
[2017.10.30-16.15.03:744][406]LogTemp: Repeating last play command: Selected Viewport
[2017.10.30-16.15.03:996][406]LogPlayLevel: PlayLevel: No blueprints needed recompiling
[2017.10.30-16.15.03:997][406]PIE: New page: PIE session: Untitled_1 (30-10-2017 10:15:03)
[2017.10.30-16.15.03:997][406]LogPlayLevel: Creating play world package: /Temp/UEDPIE_0_Untitled_1
[2017.10.30-16.15.04:001][406]LogPlayLevel: PIE: StaticDuplicateObject took: (0.004279s)
[2017.10.30-16.15.04:002][406]LogAIModule: Creating AISystem for world Untitled_1
[2017.10.30-16.15.04:003][406]LogPlayLevel: PIE: World Init took: (0.001525s)
[2017.10.30-16.15.04:003][406]LogPlayLevel: PIE: Created PIE world by copying editor world from /Temp/Untitled_1.Untitled_1 to /Temp/UEDPIE_0_Untitled_1.Untitled_1 (0.006181s)
[2017.10.30-16.15.04:168][406]LogInit: XAudio2 using 'Altavoces (Conexant SmartAudio HD)' : 2 channels at 44.1 kHz using 32 bits per sample (channel mask 0x3)
[2017.10.30-16.15.04:192][406]LogInit: FAudioDevice initialized.
[2017.10.30-16.15.04:252][406]LogLoad: Game class is 'BG_GameMode_C'
[2017.10.30-16.15.04:254][406]LogWorld: Bringing World /Temp/UEDPIE_0_Untitled_1.Untitled_1 up for play (max tick rate 60) at 2017.10.30-13.15.04
[2017.10.30-16.15.04:254][406]LogWorld: Bringing up level for play took: 0.001382
[2017.10.30-16.15.04:257][406]PIE: Play in editor start time for /Temp/UEDPIE_0_Untitled_1 0,1
[2017.10.30-16.15.18:273][723]BlueprintLog: New page: Compile BP_Krispy
[2017.10.30-16.15.22:680][758]Cmd: OBJ SAVEPACKAGE PACKAGE="/Game/Blueprints/BP_Krispy" FILE="../../../../../../Users/crist/OneDrive/Documentos/Unreal Projects/Krispy/Content/Blueprints/BP_Krispy.uasset" SILENT=true
[2017.10.30-16.15.23:143][758]LogSavePackage: Save=340.77ms
[2017.10.30-16.15.23:143][758]LogSavePackage: Moving '../../../../../../Users/crist/OneDrive/Documentos/Unreal Projects/Krispy/Saved/BP_KrispyEC9E6ACB4C484F68576AD1B1459E2BAB.tmp' to '../../../../../../Users/crist/OneDrive/Documentos/Unreal Projects/Krispy/Content/Blueprints/BP_Krispy.uasset'
[2017.10.30-16.15.23:272][758]LogSavePackage: Display: Finished SavePackage ../../../../../../Users/crist/OneDrive/Documentos/Unreal Projects/Krispy/Content/Blueprints/BP_Krispy.uasset
[2017.10.30-16.15.26:045][816]LogTemp: Repeating last play command: Selected Viewport
[2017.10.30-16.15.26:092][816]LogPlayLevel: PlayLevel: No blueprints needed recompiling
[2017.10.30-16.15.26:093][816]PIE: New page: PIE session: Untitled_1 (30-10-2017 10:15:26)
[2017.10.30-16.15.26:093][816]LogPlayLevel: Creating play world package: /Temp/UEDPIE_0_Untitled_1
[2017.10.30-16.15.26:099][816]LogPlayLevel: PIE: StaticDuplicateObject took: (0.005559s)
[2017.10.30-16.15.26:101][816]LogAIModule: Creating AISystem for world Untitled_1
[2017.10.30-16.15.26:101][816]LogPlayLevel: PIE: World Init took: (0.002069s)
[2017.10.30-16.15.26:102][816]LogPlayLevel: PIE: Created PIE world by copying editor world from /Temp/Untitled_1.Untitled_1 to /Temp/UEDPIE_0_Untitled_1.Untitled_1 (0.008570s)
[2017.10.30-16.15.26:150][816]LogInit: XAudio2 using 'Altavoces (Conexant SmartAudio HD)' : 2 channels at 44.1 kHz using 32 bits per sample (channel mask 0x3)
[2017.10.30-16.15.26:169][816]LogInit: FAudioDevice initialized.
[2017.10.30-16.15.26:201][816]LogLoad: Game class is 'BG_GameMode_C'
[2017.10.30-16.15.26:203][816]LogWorld: Bringing World /Temp/UEDPIE_0_Untitled_1.Untitled_1 up for play (max tick rate 60) at 2017.10.30-13.15.26
[2017.10.30-16.15.26:203][816]LogWorld: Bringing up level for play took: 0.001633
[2017.10.30-16.15.26:205][816]PIE: Play in editor start time for /Temp/UEDPIE_0_Untitled_1 0,048
[2017.10.30-16.15.42:151][235]LogEditorViewport: Clicking on Actor (LMB): DirectionalLight (Light Source)
[2017.10.30-16.15.53:376][488]LogEditorViewport: Clicking on Actor (LMB): DirectionalLight (Light Source)
[2017.10.30-16.16.05:821][790]LogTemp: Repeating last play command: Selected Viewport
[2017.10.30-16.16.05:860][790]LogPlayLevel: PlayLevel: No blueprints needed recompiling
[2017.10.30-16.16.05:861][790]PIE: New page: PIE session: Untitled_1 (30-10-2017 10:16:05)
[2017.10.30-16.16.05:862][790]LogPlayLevel: Creating play world package: /Temp/UEDPIE_0_Untitled_1
[2017.10.30-16.16.05:871][790]LogPlayLevel: PIE: StaticDuplicateObject took: (0.008741s)
[2017.10.30-16.16.05:875][790]LogAIModule: Creating AISystem for world Untitled_1
[2017.10.30-16.16.05:875][790]LogPlayLevel: PIE: World Init took: (0.004028s)
[2017.10.30-16.16.05:876][790]LogPlayLevel: PIE: Created PIE world by copying editor world from /Temp/Untitled_1.Untitled_1 to /Temp/UEDPIE_0_Untitled_1.Untitled_1 (0.014028s)
[2017.10.30-16.16.05:923][790]LogInit: XAudio2 using 'Altavoces (Conexant SmartAudio HD)' : 2 channels at 44.1 kHz using 32 bits per sample (channel mask 0x3)
[2017.10.30-16.16.05:946][790]LogInit: FAudioDevice initialized.
[2017.10.30-16.16.05:977][790]LogLoad: Game class is 'BG_GameMode_C'
[2017.10.30-16.16.05:979][790]LogWorld: Bringing World /Temp/UEDPIE_0_Untitled_1.Untitled_1 up for play (max tick rate 60) at 2017.10.30-13.16.05
[2017.10.30-16.16.05:979][790]LogWorld: Bringing up level for play took: 0.001468
[2017.10.30-16.16.05:981][790]PIE: Play in editor start time for /Temp/UEDPIE_0_Untitled_1 -0,176
[2017.10.30-16.16.24:722][ 84]BlueprintLog: New page: Compile BP_Krispy
[2017.10.30-16.16.25:922][ 93]Cmd: OBJ SAVEPACKAGE PACKAGE="/Game/Blueprints/BP_Krispy" FILE="../../../../../../Users/crist/OneDrive/Documentos/Unreal Projects/Krispy/Content/Blueprints/BP_Krispy.uasset" SILENT=true
[2017.10.30-16.16.25:982][ 93]LogSavePackage: Save=53.38ms
[2017.10.30-16.16.25:983][ 93]LogSavePackage: Moving '../../../../../../Users/crist/OneDrive/Documentos/Unreal Projects/Krispy/Saved/BP_Krispy5FFD678341940D2303DEA88B8A0F944B.tmp' to '../../../../../../Users/crist/OneDrive/Documentos/Unreal Projects/Krispy/Content/Blueprints/BP_Krispy.uasset'
[2017.10.30-16.16.25:991][ 93]LogSavePackage: Display: Finished SavePackage ../../../../../../Users/crist/OneDrive/Documentos/Unreal Projects/Krispy/Content/Blueprints/BP_Krispy.uasset
[2017.10.30-16.16.30:355][181]LogTemp: Repeating last play command: Selected Viewport
[2017.10.30-16.16.30:396][181]LogPlayLevel: PlayLevel: No blueprints needed recompiling
[2017.10.30-16.16.30:397][181]PIE: New page: PIE session: Untitled_1 (30-10-2017 10:16:30)
[2017.10.30-16.16.30:397][181]LogPlayLevel: Creating play world package: /Temp/UEDPIE_0_Untitled_1
[2017.10.30-16.16.30:407][181]LogPlayLevel: PIE: StaticDuplicateObject took: (0.009230s)
[2017.10.30-16.16.30:410][181]LogAIModule: Creating AISystem for world Untitled_1
[2017.10.30-16.16.30:411][181]LogPlayLevel: PIE: World Init took: (0.003977s)
[2017.10.30-16.16.30:412][181]LogPlayLevel: PIE: Created PIE world by copying editor world from /Temp/Untitled_1.Untitled_1 to /Temp/UEDPIE_0_Untitled_1.Untitled_1 (0.014582s)
[2017.10.30-16.16.30:455][181]LogInit: XAudio2 using 'Altavoces (Conexant SmartAudio HD)' : 2 channels at 44.1 kHz using 32 bits per sample (channel mask 0x3)
[2017.10.30-16.16.30:475][181]LogInit: FAudioDevice initialized.
[2017.10.30-16.16.30:508][181]LogLoad: Game class is 'BG_GameMode_C'
[2017.10.30-16.16.30:510][181]LogWorld: Bringing World /Temp/UEDPIE_0_Untitled_1.Untitled_1 up for play (max tick rate 60) at 2017.10.30-13.16.30
[2017.10.30-16.16.30:510][181]LogWorld: Bringing up level for play took: 0.001153
[2017.10.30-16.16.30:512][181]PIE: Play in editor start time for /Temp/UEDPIE_0_Untitled_1 0,355
[2017.10.30-16.16.50:019][519]BlueprintLog: New page: Compile BP_Krispy
[2017.10.30-16.16.51:213][528]Cmd: OBJ SAVEPACKAGE PACKAGE="/Game/Blueprints/BP_Krispy" FILE="../../../../../../Users/crist/OneDrive/Documentos/Unreal Projects/Krispy/Content/Blueprints/BP_Krispy.uasset" SILENT=true
[2017.10.30-16.16.51:275][528]LogSavePackage: Save=56.21ms
[2017.10.30-16.16.51:275][528]LogSavePackage: Moving '../../../../../../Users/crist/OneDrive/Documentos/Unreal Projects/Krispy/Saved/BP_KrispyDF3369B74A040AAA4DA6668622A6249A.tmp' to '../../../../../../Users/crist/OneDrive/Documentos/Unreal Projects/Krispy/Content/Blueprints/BP_Krispy.uasset'
[2017.10.30-16.16.51:284][528]LogSavePackage: Display: Finished SavePackage ../../../../../../Users/crist/OneDrive/Documentos/Unreal Projects/Krispy/Content/Blueprints/BP_Krispy.uasset
[2017.10.30-16.16.55:046][593]LogTemp: Repeating last play command: Selected Viewport
[2017.10.30-16.16.55:077][593]LogPlayLevel: PlayLevel: No blueprints needed recompiling
[2017.10.30-16.16.55:078][593]PIE: New page: PIE session: Untitled_1 (30-10-2017 10:16:55)
[2017.10.30-16.16.55:078][593]LogPlayLevel: Creating play world package: /Temp/UEDPIE_0_Untitled_1
[2017.10.30-16.16.55:088][593]LogPlayLevel: PIE: StaticDuplicateObject took: (0.009117s)
[2017.10.30-16.16.55:093][593]LogAIModule: Creating AISystem for world Untitled_1
[2017.10.30-16.16.55:093][593]LogPlayLevel: PIE: World Init took: (0.005269s)
[2017.10.30-16.16.55:094][593]LogPlayLevel: PIE: Created PIE world by copying editor world from /Temp/Untitled_1.Untitled_1 to /Temp/UEDPIE_0_Untitled_1.Untitled_1 (0.015592s)
[2017.10.30-16.16.55:140][593]LogInit: XAudio2 using 'Altavoces (Conexant SmartAudio HD)' : 2 channels at 44.1 kHz using 32 bits per sample (channel mask 0x3)
[2017.10.30-16.16.55:163][593]LogInit: FAudioDevice initialized.
[2017.10.30-16.16.55:195][593]LogLoad: Game class is 'BG_GameMode_C'
[2017.10.30-16.16.55:197][593]LogWorld: Bringing World /Temp/UEDPIE_0_Untitled_1.Untitled_1 up for play (max tick rate 60) at 2017.10.30-13.16.55
[2017.10.30-16.16.55:197][593]LogWorld: Bringing up level for play took: 0.001276
[2017.10.30-16.16.55:199][593]PIE: Play in editor start time for /Temp/UEDPIE_0_Untitled_1 1,042
[2017.10.30-16.17.30:125][193]LogEditorViewport: Clicking on Actor (LMB): BP_Sky_Sphere_C (Sky Sphere)
[2017.10.30-16.17.31:154][216]LogEditorViewport: Clicking on Actor (LMB): BP_Sky_Sphere_C (Sky Sphere)
[2017.10.30-16.17.33:304][265]LogEditorViewport: Clicking on Actor (LMB): BP_Sky_Sphere_C (Sky Sphere)
[2017.10.30-16.18.11:357][781]LogTemp: Executing iPhonePackager certificates Engine -bundlename com.YourCompany.Krispy
[2017.10.30-16.18.11:357][781]LogTemp: CWD: C:\Program Files\Epic Games\UE_4.17\Engine\Binaries\DotNET\IOS
[2017.10.30-16.18.11:358][781]LogTemp: Initial Dir: C:\Program Files\Epic Games\UE_4.17
[2017.10.30-16.18.11:358][781]LogTemp: Env CWD: C:\Program Files\Epic Games\UE_4.17\Engine\Binaries\DotNET\IOS
[2017.10.30-16.18.12:280][799]LogTemp: BranchPath = DESKTOP-J1B6B5G/C/Program Files/Epic Games/UE_4.17/Engine/Binaries --- GameBranchPath = DESKTOP-J1B6B5G/C/Program Files/Epic Games/UE_4.17/Engine/Binaries
[2017.10.30-16.18.15:442][831]LogTemp: IPP ERROR: Could not find provision directory 'C:\Users\crist\AppData\Local/Apple Computer/MobileDevice/Provisioning Profiles/'.
[2017.10.30-16.18.28:601][ 92]LogTemp: Repeating last play command: Selected Viewport
[2017.10.30-16.18.28:631][ 92]LogPlayLevel: PlayLevel: No blueprints needed recompiling
[2017.10.30-16.18.28:632][ 92]PIE: New page: PIE session: Untitled_1 (30-10-2017 10:18:28)
[2017.10.30-16.18.28:632][ 92]LogPlayLevel: Creating play world package: /Temp/UEDPIE_0_Untitled_1
[2017.10.30-16.18.28:635][ 92]LogPlayLevel: PIE: StaticDuplicateObject took: (0.003490s)
[2017.10.30-16.18.28:637][ 92]LogAIModule: Creating AISystem for world Untitled_1
[2017.10.30-16.18.28:638][ 92]LogPlayLevel: PIE: World Init took: (0.002295s)
[2017.10.30-16.18.28:638][ 92]LogPlayLevel: PIE: Created PIE world by copying editor world from /Temp/Untitled_1.Untitled_1 to /Temp/UEDPIE_0_Untitled_1.Untitled_1 (0.006623s)
[2017.10.30-16.18.28:701][ 92]LogInit: XAudio2 using 'Altavoces (Conexant SmartAudio HD)' : 2 channels at 44.1 kHz using 32 bits per sample (channel mask 0x3)
[2017.10.30-16.18.28:725][ 92]LogInit: FAudioDevice initialized.
[2017.10.30-16.18.28:805][ 92]LogLoad: Game class is 'BG_GameMode_C'
[2017.10.30-16.18.28:806][ 92]LogWorld: Bringing World /Temp/UEDPIE_0_Untitled_1.Untitled_1 up for play (max tick rate 60) at 2017.10.30-13.18.28
[2017.10.30-16.18.28:807][ 92]LogWorld: Bringing up level for play took: 0.001520
[2017.10.30-16.18.28:809][ 92]PIE: Play in editor start time for /Temp/UEDPIE_0_Untitled_1 0,652
[2017.10.30-16.18.47:690][389]LogTemp: Executing iPhonePackager certificates Engine -bundlename com.YourCompany.Krispy
[2017.10.30-16.18.47:690][389]LogTemp: CWD: C:\Program Files\Epic Games\UE_4.17\Engine\Binaries\DotNET\IOS
[2017.10.30-16.18.47:690][389]LogTemp: Initial Dir: C:\Program Files\Epic Games\UE_4.17
[2017.10.30-16.18.47:690][389]LogTemp: Env CWD: C:\Program Files\Epic Games\UE_4.17\Engine\Binaries\DotNET\IOS
[2017.10.30-16.18.47:690][389]LogTemp: BranchPath = DESKTOP-J1B6B5G/C/Program Files/Epic Games/UE_4.17/Engine/Binaries --- GameBranchPath = DESKTOP-J1B6B5G/C/Program Files/Epic Games/UE_4.17/Engine/Binaries
[2017.10.30-16.18.47:691][389]LogTemp: IPP ERROR: Could not find provision directory 'C:\Users\crist\AppData\Local/Apple Computer/MobileDevice/Provisioning Profiles/'.
[2017.10.30-16.19.04:627][624]LogTemp: Repeating last play command: Selected Viewport
[2017.10.30-16.19.04:660][624]LogPlayLevel: PlayLevel: No blueprints needed recompiling
[2017.10.30-16.19.04:660][624]PIE: New page: PIE session: Untitled_1 (30-10-2017 10:19:04)
[2017.10.30-16.19.04:661][624]LogPlayLevel: Creating play world package: /Temp/UEDPIE_0_Untitled_1
[2017.10.30-16.19.04:668][624]LogPlayLevel: PIE: StaticDuplicateObject took: (0.007529s)
[2017.10.30-16.19.04:673][624]LogAIModule: Creating AISystem for world Untitled_1
[2017.10.30-16.19.04:676][624]LogPlayLevel: PIE: World Init took: (0.007181s)
[2017.10.30-16.19.04:676][624]LogPlayLevel: PIE: Created PIE world by copying editor world from /Temp/Untitled_1.Untitled_1 to /Temp/UEDPIE_0_Untitled_1.Untitled_1 (0.015668s)
[2017.10.30-16.19.04:717][624]LogInit: XAudio2 using 'Altavoces (Conexant SmartAudio HD)' : 2 channels at 44.1 kHz using 32 bits per sample (channel mask 0x3)
[2017.10.30-16.19.04:738][624]LogInit: FAudioDevice initialized.
[2017.10.30-16.19.04:772][624]LogLoad: Game class is 'BG_GameMode_C'
[2017.10.30-16.19.04:773][624]LogWorld: Bringing World /Temp/UEDPIE_0_Untitled_1.Untitled_1 up for play (max tick rate 60) at 2017.10.30-13.19.04
[2017.10.30-16.19.04:774][624]LogWorld: Bringing up level for play took: 0.001395
[2017.10.30-16.19.04:775][624]PIE: Play in editor start time for /Temp/UEDPIE_0_Untitled_1 0,618
[2017.10.30-16.19.21:844][934]LogLinker: Warning: Can't find file '/Game/Level_1_BuiltData'
[2017.10.30-16.19.22:067][934]LogLinker: Warning: Can't find file for asset '/Game/Level_1_BuiltData' while loading ../../../../../../Users/crist/OneDrive/Documentos/Unreal Projects/Krispy/Content/Level_1.umap.
[2017.10.30-16.19.22:068][934]LoadErrors: Error: /Game/Level_1 : Can't find file for asset. /Game/Level_1_BuiltData
[2017.10.30-16.19.22:406][934]LogLinker: Warning: Can't find file '/Game/Level_1_BuiltData'
[2017.10.30-16.19.22:407][934]LogLinker: Warning: Can't find file for asset '/Game/Level_1_BuiltData' while loading ../../../../../../Users/crist/OneDrive/Documentos/Unreal Projects/Krispy/Content/Level_1.umap.
[2017.10.30-16.19.22:786][934]LogLinker: Warning: Can't find file '/Game/Level_1_BuiltData'
[2017.10.30-16.19.22:786][934]LoadErrors: Failed to load /Game/Level_1_BuiltData.Level_1_BuiltData Referenced by PersistentLevel
[2017.10.30-16.19.22:786][934]LogLinker: Warning: Can't find file for asset '/Game/Level_1_BuiltData' while loading NULL.
[2017.10.30-16.19.22:919][934]LogAIModule: Creating AISystem for world Level_1
[2017.10.30-16.19.27:526][934]Cmd: MAP LOAD FILE="../../../../../../Users/crist/OneDrive/Documentos/Unreal Projects/Krispy/Content/Level_1.umap" TEMPLATE=0 SHOWPROGRESS=1 FEATURELEVEL=3
[2017.10.30-16.19.27:744][934]LightingResults: New page: Lighting Build
[2017.10.30-16.19.27:792][934]LoadErrors: New page: Loading map: Level_1.umap
[2017.10.30-16.19.27:862][934]MapCheck: New page: Map Check
[2017.10.30-16.19.27:862][934]LightingResults: New page: Lighting Build
[2017.10.30-16.19.29:394][934]LogEditorServer: Finished looking for orphan Actors (0.000 secs)
[2017.10.30-16.19.29:686][934]Cmd: MAP CHECKDEP NOCLEARLOG
[2017.10.30-16.19.50:571][934]MapCheck: Map check complete: 0 Error(s), 0 Warning(s), took 20.885,829ms to complete.
[2017.10.30-16.19.50:574][934]LogFileHelpers: Loading map 'Level_1' took 23.717
[2017.10.30-16.20.47:592][142]LogTemp: Repeating last play command: Selected Viewport
[2017.10.30-16.20.47:639][142]LogPlayLevel: PlayLevel: No blueprints needed recompiling
[2017.10.30-16.20.47:640][142]PIE: New page: PIE session: Level_1 (30-10-2017 10:20:47)
[2017.10.30-16.20.47:641][142]LogPlayLevel: Creating play world package: /Game/UEDPIE_0_Level_1
[2017.10.30-16.20.47:649][142]LogPlayLevel: PIE: StaticDuplicateObject took: (0.008376s)
[2017.10.30-16.20.47:654][142]LogAIModule: Creating AISystem for world Level_1
[2017.10.30-16.20.47:655][142]LogPlayLevel: PIE: World Init took: (0.005408s)
[2017.10.30-16.20.47:655][142]LogPlayLevel: PIE: Created PIE world by copying editor world from /Game/Level_1.Level_1 to /Game/UEDPIE_0_Level_1.Level_1 (0.014748s)
[2017.10.30-16.20.47:697][142]LogInit: XAudio2 using 'Altavoces (Conexant SmartAudio HD)' : 2 channels at 44.1 kHz using 32 bits per sample (channel mask 0x3)
[2017.10.30-16.20.47:725][142]LogInit: FAudioDevice initialized.
[2017.10.30-16.20.47:760][142]LogLoad: Game class is 'BG_GameMode_C'
[2017.10.30-16.20.47:761][142]LogWorld: Bringing World /Game/UEDPIE_0_Level_1.Level_1 up for play (max tick rate 60) at 2017.10.30-13.20.47
[2017.10.30-16.20.47:761][142]LogWorld: Bringing up level for play took: 0.001161
[2017.10.30-16.20.47:763][142]PIE: Play in editor start time for /Game/UEDPIE_0_Level_1 -0,394
[2017.10.30-16.20.57:883][388]LogEditorViewport: Clicking on Actor (LMB): DirectionalLight (Light Source)
[2017.10.30-16.21.07:936][570]LogEditorViewport: Clicking on Actor (LMB): BP_Sky_Sphere_C (Sky Sphere)
[2017.10.30-16.21.09:946][611]LogEditorViewport: Clicking on Actor (LMB): DirectionalLight (Light Source)
[2017.10.30-16.21.11:481][643]LogEditorViewport: Clicking on Actor (LMB): StaticMeshActor (Floor)
[2017.10.30-16.21.12:713][668]LogEditorViewport: Clicking on Actor (LMB): DirectionalLight (Light Source)
[2017.10.30-16.21.29:822][ 32]LogTemp: Repeating last play command: Selected Viewport
[2017.10.30-16.21.29:885][ 32]LogPlayLevel: PlayLevel: No blueprints needed recompiling
[2017.10.30-16.21.29:886][ 32]PIE: New page: PIE session: Level_1 (30-10-2017 10:21:29)
[2017.10.30-16.21.29:886][ 32]LogPlayLevel: Creating play world package: /Game/UEDPIE_0_Level_1
[2017.10.30-16.21.29:894][ 32]LogPlayLevel: PIE: StaticDuplicateObject took: (0.007086s)
[2017.10.30-16.21.29:897][ 32]LogAIModule: Creating AISystem for world Level_1
[2017.10.30-16.21.29:898][ 32]LogPlayLevel: PIE: World Init took: (0.003788s)
[2017.10.30-16.21.29:898][ 32]LogPlayLevel: PIE: Created PIE world by copying editor world from /Game/Level_1.Level_1 to /Game/UEDPIE_0_Level_1.Level_1 (0.011524s)
[2017.10.30-16.21.29:972][ 32]LogInit: XAudio2 using 'Altavoces (Conexant SmartAudio HD)' : 2 channels at 44.1 kHz using 32 bits per sample (channel mask 0x3)
[2017.10.30-16.21.30:020][ 32]LogInit: FAudioDevice initialized.
[2017.10.30-16.21.30:058][ 32]LogLoad: Game class is 'BG_GameMode_C'
[2017.10.30-16.21.30:060][ 32]LogWorld: Bringing World /Game/UEDPIE_0_Level_1.Level_1 up for play (max tick rate 0) at 2017.10.30-13.21.30
[2017.10.30-16.21.30:061][ 32]LogWorld: Bringing up level for play took: 0.001886
[2017.10.30-16.21.30:063][ 32]PIE: Play in editor start time for /Game/UEDPIE_0_Level_1 -0,094
[2017.10.30-16.22.31:826][425]Cmd: OBJ SAVEPACKAGE PACKAGE="/Game/Level_1" FILE="../../../../../../Users/crist/OneDrive/Documentos/Unreal Projects/Krispy/Content/Level_1.umap" SILENT=true AUTOSAVING=false KEEPDIRTY=false
[2017.10.30-16.22.32:153][425]LogSavePackage: Save=213.91ms
[2017.10.30-16.22.32:153][425]LogSavePackage: Moving '../../../../../../Users/crist/OneDrive/Documentos/Unreal Projects/Krispy/Saved/Level_139C224AF419CDA6D3AA57A88F650F482.tmp' to '../../../../../../Users/crist/OneDrive/Documentos/Unreal Projects/Krispy/Content/Level_1.umap'
[2017.10.30-16.22.32:186][425]LogSavePackage: Display: Finished SavePackage ../../../../../../Users/crist/OneDrive/Documentos/Unreal Projects/Krispy/Content/Level_1.umap
[2017.10.30-16.23.15:922][374]LogTemp: Repeating last play command: Selected Viewport
[2017.10.30-16.23.15:987][374]LogPlayLevel: PlayLevel: No blueprints needed recompiling
[2017.10.30-16.23.15:988][374]PIE: New page: PIE session: Level_1 (30-10-2017 10:23:15)
[2017.10.30-16.23.15:988][374]LogPlayLevel: Creating play world package: /Game/UEDPIE_0_Level_1
[2017.10.30-16.23.16:000][374]LogPlayLevel: PIE: StaticDuplicateObject took: (0.011527s)
[2017.10.30-16.23.16:004][374]LogAIModule: Creating AISystem for world Level_1
[2017.10.30-16.23.16:005][374]LogPlayLevel: PIE: World Init took: (0.005005s)
[2017.10.30-16.23.16:005][374]LogPlayLevel: PIE: Created PIE world by copying editor world from /Game/Level_1.Level_1 to /Game/UEDPIE_0_Level_1.Level_1 (0.017389s)
[2017.10.30-16.23.16:040][374]LogInit: XAudio2 using 'Altavoces (Conexant SmartAudio HD)' : 2 channels at 44.1 kHz using 32 bits per sample (channel mask 0x3)
[2017.10.30-16.23.16:079][374]LogInit: FAudioDevice initialized.
[2017.10.30-16.23.16:114][374]LogLoad: Game class is 'BG_GameMode_C'
[2017.10.30-16.23.16:116][374]LogWorld: Bringing World /Game/UEDPIE_0_Level_1.Level_1 up for play (max tick rate 0) at 2017.10.30-13.23.16
[2017.10.30-16.23.16:117][374]LogWorld: Bringing up level for play took: 0.001779
[2017.10.30-16.23.16:120][374]PIE: Play in editor start time for /Game/UEDPIE_0_Level_1 -0,037
[2017.10.30-16.23.35:820][749]LogTemp: Executing iPhonePackager certificates Engine -bundlename com.YourCompany.Krispy
[2017.10.30-16.23.35:821][749]LogTemp: CWD: C:\Program Files\Epic Games\UE_4.17\Engine\Binaries\DotNET\IOS
[2017.10.30-16.23.35:821][749]LogTemp: Initial Dir: C:\Program Files\Epic Games\UE_4.17
[2017.10.30-16.23.35:821][749]LogTemp: Env CWD: C:\Program Files\Epic Games\UE_4.17\Engine\Binaries\DotNET\IOS
[2017.10.30-16.23.36:010][753]LogTemp: BranchPath = DESKTOP-J1B6B5G/C/Program Files/Epic Games/UE_4.17/Engine/Binaries --- GameBranchPath = DESKTOP-J1B6B5G/C/Program Files/Epic Games/UE_4.17/Engine/Binaries
[2017.10.30-16.23.36:337][760]LogTemp: IPP ERROR: Could not find provision directory 'C:\Users\crist\AppData\Local/Apple Computer/MobileDevice/Provisioning Profiles/'.
[2017.10.30-16.28.19:416][868]LogTemp: Executing iPhonePackager certificates Engine -bundlename com.YourCompany.Krispy
[2017.10.30-16.28.19:416][868]LogTemp: CWD: C:\Program Files\Epic Games\UE_4.17\Engine\Binaries\DotNET\IOS
[2017.10.30-16.28.19:416][868]LogTemp: Initial Dir: C:\Program Files\Epic Games\UE_4.17
[2017.10.30-16.28.19:416][868]LogTemp: Env CWD: C:\Program Files\Epic Games\UE_4.17\Engine\Binaries\DotNET\IOS
[2017.10.30-16.28.19:746][869]LogTemp: BranchPath = DESKTOP-J1B6B5G/C/Program Files/Epic Games/UE_4.17/Engine/Binaries --- GameBranchPath = DESKTOP-J1B6B5G/C/Program Files/Epic Games/UE_4.17/Engine/Binaries
[2017.10.30-16.28.20:843][893]LogTemp: IPP ERROR: Could not find provision directory 'C:\Users\crist\AppData\Local/Apple Computer/MobileDevice/Provisioning Profiles/'.
[2017.10.30-16.28.41:979][325]LogTemp: Repeating last play command: Selected Viewport
[2017.10.30-16.28.42:048][325]LogPlayLevel: PlayLevel: No blueprints needed recompiling
[2017.10.30-16.28.42:048][325]PIE: New page: PIE session: Level_1 (30-10-2017 10:28:42)
[2017.10.30-16.28.42:048][325]LogPlayLevel: Creating play world package: /Game/UEDPIE_0_Level_1
[2017.10.30-16.28.42:136][325]LogPlayLevel: PIE: StaticDuplicateObject took: (0.087622s)
[2017.10.30-16.28.42:137][325]LogAIModule: Creating AISystem for world Level_1
[2017.10.30-16.28.42:137][325]LogPlayLevel: PIE: World Init took: (0.001775s)
[2017.10.30-16.28.42:138][325]LogPlayLevel: PIE: Created PIE world by copying editor world from /Game/Level_1.Level_1 to /Game/UEDPIE_0_Level_1.Level_1 (0.089980s)
[2017.10.30-16.28.42:178][325]LogInit: XAudio2 using 'Altavoces (Conexant SmartAudio HD)' : 2 channels at 44.1 kHz using 32 bits per sample (channel mask 0x3)
[2017.10.30-16.28.42:316][325]LogInit: FAudioDevice initialized.
[2017.10.30-16.28.42:650][325]LogLoad: Game class is 'BG_GameMode_C'
[2017.10.30-16.28.42:652][325]LogWorld: Bringing World /Game/UEDPIE_0_Level_1.Level_1 up for play (max tick rate 0) at 2017.10.30-13.28.42
[2017.10.30-16.28.42:652][325]LogWorld: Bringing up level for play took: 0.001611
[2017.10.30-16.28.42:654][325]PIE: Play in editor start time for /Game/UEDPIE_0_Level_1 0,497
[2017.10.30-16.32.37:647][297]LogSlate: Took 0.817127 seconds to synchronously load lazily loaded font '../../../Engine/Content/Slate/Fonts/Roboto-Light.ttf' (159K)
[2017.10.30-16.38.03:430][583]LogTemp: Repeating last play command: Selected Viewport
[2017.10.30-16.38.06:481][583]LogPlayLevel: PlayLevel: No blueprints needed recompiling
[2017.10.30-16.38.06:960][583]PIE: New page: PIE session: Level_1 (30-10-2017 10:38:06)
[2017.10.30-16.38.07:618][583]LogPlayLevel: Creating play world package: /Game/UEDPIE_0_Level_1
[2017.10.30-16.38.11:741][583]LogPlayLevel: PIE: StaticDuplicateObject took: (4.086870s)
[2017.10.30-16.38.13:080][583]LogAIModule: Creating AISystem for world Level_1
[2017.10.30-16.38.13:972][583]LogPlayLevel: PIE: World Init took: (2.230400s)
[2017.10.30-16.38.14:102][583]LogPlayLevel: PIE: Created PIE world by copying editor world from /Game/Level_1.Level_1 to /Game/UEDPIE_0_Level_1.Level_1 (6.531019s)
[2017.10.30-16.38.37:515][583]LogInit: XAudio2 using 'Altavoces (Conexant SmartAudio HD)' : 2 channels at 44.1 kHz using 32 bits per sample (channel mask 0x3)
[2017.10.30-16.38.38:891][583]LogInit: FAudioDevice initialized.
[2017.10.30-16.38.45:579][583]LogLoad: Game class is 'BG_GameMode_C'
[2017.10.30-16.38.49:401][583]LogWorld: Bringing World /Game/UEDPIE_0_Level_1.Level_1 up for play (max tick rate 3) at 2017.10.30-13.38.49
[2017.10.30-16.38.49:580][583]LogWorld: Bringing up level for play took: 2.380596
[2017.10.30-16.38.53:711][583]PIE: Play in editor start time for /Game/UEDPIE_0_Level_1 47,445
[2017.10.30-16.40.11:513][342]Running C:/Program Files/Epic Games/UE_4.17/Engine/Binaries/DotNET/UnrealBuildTool.exe Krispy Win64 Development -editorrecompile "C:/Users/crist/OneDrive/Documentos/Unreal Projects/Krispy/Krispy.uproject" -invalidatemakefilesonly
[2017.10.30-16.40.20:461][342]Invalidating makefiles only in this run.
[2017.10.30-16.40.29:229][342]Candidate modules for hot reload:
[2017.10.30-16.40.29:229][342]  Krispy
[2017.10.30-16.40.29:294][342]Launching UnrealBuildTool... [C:/Program Files/Epic Games/UE_4.17/Engine/Binaries/DotNET/UnrealBuildTool.exe Krispy -ModuleWithSuffix Krispy 3793 Win64 Development -editorrecompile -canskiplink "C:/Users/crist/OneDrive/Documentos/Unreal Projects/Krispy/Krispy.uproject" ]
[2017.10.30-16.51.16:811][342]CompilerResultsLog: New page: Compilation - 30-10-2017 10:51:16
[2017.10.30-16.51.16:952][342]CompilerResultsLog: Compiling game modules for hot reload
[2017.10.30-16.51.16:952][342]CompilerResultsLog: Parsing headers for KrispyEditor
[2017.10.30-16.51.16:952][342]CompilerResultsLog:   Running UnrealHeaderTool "C:\Users\crist\OneDrive\Documentos\Unreal Projects\Krispy\Krispy.uproject" "C:\Users\crist\OneDrive\Documentos\Unreal Projects\Krispy\Intermediate\Build\Win64\KrispyEditor\Development\KrispyEditor.uhtmanifest" -LogCmds="loginit warning, logexit warning, logdatabase error" -Unattended -WarningsAsErrors -installed
[2017.10.30-16.51.16:952][342]CompilerResultsLog: Reflection code generated for KrispyEditor in 25,5246005 seconds
[2017.10.30-16.51.16:952][342]CompilerResultsLog: Performing 10 actions (2 in parallel)
[2017.10.30-16.51.16:952][342]CompilerResultsLog: Enemy_Lizard.cpp
[2017.10.30-16.51.16:952][342]CompilerResultsLog: Krispy.cpp
[2017.10.30-16.51.16:952][342]CompilerResultsLog: KrispyGameModeBase.cpp
[2017.10.30-16.51.16:952][342]CompilerResultsLog: Player_Krispy.cpp
[2017.10.30-16.51.16:952][342]CompilerResultsLog: Enemy_Lizard.gen.cpp
[2017.10.30-16.51.16:952][342]CompilerResultsLog: Krispy.init.gen.cpp
[2017.10.30-16.51.16:952][342]CompilerResultsLog: KrispyGameModeBase.gen.cpp
[2017.10.30-16.51.16:952][342]CompilerResultsLog: Player_Krispy.gen.cpp
[2017.10.30-16.51.16:952][342]CompilerResultsLog: [9/10] Link UE4Editor-Krispy-3793.dll
[2017.10.30-16.51.16:952][342]CompilerResultsLog: [10/10] Link UE4Editor-Krispy-3793.lib
[2017.10.30-16.51.16:952][342]CompilerResultsLog:    Creando biblioteca C:\Users\crist\OneDrive\Documentos\Unreal Projects\Krispy\Intermediate\Build\Win64\UE4Editor\Development\UE4Editor-Krispy-3793.lib y objeto C:\Users\crist\OneDrive\Documentos\Unreal Projects\Krispy\Intermediate\Build\Win64\UE4Editor\Development\UE4Editor-Krispy-3793.exp
[2017.10.30-16.51.16:952][342]CompilerResultsLog:    Creando biblioteca C:\Users\crist\OneDrive\Documentos\Unreal Projects\Krispy\Intermediate\Build\Win64\UE4Editor\Development\UE4Editor-Krispy-3793.suppressed.lib y objeto C:\Users\crist\OneDrive\Documentos\Unreal Projects\Krispy\Intermediate\Build\Win64\UE4Editor\Development\UE4Editor-Krispy-3793.suppressed.exp
[2017.10.30-16.51.16:952][342]CompilerResultsLog: Total build time: 645,98 seconds (Local executor: 356,85 seconds)
[2017.10.30-16.51.16:985][342]LogMainFrame: MainFrame: Module compiling took 649.820 seconds
[2017.10.30-16.51.24:858][342]LogClass: Could not find existing class Enemy_Lizard in package /Script/Krispy for HotReload, assuming new class
[2017.10.30-16.51.25:719][342]LogContentBrowser: Native class hierarchy updated for 'Krispy' in 0.2581 seconds. Added 3 classes and 2 folders.
[2017.10.30-16.51.25:813][342]Display: HotReload successful (0 functions remapped  0 scriptstructs remapped)
[2017.10.30-16.51.47:314][342]LogContentBrowser: Native class hierarchy populated in 0.1963 seconds. Added 2391 classes and 506 folders.
[2017.10.30-16.51.47:438][342]Display: HotReload took 685.9s.
[2017.10.30-16.51.47:440][342]Warning: HotReload operation took 685.9s.
[2017.10.30-16.51.51:940][342]LogVSAccessor: Warning: Couldn't goto line number '0' in 'C:/Users/crist/OneDrive/Documentos/Unreal Projects/Krispy/Source/Krispy/Enemy_Lizard.h'
[2017.10.30-16.51.52:314][342]LogVSAccessor: Warning: Couldn't goto line number '0' in 'C:/Users/crist/OneDrive/Documentos/Unreal Projects/Krispy/Source/Krispy/Enemy_Lizard.cpp'
[2017.10.30-16.51.56:227][343]LogHotReload: New module detected: UE4Editor-Krispy-3793.dll
[2017.10.30-16.51.56:429][344]LogHotReload: Starting Hot-Reload from IDE
[2017.10.30-16.52.10:690][344]LogContentBrowser: Native class hierarchy updated for 'Krispy' in 0.0028 seconds. Added 3 classes and 2 folders.
[2017.10.30-16.52.10:693][344]Display: HotReload successful (0 functions remapped  0 scriptstructs remapped)
[2017.10.30-16.52.11:098][344]LogContentBrowser: Native class hierarchy populated in 0.0123 seconds. Added 2391 classes and 506 folders.
[2017.10.30-16.52.11:117][344]Display: HotReload took 14.7s.
[2017.10.30-16.52.14:447][354]LogD3D11RHI: Timed out while waiting for GPU to catch up. (0.5 s)
[2017.10.30-14.03.56:960][980]LogSlate: Warning: Prevented a slow task dialog from being summoned while a context menu was open
[2017.10.30-14.04.12:012][238]Cmd: OBJ SAVEPACKAGE PACKAGE="/Game/Blueprints/BP_Krispy" FILE="../../../../../../Users/crist/OneDrive/Documentos/Unreal Projects/Krispy/Content/Blueprints/BP_Krispy.uasset" SILENT=true
[2017.10.30-14.04.13:218][238]LogSavePackage: Save=1059.65ms
[2017.10.30-14.04.13:218][238]LogSavePackage: Moving '../../../../../../Users/crist/OneDrive/Documentos/Unreal Projects/Krispy/Saved/BP_KrispyCA87F1164FCB673D1DB8B18564BE2DF4.tmp' to '../../../../../../Users/crist/OneDrive/Documentos/Unreal Projects/Krispy/Content/Blueprints/BP_Krispy.uasset'
[2017.10.30-14.04.13:469][238]LogSavePackage: Display: Finished SavePackage ../../../../../../Users/crist/OneDrive/Documentos/Unreal Projects/Krispy/Content/Blueprints/BP_Krispy.uasset
[2017.10.30-14.04.14:514][253]BlueprintLog: New page: Compile BP_Krispy
[2017.10.30-14.05.07:336][116]LogTemp: Repeating last play command: Selected Viewport
[2017.10.30-14.05.07:484][116]LogPlayLevel: PlayLevel: No blueprints needed recompiling
[2017.10.30-14.05.07:517][116]PIE: New page: PIE session: Level_1 (30-10-2017 8:05:07)
[2017.10.30-14.05.07:517][116]LogPlayLevel: Creating play world package: /Game/UEDPIE_0_Level_1
[2017.10.30-14.05.07:671][116]LogPlayLevel: PIE: StaticDuplicateObject took: (0.132635s)
[2017.10.30-14.05.07:682][116]LogAIModule: Creating AISystem for world Level_1
[2017.10.30-14.05.07:683][116]LogPlayLevel: PIE: World Init took: (0.011890s)
[2017.10.30-14.05.07:683][116]LogPlayLevel: PIE: Created PIE world by copying editor world from /Game/Level_1.Level_1 to /Game/UEDPIE_0_Level_1.Level_1 (0.166319s)
[2017.10.30-14.05.07:950][116]LogInit: XAudio2 using 'Altavoces (Conexant SmartAudio HD)' : 2 channels at 44.1 kHz using 32 bits per sample (channel mask 0x3)
[2017.10.30-14.05.07:988][116]LogInit: FAudioDevice initialized.
[2017.10.30-14.05.08:087][116]LogLoad: Game class is 'BG_GameMode_C'
[2017.10.30-14.05.08:089][116]LogWorld: Bringing World /Game/UEDPIE_0_Level_1.Level_1 up for play (max tick rate 60) at 2017.10.30-11.05.08
[2017.10.30-14.05.08:089][116]LogWorld: Bringing up level for play took: 0.001924
[2017.10.30-14.05.08:102][116]PIE: Play in editor start time for /Game/UEDPIE_0_Level_1 0,546
[2017.10.30-14.06.16:076][123]LogFactory: FactoryCreateFile: StaticMesh with FbxFactory (0 0 ../../../../../../Users/crist/Documents/Universidad/Desarrollo de Videojuegos/Modelado 3D/krispy_walk.fbx)
[2017.10.30-14.06.19:012][123]LogFbx: ItemName: GlobalSettings, ItemCount : 1
[2017.10.30-14.06.19:012][123]LogFbx: ItemName: AnimationStack, ItemCount : 1
[2017.10.30-14.06.19:012][123]LogFbx: ItemName: AnimationLayer, ItemCount : 1
[2017.10.30-14.06.19:012][123]LogFbx: ItemName: Geometry, ItemCount : 1
[2017.10.30-14.06.19:012][123]LogFbx: ItemName: Material, ItemCount : 1
[2017.10.30-14.06.19:012][123]LogFbx: ItemName: Texture, ItemCount : 1
[2017.10.30-14.06.19:012][123]LogFbx: ItemName: Model, ItemCount : 20
[2017.10.30-14.06.19:012][123]LogFbx: ItemName: NodeAttribute, ItemCount : 19
[2017.10.30-14.06.19:013][123]LogFbx: ItemName: AnimationCurveNode, ItemCount : 52
[2017.10.30-14.06.19:013][123]LogFbx: ItemName: CollectionExclusive, ItemCount : 1
[2017.10.30-14.06.19:013][123]LogFbx: ItemName: AnimationCurve, ItemCount : 33
[2017.10.30-14.06.19:013][123]LogFbx: ItemName: Pose, ItemCount : 1
[2017.10.30-14.06.19:013][123]LogFbx: ItemName: Deformer, ItemCount : 20
[2017.10.30-14.06.19:013][123]LogFbx: ItemName: Video, ItemCount : 1
[2017.10.30-14.06.19:437][123]LogFbx: Loading FBX Scene from ../../../../../../Users/crist/Documents/Universidad/Desarrollo de Videojuegos/Modelado 3D/krispy_walk.fbx
[2017.10.30-14.06.19:618][123]LogFbx: FBX Scene Loaded Succesfully
[2017.10.30-14.06.42:031][123]LogFbx: Loading FBX Scene from ../../../../../../Users/crist/Documents/Universidad/Desarrollo de Videojuegos/Modelado 3D/krispy_walk.fbx
[2017.10.30-14.06.42:049][123]LogFbx: FBX Scene Loaded Succesfully
[2017.10.30-14.06.42:195][123]LogFbx: =================================================
[2017.10.30-14.06.42:195][123]LogFbx: Dumping Node START [pCube8] 
[2017.10.30-14.06.42:195][123]LogFbx: 	Total Deformer Count 1405840856.
[2017.10.30-14.06.42:195][123]LogFbx: 		[Node 1]  (Type Skin).
[2017.10.30-14.06.42:195][123]LogFbx: =================================================
[2017.10.30-14.06.42:195][123]LogFbx: 	Attribute () Type (4).
[2017.10.30-14.06.42:195][123]LogFbx: 		[Node Attribute Child 1] pCube8 (Type Mesh).
[2017.10.30-14.06.42:195][123]LogFbx: Dumping Node END [pCube8]
[2017.10.30-14.06.42:195][123]LogFbx: =================================================
[2017.10.30-14.06.42:195][123]LogFbx: Dumping Node START [pCube8] 
[2017.10.30-14.06.42:195][123]LogFbx: 	Total Deformer Count 1405830720.
[2017.10.30-14.06.42:195][123]LogFbx: 		[Node 1]  (Type Skin).
[2017.10.30-14.06.42:195][123]LogFbx: =================================================
[2017.10.30-14.06.42:195][123]LogFbx: 	Attribute () Type (4).
[2017.10.30-14.06.42:195][123]LogFbx: 		[Node Attribute Child 1] pCube8 (Type Mesh).
[2017.10.30-14.06.42:195][123]LogFbx: Dumping Node END [pCube8]
[2017.10.30-14.06.42:256][123]LogFbx: SortedLinks :(0) columna
[2017.10.30-14.06.42:256][123]LogFbx: SortedLinks :(1) joint2
[2017.10.30-14.06.42:256][123]LogFbx: SortedLinks :(2) joint9
[2017.10.30-14.06.42:256][123]LogFbx: SortedLinks :(3) joint10
[2017.10.30-14.06.42:256][123]LogFbx: SortedLinks :(4) joint11
[2017.10.30-14.06.42:256][123]LogFbx: SortedLinks :(5) joint12
[2017.10.30-14.06.42:256][123]LogFbx: SortedLinks :(6) joint13
[2017.10.30-14.06.42:256][123]LogFbx: SortedLinks :(7) joint14
[2017.10.30-14.06.42:256][123]LogFbx: SortedLinks :(8) joint15
[2017.10.30-14.06.42:256][123]LogFbx: SortedLinks :(9) joint16
[2017.10.30-14.06.42:256][123]LogFbx: SortedLinks :(10) joint17
[2017.10.30-14.06.42:256][123]LogFbx: SortedLinks :(11) joint18
[2017.10.30-14.06.42:256][123]LogFbx: SortedLinks :(12) joint19
[2017.10.30-14.06.42:256][123]LogFbx: SortedLinks :(13) joint3
[2017.10.30-14.06.42:256][123]LogFbx: SortedLinks :(14) joint4
[2017.10.30-14.06.42:256][123]LogFbx: SortedLinks :(15) joint5
[2017.10.30-14.06.42:256][123]LogFbx: SortedLinks :(16) joint6
[2017.10.30-14.06.42:256][123]LogFbx: SortedLinks :(17) joint7
[2017.10.30-14.06.42:256][123]LogFbx: SortedLinks :(18) joint8
[2017.10.30-14.06.42:264][123]LogFbx: Parsing AnimStack Take 001
[2017.10.30-14.06.42:361][123]LogLinker: Can't find file '/Game/Character/Krispy/krispy_walk'
[2017.10.30-14.06.42:362][123]LogLinker: Can't find file '/Game/Character/Krispy/krispy_walk'
[2017.10.30-14.06.43:451][123]LogAnimationCompression: Building Anim DDC data for AnimSequence /Game/Character/Krispy/krispy_walk.krispy_walk
[2017.10.30-14.06.49:995][160]LogContentBrowser: Native class hierarchy updated for 'SkeletonEditor' in 0.0136 seconds. Added 1 classes and 2 folders.
[2017.10.30-14.06.56:096][160]LogActorComponent: RegisterComponentWithWorld: (/Engine/Transient.World_12:PersistentLevel.Actor_0.DebugSkelMeshComponent_0) Already registered. Aborting.
[2017.10.30-14.06.57:423][160]LogSkeletalMesh: USkeletalMeshComponent::InitArticulated : Bodies already created (/Engine/Transient.World_12:PersistentLevel.Actor_0.DebugSkelMeshComponent_0) - call TermArticulated first.
[2017.10.30-14.07.02:513][160]LogContentBrowser: Native class hierarchy updated for 'ClothingSystemEditorInterface' in 0.0425 seconds. Added 1 classes and 0 folders.
[2017.10.30-14.07.03:939][161]LogContentBrowser: Verbose: The majority of assets in the view are of type: AnimSequence
[2017.10.30-14.07.27:048][407]LogActorComponent: RegisterComponentWithWorld: (/Engine/Transient.World_16:PersistentLevel.Actor_1.DebugSkelMeshComponent_3) Already registered. Aborting.
[2017.10.30-14.07.29:218][407]LogSkeletalMesh: USkeletalMeshComponent::InitArticulated : Bodies already created (/Engine/Transient.World_16:PersistentLevel.Actor_1.DebugSkelMeshComponent_3) - call TermArticulated first.
[2017.10.30-14.07.31:443][407]LogContentBrowser: Verbose: The majority of assets in the view are of type: AnimSequence
[2017.10.30-14.18.31:289][293]LogFileHelpers: Editor autosave (incl. sublevels) for '/Game/Level_1' took 1.446
[2017.10.30-14.18.32:426][293]OBJ SavePackage: Generating thumbnails for [1] asset(s) in package [/Game/Character/Krispy/krispy_walk] ([1] browsable assets)...
[2017.10.30-14.18.32:480][293]OBJ SavePackage:     Rendered thumbnail for [AnimSequence /Game/Character/Krispy/krispy_walk.krispy_walk]
[2017.10.30-14.18.32:480][293]OBJ SavePackage: Finished generating thumbnails for package [/Game/Character/Krispy/krispy_walk]
[2017.10.30-14.18.33:220][293]LogSavePackage: Save=735.20ms
[2017.10.30-14.18.33:220][293]LogSavePackage: Moving '../../../../../../Users/crist/OneDrive/Documentos/Unreal Projects/Krispy/Saved/krispy_walk_Auto1343206D34916EF40AB99358A28B971C4.tmp' to '../../../../../../Users/crist/OneDrive/Documentos/Unreal Projects/Krispy/Saved/Autosaves/Game/Character/Krispy/krispy_walk_Auto1.uasset'
[2017.10.30-14.18.33:256][293]LogSavePackage: Display: Finished SavePackage ../../../../../../Users/crist/OneDrive/Documentos/Unreal Projects/Krispy/Saved/Autosaves/Game/Character/Krispy/krispy_walk_Auto1.uasset
[2017.10.30-14.18.33:444][293]OBJ SavePackage: Generating thumbnails for [1] asset(s) in package [/Game/Blueprints/AB_Krispy_stand] ([1] browsable assets)...
[2017.10.30-14.18.33:524][293]OBJ SavePackage:     Rendered thumbnail for [AnimBlueprint /Game/Blueprints/AB_Krispy_stand.AB_Krispy_stand]
[2017.10.30-14.18.33:524][293]OBJ SavePackage: Finished generating thumbnails for package [/Game/Blueprints/AB_Krispy_stand]
[2017.10.30-14.18.35:080][293]LogSavePackage: Save=1290.10ms
[2017.10.30-14.18.35:080][293]LogSavePackage: Moving '../../../../../../Users/crist/OneDrive/Documentos/Unreal Projects/Krispy/Saved/AB_Krispy_stand_Auto197532BFA4068B430482F93A103B13B44.tmp' to '../../../../../../Users/crist/OneDrive/Documentos/Unreal Projects/Krispy/Saved/Autosaves/Game/Blueprints/AB_Krispy_stand_Auto1.uasset'
[2017.10.30-14.18.35:423][293]LogSavePackage: Display: Finished SavePackage ../../../../../../Users/crist/OneDrive/Documentos/Unreal Projects/Krispy/Saved/Autosaves/Game/Blueprints/AB_Krispy_stand_Auto1.uasset
[2017.10.30-14.18.35:423][293]LogFileHelpers: Auto-saving content packages took 4.065
[2017.10.30-14.19.38:294][501]LogActorComponent: RegisterComponentWithWorld: (/Engine/Transient.World_18:PersistentLevel.Actor_2.DebugSkelMeshComponent_5) Already registered. Aborting.
[2017.10.30-14.19.39:408][501]LogSkeletalMesh: USkeletalMeshComponent::InitArticulated : Bodies already created (/Engine/Transient.World_18:PersistentLevel.Actor_2.DebugSkelMeshComponent_5) - call TermArticulated first.
[2017.10.30-14.19.45:342][501]LogContentBrowser: Verbose: The majority of assets in the view are of type: AnimSequence
[2017.10.30-14.20.10:365][645]Cmd: OBJ SAVEPACKAGE PACKAGE="/Game/Blueprints/AB_Krispy_stand" FILE="../../../../../../Users/crist/OneDrive/Documentos/Unreal Projects/Krispy/Content/Blueprints/AB_Krispy_stand.uasset" SILENT=true
[2017.10.30-14.20.14:903][645]LogSavePackage: Save=2497.64ms
[2017.10.30-14.20.14:903][645]LogSavePackage: Moving '../../../../../../Users/crist/OneDrive/Documentos/Unreal Projects/Krispy/Saved/AB_Krispy_stand4333415E47615F8F0DD228B0EE5419B8.tmp' to '../../../../../../Users/crist/OneDrive/Documentos/Unreal Projects/Krispy/Content/Blueprints/AB_Krispy_stand.uasset'
[2017.10.30-14.20.15:550][645]LogSavePackage: Display: Finished SavePackage ../../../../../../Users/crist/OneDrive/Documentos/Unreal Projects/Krispy/Content/Blueprints/AB_Krispy_stand.uasset
[2017.10.30-14.20.15:644][645]Cmd: OBJ SAVEPACKAGE PACKAGE="/Game/Character/Krispy/krispy_walk" FILE="../../../../../../Users/crist/OneDrive/Documentos/Unreal Projects/Krispy/Content/Character/Krispy/krispy_walk.uasset" SILENT=true
[2017.10.30-14.20.15:919][645]LogSavePackage: Save=130.52ms
[2017.10.30-14.20.15:919][645]LogSavePackage: Moving '../../../../../../Users/crist/OneDrive/Documentos/Unreal Projects/Krispy/Saved/krispy_walk9D68784C43CDDAB1717C2092FDAC13A9.tmp' to '../../../../../../Users/crist/OneDrive/Documentos/Unreal Projects/Krispy/Content/Character/Krispy/krispy_walk.uasset'
[2017.10.30-14.20.15:986][645]LogSavePackage: Display: Finished SavePackage ../../../../../../Users/crist/OneDrive/Documentos/Unreal Projects/Krispy/Content/Character/Krispy/krispy_walk.uasset
[2017.10.30-14.20.22:138][645]LogWindowsTextInputMethodSystem: Display: IME system now deactivated.
[2017.10.30-14.21.25:801][646]Cmd: QUIT_EDITOR
[2017.10.30-14.21.42:853][646]LogExit: Preparing to exit.
