Log file open, 11/03/17 09:14:55
LogWindows: LoadLibraryWithSearchPaths failed for file aqProf.dll. GetLastError=0
LogWindows: LoadLibraryWithSearchPaths failed for file VSPerf140.dll. GetLastError=0
LogWindows: LoadLibraryWithSearchPaths failed for file VtuneApi.dll. GetLastError=0
LogWindows: LoadLibraryWithSearchPaths failed for file VtuneApi32e.dll. GetLastError=0
LogInit: Display: Running engine for game: Krispy
LogPlatformFile: Not using cached read wrapper
LogInit: Display: RandInit(2045744584) SRandInit(2045744584).
LogTaskGraph: Started task graph with 5 named threads and 8 total threads with 3 sets of task threads.
LogStats: Stats thread started at 5.801652
LogD3D11RHI: Aftermath initialized
LogPluginManager: Mounting plugin Paper2D
LogPluginManager: Mounting plugin LightPropagationVolume
LogPluginManager: Mounting plugin CodeLiteSourceCodeAccess
LogPluginManager: Mounting plugin GitSourceControl
LogPluginManager: Mounting plugin KDevelopSourceCodeAccess
LogPluginManager: Mounting plugin NullSourceCodeAccess
LogPluginManager: Mounting plugin PerforceSourceControl
LogPluginManager: Mounting plugin SubversionSourceControl
LogPluginManager: Mounting plugin UObjectPlugin
LogPluginManager: Mounting plugin VisualStudioSourceCodeAccess
LogPluginManager: Mounting plugin XCodeSourceCodeAccess
LogPluginManager: Mounting plugin AssetManagerEditor
LogPluginManager: Mounting plugin AudioCapture
LogPluginManager: Mounting plugin FacialAnimation
LogPluginManager: Mounting plugin GameplayTagsEditor
LogPluginManager: Mounting plugin MobileLauncherProfileWizard
LogPluginManager: Mounting plugin PluginBrowser
LogPluginManager: Mounting plugin SpeedTreeImporter
LogPluginManager: Mounting plugin AlembicImporter
LogPluginManager: Mounting plugin CharacterAI
LogPluginManager: Mounting plugin HTML5Networking
LogPluginManager: Mounting plugin AndroidMedia
LogPluginManager: Mounting plugin AvfMedia
LogPluginManager: Mounting plugin MediaPlayerEditor
LogPluginManager: Mounting plugin WmfMedia
LogPluginManager: Mounting plugin TcpMessaging
LogPluginManager: Mounting plugin UdpMessaging
LogPluginManager: Mounting plugin LevelSequenceEditor
LogPluginManager: Mounting plugin MatineeToLevelSequence
LogPluginManager: Mounting plugin OnlineSubsystemGooglePlay
LogPluginManager: Mounting plugin OnlineSubsystemIOS
LogPluginManager: Mounting plugin OnlineSubsystem
LogPluginManager: Mounting plugin OnlineSubsystemNull
LogPluginManager: Mounting plugin OnlineSubsystemUtils
LogPluginManager: Mounting plugin AndroidDeviceProfileSelector
LogPluginManager: Mounting plugin AndroidMoviePlayer
LogPluginManager: Mounting plugin AndroidPermission
LogPluginManager: Mounting plugin AppleMoviePlayer
LogPluginManager: Mounting plugin ArchVisCharacter
LogPluginManager: Mounting plugin CableComponent
LogPluginManager: Mounting plugin CustomMeshComponent
LogPluginManager: Mounting plugin ExampleDeviceProfileSelector
LogPluginManager: Mounting plugin GoogleCloudMessaging
LogPluginManager: Mounting plugin ImmediatePhysics
LogPluginManager: Mounting plugin IOSDeviceProfileSelector
LogPluginManager: Mounting plugin LinuxDeviceProfileSelector
LogPluginManager: Mounting plugin LocationServicesBPLibrary
LogPluginManager: Mounting plugin MobilePatchingUtils
LogPluginManager: Mounting plugin OculusVR
LogPluginManager: Mounting plugin PhysXVehicles
LogPluginManager: Mounting plugin ProceduralMeshComponent
LogPluginManager: Mounting plugin RuntimePhysXCooking
LogPluginManager: Mounting plugin SteamVR
LogPluginManager: Mounting plugin WindowsMoviePlayer
LogInit: Using libcurl 7.47.1
LogInit:  - built for x86_64-pc-win32
LogInit:  - supports SSL with OpenSSL/1.0.2g
LogInit:  - supports HTTP deflate (compression) using libz 1.2.8
LogInit:  - other features:
LogInit:      CURL_VERSION_SSL
LogInit:      CURL_VERSION_LIBZ
LogInit:      CURL_VERSION_IPV6
LogInit:      CURL_VERSION_ASYNCHDNS
LogInit:      CURL_VERSION_LARGEFILE
LogInit:      CURL_VERSION_IDN
LogInit:  CurlRequestOptions (configurable via config and command line):
LogInit:  - bVerifyPeer = false  - Libcurl will NOT verify peer certificate
LogInit:  - bUseHttpProxy = false  - Libcurl will NOT use HTTP proxy
LogInit:  - bDontReuseConnections = false  - Libcurl will reuse connections
LogInit:  - CertBundlePath = nullptr  - Libcurl will use whatever was configured at build time.
LogInit: Build: ++UE4+Release-4.17-CL-3586342
LogInit: Engine Version: 4.17.1-3586342+++UE4+Release-4.17
LogInit: Compatible Engine Version: 4.17.0-3573198+++UE4+Release-4.17
LogInit: Net CL: 3573198
LogDevObjectVersion: Number of dev versions registered: 16
LogDevObjectVersion:   Dev-Blueprints (B0D832E4-1F89-4F0D-ACCF-7EB736FD4AA2): 10
LogDevObjectVersion:   Dev-Build (E1C64328-A22C-4D53-A36C-8E866417BD8C): 0
LogDevObjectVersion:   Dev-Core (375EC13C-06E4-48FB-B500-84F0262A717E): 2
LogDevObjectVersion:   Dev-Editor (E4B068ED-F494-42E9-A231-DA0B2E46BB41): 20
LogDevObjectVersion:   Dev-Framework (CFFC743F-43B0-4480-9391-14DF171D2073): 28
LogDevObjectVersion:   Dev-Mobile (B02B49B5-BB20-44E9-A304-32B752E40360): 0
LogDevObjectVersion:   Dev-Networking (A4E4105C-59A1-49B5-A7C5-40C4547EDFEE): 0
LogDevObjectVersion:   Dev-Online (39C831C9-5AE6-47DC-9A44-9C173E1C8E7C): 0
LogDevObjectVersion:   Dev-Physics (78F01B33-EBEA-4F98-B9B4-84EACCB95AA2): 0
LogDevObjectVersion:   Dev-Platform (6631380F-2D4D-43E0-8009-CF276956A95A): 0
LogDevObjectVersion:   Dev-Rendering (12F88B9F-8875-4AFC-A67C-D90C383ABD29): 19
LogDevObjectVersion:   Dev-Sequencer (7B5AE74C-D270-4C10-A958-57980B212A5A): 4
LogDevObjectVersion:   Dev-VR (D7296918-1DD6-4BDD-9DE2-64A83CC13884): 0
LogDevObjectVersion:   Dev-LoadTimes (C2A15278-BFE7-4AFE-6C17-90FF531DF755): 1
LogDevObjectVersion:   Private-Geometry (6EACA3D4-40EC-4CC1-B786-8BED09428FC5): 1
LogDevObjectVersion:   Dev-AnimPhys (29E575DD-E0A3-4627-9D10-D276232CDCEA): 7
LogInit: Compiled (64-bit): Aug 15 2017 02:05:26
LogInit: Compiled with Visual C++: 19.00.24215.01
LogInit: Build Configuration: Development
LogInit: Branch Name: ++UE4+Release-4.17
LogInit: Command line:  
LogInit: Base directory: C:/Program Files/Epic Games/UE_4.17/Engine/Binaries/Win64/
LogInit: Installed Engine Build: 1
LogInit: Presizing for max 8388607 objects, including 0 objects not considered by GC, pre-allocating 0 bytes for permanent pool.
LogInit: Object subsystem initialized
[2017.11.03-12.15.05:453][  0]LogInit: Selected Device Profile: [Windows]
[2017.11.03-12.15.05:453][  0]LogInit: Applying CVar settings loaded from the selected device profile: [Windows]
[2017.11.03-12.15.05:580][  0]LogInit: Computer: DESKTOP-J1B6B5G
[2017.11.03-12.15.05:580][  0]LogInit: User: crist
[2017.11.03-12.15.05:580][  0]LogInit: CPU Page size=4096, Cores=2
[2017.11.03-12.15.05:580][  0]LogInit: High frequency timer resolution =2.531250 MHz
[2017.11.03-12.15.05:595][  0]LogMemory: Memory total: Physical=3.9GB (4GB approx)
[2017.11.03-12.15.05:595][  0]LogMemory: Platform Memory Stats for Windows
[2017.11.03-12.15.05:595][  0]LogMemory: Process Physical Memory: 278.38 MB used, 278.38 MB peak
[2017.11.03-12.15.05:595][  0]LogMemory: Process Virtual Memory: 276.01 MB used, 276.01 MB peak
[2017.11.03-12.15.05:595][  0]LogMemory: Physical Memory: 3247.56 MB used,  708.44 MB free, 3956.00 MB total
[2017.11.03-12.15.05:595][  0]LogMemory: Virtual Memory: 652.66 MB used,  708.44 MB free, 134217728.00 MB total
[2017.11.03-12.15.07:674][  0]LogInit: Overriding language with editor language configuration option (en).
[2017.11.03-12.15.07:674][  0]LogInit: Overriding locale with editor culture configuration option ().
[2017.11.03-12.15.07:674][  0]LogInit: Using OS detected locale (es-CL).
[2017.11.03-12.15.24:773][  0]LogD3D11RHI: D3D11 adapters:
[2017.11.03-12.15.24:790][  0]LogD3D11RHI:    0. 'Intel(R) HD Graphics 520' (Feature Level 11_0)
[2017.11.03-12.15.24:790][  0]LogD3D11RHI:       128/0/1978 MB DedicatedVideo/DedicatedSystem/SharedSystem, Outputs:1, VendorId:0x8086
[2017.11.03-12.15.24:804][  0]LogD3D11RHI:    1. 'Microsoft Basic Render Driver' (Feature Level 11_0)
[2017.11.03-12.15.24:804][  0]LogD3D11RHI:       0/0/1978 MB DedicatedVideo/DedicatedSystem/SharedSystem, Outputs:0, VendorId:0x1414
[2017.11.03-12.15.24:804][  0]LogD3D11RHI: Chosen D3D11 Adapter: 0
[2017.11.03-12.15.24:818][  0]LogD3D11RHI: Creating new Direct3DDevice
[2017.11.03-12.15.24:818][  0]LogD3D11RHI:     GPU DeviceId: 0x1916 (for the marketing name, search the web for "GPU Device Id")
[2017.11.03-12.15.24:818][  0]LogWindows: EnumDisplayDevices:
[2017.11.03-12.15.24:818][  0]LogWindows:    0. 'Intel(R) HD Graphics 520' (P:1 D:1)
[2017.11.03-12.15.24:818][  0]LogWindows:    1. 'Intel(R) HD Graphics 520' (P:0 D:0)
[2017.11.03-12.15.24:818][  0]LogWindows:    2. 'Intel(R) HD Graphics 520' (P:0 D:0)
[2017.11.03-12.15.24:818][  0]LogWindows: DebugString: FoundDriverCount:3 
[2017.11.03-12.15.24:818][  0]LogD3D11RHI:     Adapter Name: Intel(R) HD Graphics 520
[2017.11.03-12.15.24:818][  0]LogD3D11RHI:   Driver Version: 20.19.15.4474 (internal:20.19.15.4474, unified:20.19.15.4474)
[2017.11.03-12.15.24:818][  0]LogD3D11RHI:      Driver Date: 6-13-2016
[2017.11.03-12.15.24:818][  0]LogRHI: Texture pool is 781 MB (70% of 1117 MB)
[2017.11.03-12.15.24:841][  0]LogD3D11RHI: Async texture creation enabled
[2017.11.03-12.15.25:642][  0]LogD3D11RHI: GPU Timing Frequency: 12.000000 (Debug: 2 0)
[2017.11.03-12.15.25:825][  0]LogShaderCompilers: Guid format shader working directory is -26 characters bigger than the processId version (../../../../../../Users/crist/OneDrive/Documentos/Unreal Projects/Krispy/Intermediate/Shaders/WorkingDirectory/5256/).
[2017.11.03-12.15.25:825][  0]LogShaderCompilers: Cleaned the shader compiler working directory 'C:/Users/crist/AppData/Local/Temp/UnrealShaderWorkingDir/2587037641A97AEF4B2DBC9D70237D55/'.
[2017.11.03-12.15.25:845][  0]LogShaderCompilers: Display: Using Local Shader Compiler.
[2017.11.03-12.15.37:653][  0]LogTemp: Display: Loaded TP AllDesktopTargetPlatform
[2017.11.03-12.15.37:768][  0]LogTemp: Display: Loaded TP MacClientTargetPlatform
[2017.11.03-12.15.37:885][  0]LogTemp: Display: Loaded TP MacNoEditorTargetPlatform
[2017.11.03-12.15.37:997][  0]LogTemp: Display: Loaded TP MacServerTargetPlatform
[2017.11.03-12.15.38:155][  0]LogTemp: Display: Loaded TP MacTargetPlatform
[2017.11.03-12.15.38:282][  0]LogTemp: Display: Loaded TP WindowsClientTargetPlatform
[2017.11.03-12.15.38:406][  0]LogTemp: Display: Loaded TP WindowsNoEditorTargetPlatform
[2017.11.03-12.15.38:522][  0]LogTemp: Display: Loaded TP WindowsServerTargetPlatform
[2017.11.03-12.15.38:688][  0]LogTemp: Display: Loaded TP WindowsTargetPlatform
[2017.11.03-12.15.38:803][  0]LogTemp: Display: Loaded TP AndroidTargetPlatform
[2017.11.03-12.15.38:939][  0]LogTemp: Display: Loaded TP Android_ASTCTargetPlatform
[2017.11.03-12.15.39:076][  0]LogTemp: Display: Loaded TP Android_ATCTargetPlatform
[2017.11.03-12.15.39:228][  0]LogTemp: Display: Loaded TP Android_DXTTargetPlatform
[2017.11.03-12.15.39:463][  0]LogTemp: Display: Loaded TP Android_ETC1TargetPlatform
[2017.11.03-12.15.39:601][  0]LogTemp: Display: Loaded TP Android_ETC2TargetPlatform
[2017.11.03-12.15.39:889][  0]LogTemp: Display: Loaded TP Android_MultiTargetPlatform
[2017.11.03-12.15.39:889][  0]LogTemp: Display: Loaded TP Android_PVRTCTargetPlatform
[2017.11.03-12.15.40:020][  0]LogTemp: Display: Loaded TP HTML5TargetPlatform
[2017.11.03-12.15.40:325][  0]LogTemp: Display: Loaded TP IOSTargetPlatform
[2017.11.03-12.15.40:397][  0]LogTemp: Display: Loaded TP TVOSTargetPlatform
[2017.11.03-12.15.40:499][  0]LogTemp: Display: Loaded TP LinuxClientTargetPlatform
[2017.11.03-12.15.40:605][  0]LogTemp: Display: Loaded TP LinuxNoEditorTargetPlatform
[2017.11.03-12.15.40:723][  0]LogTemp: Display: Loaded TP LinuxServerTargetPlatform
[2017.11.03-12.15.40:874][  0]LogTemp: Display: Loaded TP LinuxTargetPlatform
[2017.11.03-12.15.40:874][  0]LogTargetPlatformManager: Display: Building Assets For Windows
[2017.11.03-12.15.43:769][  0]LogDerivedDataCache: Display: Max Cache Size: 512 MB
[2017.11.03-12.15.44:925][  0]LogDerivedDataCache: Loaded boot cache 1.14s 93MB C:/Users/crist/AppData/Local/UnrealEngine/4.17/DerivedDataCache/Boot.ddc.
[2017.11.03-12.15.44:925][  0]LogDerivedDataCache: Display: Loaded Boot cache: C:/Users/crist/AppData/Local/UnrealEngine/4.17/DerivedDataCache/Boot.ddc
[2017.11.03-12.15.44:925][  0]LogDerivedDataCache: FDerivedDataBackendGraph:  Pak pak cache file ../../../../../../Users/crist/OneDrive/Documentos/Unreal Projects/Krispy/DerivedDataCache/DDC.ddp not found, will not use a pak cache.
[2017.11.03-12.15.44:925][  0]LogDerivedDataCache: Unable to find inner node Pak for hierarchical cache Hierarchy.
[2017.11.03-12.15.44:925][  0]LogDerivedDataCache: FDerivedDataBackendGraph:  CompressedPak pak cache file ../../../../../../Users/crist/OneDrive/Documentos/Unreal Projects/Krispy/DerivedDataCache/Compressed.ddp not found, will not use a pak cache.
[2017.11.03-12.15.44:925][  0]LogDerivedDataCache: Unable to find inner node CompressedPak for hierarchical cache Hierarchy.
[2017.11.03-12.15.45:006][  0]LogDerivedDataCache: Display: Pak cache opened for reading ../../../Engine/DerivedDataCache/Compressed.ddp.
[2017.11.03-12.15.45:072][  0]LogDerivedDataCache: Using Local data cache path C:/Users/crist/AppData/Local/UnrealEngine/Common/DerivedDataCache: Writable
[2017.11.03-12.15.45:380][  0]LogMaterial: Verifying Global Shaders for PCD3D_SM5
[2017.11.03-12.15.45:479][  0]LogSlate: Using Freetype 2.6.0
[2017.11.03-12.15.45:698][  0]LogSlate: SlateFontCache - WITH_FREETYPE: 1, WITH_HARFBUZZ: 1
[2017.11.03-12.15.45:704][  0]LogSlate: SlateFontCache - WITH_FREETYPE: 1, WITH_HARFBUZZ: 1
[2017.11.03-12.15.58:515][  0]LogAssetRegistry: FAssetRegistry took 0.0687 seconds to start up
[2017.11.03-12.16.06:818][  0]LogInit: Selected Device Profile: [Windows]
[2017.11.03-12.16.17:164][  0]LogSimplygon: Simplygon DLL not present - disabling.
[2017.11.03-12.16.17:273][  0]LogMeshReduction: Using SimplygonSwarm for distributed automatic mesh merging
[2017.11.03-12.16.17:299][  0]LogMeshReduction: Using QuadricMeshReduction for automatic static mesh reduction
[2017.11.03-12.16.17:300][  0]LogMeshReduction: No automatic skeletal mesh reduction module available
[2017.11.03-12.16.17:300][  0]LogMeshReduction: No automatic mesh merging module available
[2017.11.03-12.16.17:300][  0]LogMeshMerging: No automatic mesh merging module available
[2017.11.03-12.16.17:767][  0]LogContentStreaming: Texture pool size is 0.00 MB
[2017.11.03-12.16.23:973][  0]LogNetVersion: Krispy , NetCL: 3573198, EngineNetVer: 2, GameNetVer: 0 (Checksum: 3684103045)
[2017.11.03-12.16.27:352][  0]LogPackageLocalizationCache: Processed 5 localized package path(s) for 1 prioritized culture(s) in 0.414671 seconds
[2017.11.03-12.16.27:378][  0]LogUObjectArray: 35825 objects as part of root set at end of initial load.
[2017.11.03-12.16.27:378][  0]LogUObjectAllocator: 7529112 out of 0 bytes used by permanent object pool.
[2017.11.03-12.16.27:378][  0]LogUObjectArray: CloseDisregardForGC: 0/0 objects in disregard for GC pool
[2017.11.03-12.16.27:569][  0]LogInit: WinSock: version 1.1 (2.2), MaxSocks=32767, MaxUdp=65467
[2017.11.03-12.17.04:456][  0]LogTcpMessaging: Initializing TcpMessaging bridge
[2017.11.03-12.17.04:519][  0]LogUdpMessaging: Initializing bridge on interface 0.0.0.0:0 to multicast group 230.0.0.1:6666.
[2017.11.03-12.17.08:742][  0]LogMaterial: Uniform references updated for custom material expression Custom.
[2017.11.03-12.17.10:875][  0]SourceControl: Source control is disabled
[2017.11.03-12.17.10:876][  0]SourceControl: Source control is disabled
[2017.11.03-12.17.11:054][  0]SourceControl: Source control is disabled
[2017.11.03-12.17.11:515][  0]SourceControl: Source control is disabled
[2017.11.03-12.17.14:588][  0]LogAndroidPermission: UAndroidPermissionCallbackProxy::GetInstance
[2017.11.03-12.17.15:245][  0]LogOcInput: OculusInput pre-init called
[2017.11.03-12.17.16:597][  0]LogEngine: Initializing Engine...
[2017.11.03-12.17.16:793][  0]LogHMD: Failed to initialize OpenVR with code 110
[2017.11.03-12.17.18:163][  0]LogStats: UGameplayTagsManager::ConstructGameplayTagTree: Construct from data asset -  0.000 s
[2017.11.03-12.17.18:164][  0]LogStats: UGameplayTagsManager::ConstructGameplayTagTree: GameplayTagTreeChangedEvent.Broadcast -  0.000 s
[2017.11.03-12.17.19:726][  0]LogAIModule: Creating AISystem for world Untitled
[2017.11.03-12.17.20:281][  0]LogInit: XAudio2 using 'Altavoces (Conexant SmartAudio HD)' : 2 channels at 44.1 kHz using 32 bits per sample (channel mask 0x3)
[2017.11.03-12.17.20:515][  0]LogInit: FAudioDevice initialized.
[2017.11.03-12.17.22:537][  0]LogDerivedDataCache: Saved boot cache 2.02s 93MB C:/Users/crist/AppData/Local/UnrealEngine/4.17/DerivedDataCache/Boot.ddc.
[2017.11.03-12.17.22:561][  0]LogInit: Texture streaming: Enabled
[2017.11.03-12.17.25:460][  0]LogEngineSessionManager: EngineSessionManager initialized
[2017.11.03-12.17.30:570][  0]LogInit: Transaction tracking system initialized
[2017.11.03-12.17.36:080][  0]BlueprintLog: New page: Editor Load
[2017.11.03-12.17.49:870][  0]LocalizationService: Localization service is disabled
[2017.11.03-12.18.00:386][  0]LogConsoleResponse: Display: 
[2017.11.03-12.18.11:962][  0]LogFileCache: Scanning file cache for directory 'C:/Users/crist/OneDrive/Documentos/Unreal Projects/Krispy/Content/' took 0.40s
[2017.11.03-12.18.11:962][  0]LogCook: Display: Max memory allowance for cook 16384mb min free memory 0mb
[2017.11.03-12.18.12:000][  0]LogCook: Display: Mobile HDR setting 1
[2017.11.03-12.18.12:307][  0]LogGameplayTags: Display: UGameplayTagsManager::DoneAddingNativeTags. DelegateIsBound: 0
[2017.11.03-12.18.24:821][  0]SourceControl: Source control is disabled
[2017.11.03-12.18.25:127][  0]Cmd: MAP LOAD FILE="../../../Engine/Content/Maps/Templates/Template_Default.umap" TEMPLATE=1 SHOWPROGRESS=1 FEATURELEVEL=3
[2017.11.03-12.18.25:597][  0]LightingResults: New page: Lighting Build
[2017.11.03-12.18.26:969][  0]MapCheck: New page: Map Check
[2017.11.03-12.18.26:969][  0]LightingResults: New page: Lighting Build
[2017.11.03-12.18.42:266][  0]LogAIModule: Creating AISystem for world Untitled_1
[2017.11.03-12.18.48:328][  0]LogEditorServer: Finished looking for orphan Actors (0.000 secs)
[2017.11.03-12.18.50:086][  0]Cmd: MAP CHECKDEP NOCLEARLOG
[2017.11.03-12.18.50:837][  0]MapCheck: Map check complete: 0 Error(s), 0 Warning(s), took 714,291ms to complete.
[2017.11.03-12.18.50:864][  0]LogFileHelpers: Loading map 'Template_Default' took 25.912
[2017.11.03-12.19.12:452][  0]LogCollectionManager: Loaded 0 collections in 0.036905 seconds
[2017.11.03-12.19.15:389][  0]LogFileCache: Scanning file cache for directory 'C:/Users/crist/OneDrive/Documentos/Unreal Projects/Krispy/Saved/Collections/' took 0.01s
[2017.11.03-12.19.15:389][  0]LogFileCache: Scanning file cache for directory 'C:/Users/crist/OneDrive/Documentos/Unreal Projects/Krispy/Content/Developers/crist/Collections/' took 0.01s
[2017.11.03-12.19.15:389][  0]LogFileCache: Scanning file cache for directory 'C:/Users/crist/OneDrive/Documentos/Unreal Projects/Krispy/Content/Collections/' took 0.01s
[2017.11.03-12.19.15:389][  0]LogCollectionManager: Rebuilt the GUID cache for 0 collections in 0.000001 seconds
[2017.11.03-12.19.15:909][  0]LogContentBrowser: Native class hierarchy populated in 0.3227 seconds. Added 2389 classes and 502 folders.
[2017.11.03-12.19.16:862][  0]LogContentBrowser: Native class hierarchy updated for 'WidgetCarousel' in 0.0025 seconds. Added 0 classes and 0 folders.
[2017.11.03-12.19.26:786][  0]LogContentBrowser: Native class hierarchy updated for 'AddContentDialog' in 0.0484 seconds. Added 0 classes and 0 folders.
[2017.11.03-12.19.35:900][  0]LogContentBrowser: Native class hierarchy updated for 'SceneOutliner' in 0.0026 seconds. Added 1 classes and 2 folders.
[2017.11.03-12.19.52:539][  0]LogSlate: Took 0.542573 seconds to synchronously load lazily loaded font '../../../Engine/Content/Slate/Fonts/Roboto-Regular.ttf' (155K)
[2017.11.03-12.19.52:819][  0]LogSlate: Took 0.042913 seconds to synchronously load lazily loaded font '../../../Engine/Content/Slate/Fonts/Roboto-Bold.ttf' (160K)
[2017.11.03-12.19.53:878][  0]LogSlate: Took 0.184669 seconds to synchronously load lazily loaded font '../../../Engine/Content/Editor/Slate/Fonts/FontAwesome.ttf' (139K)
[2017.11.03-12.20.01:346][  0]LogRenderer: Reallocating scene render targets to support 856x372 Format 10 NumSamples 1 (Frame:1).
[2017.11.03-12.20.42:106][  0]LogContentBrowser: Native class hierarchy updated for 'HierarchicalLODOutliner' in 0.0499 seconds. Added 1 classes and 2 folders.
[2017.11.03-12.20.42:106][  0]LogLoad: (Engine Initialization) Total time: 366.72 seconds
[2017.11.03-12.20.42:107][  0]LogLoad: (Engine Initialization) Total Blueprint compile time: 0.00 seconds
[2017.11.03-12.20.42:243][  0]LogExternalProfiler: No external profilers were discovered.  External profiling features will not be available.
[2017.11.03-12.20.46:780][  0]LogContentStreaming: Texture pool size now 1000 MB
[2017.11.03-12.20.53:238][  3]LogAssetRegistry: Asset discovery search completed in 294.7659 seconds
[2017.11.03-12.20.53:548][  3]LogCollectionManager: Rebuilt the object cache for 0 collections in 0.000001 seconds (found 0 objects)
[2017.11.03-12.20.53:715][  3]LogCollectionManager: Fixed up redirectors for 0 collections in 0.247390 seconds (updated 0 objects)
[2017.11.03-12.20.56:722][  3]LogSlate: Took 0.118735 seconds to synchronously load lazily loaded font '../../../Engine/Content/Slate/Fonts/Roboto-Light.ttf' (159K)
[2017.11.03-12.21.51:459][866]LogSynthBenchmark: Display: FSynthBenchmark (V0.95):  requested WorkScale=5.00
[2017.11.03-12.21.51:459][866]LogSynthBenchmark: Display: ===============
[2017.11.03-12.21.51:459][866]LogSynthBenchmark: Display: Main Processor:
[2017.11.03-12.21.51:697][866]LogSynthBenchmark: Display:          ... 0.024305 s/Run 'RayIntersect'
[2017.11.03-12.21.51:697][866]LogSynthBenchmark: Display:          ... 0.023281 s/Run 'Fractal'
[2017.11.03-12.21.51:697][866]LogSynthBenchmark: Display: 
[2017.11.03-12.21.51:697][866]LogSynthBenchmark: Display:   CompiledTarget_x_Bits: 64
[2017.11.03-12.21.51:697][866]LogSynthBenchmark: Display:   UE_BUILD_SHIPPING: 0
[2017.11.03-12.21.51:697][866]LogSynthBenchmark: Display:   UE_BUILD_TEST: 0
[2017.11.03-12.21.51:697][866]LogSynthBenchmark: Display:   UE_BUILD_DEBUG: 0
[2017.11.03-12.21.51:697][866]LogSynthBenchmark: Display:   TotalPhysicalGBRam: 4
[2017.11.03-12.21.51:697][866]LogSynthBenchmark: Display:   NumberOfCores (physical): 2
[2017.11.03-12.21.51:697][866]LogSynthBenchmark: Display:   NumberOfCores (logical): 4
[2017.11.03-12.21.51:697][866]LogSynthBenchmark: Display:   CPU Perf Index 0: 105.4 (weight 1.00)
[2017.11.03-12.21.51:697][866]LogSynthBenchmark: Display:   CPU Perf Index 1: 122.8 (weight 1.50)
[2017.11.03-12.21.51:697][866]LogSynthBenchmark: Display:  
[2017.11.03-12.21.51:697][866]LogSynthBenchmark: Display: Graphics:
[2017.11.03-12.21.51:698][866]LogSynthBenchmark: Display:   Adapter Name: 'Intel(R) HD Graphics 520'
[2017.11.03-12.21.51:698][866]LogSynthBenchmark: Display:   (On Optimus the name might be wrong, memory should be ok)
[2017.11.03-12.21.51:698][866]LogSynthBenchmark: Display:   Vendor Id: 0x8086
[2017.11.03-12.21.51:698][866]LogSynthBenchmark: Display:   Device Id: 0x1916
[2017.11.03-12.21.51:698][866]LogSynthBenchmark: Display:   Device Revision: 0x7
[2017.11.03-12.21.51:698][866]LogSynthBenchmark: Display:   GPU Memory: 128/0/1978 MB
[2017.11.03-12.21.52:195][866]LogSynthBenchmark: Display:   GPU first test: 0.15s
[2017.11.03-12.21.52:195][866]LogSynthBenchmark: Display:          ... 0.855 s/GigaPix, Confidence=100% 'ALUHeavyNoise' (likely to be very inaccurate)
[2017.11.03-12.21.52:195][866]LogSynthBenchmark: Display:          ... 0.659 s/GigaPix, Confidence=89% 'TexHeavy' (likely to be very inaccurate)
[2017.11.03-12.21.52:386][866]LogSynthBenchmark: Display:          ... 0.539 s/GigaPix, Confidence=100% 'DepTexHeavy' (likely to be very inaccurate)
[2017.11.03-12.21.52:386][866]LogSynthBenchmark: Display:          ... 3.900 s/GigaPix, Confidence=89% 'FillOnly' (likely to be very inaccurate)
[2017.11.03-12.21.52:386][866]LogSynthBenchmark: Display:          ... 0.099 s/GigaPix, Confidence=100% 'Bandwidth' (likely to be very inaccurate)
[2017.11.03-12.21.52:386][866]LogSynthBenchmark: Display:          ... 0.121 s/GigaVert, Confidence=100% 'VertThroughPut1' (likely to be very inaccurate)
[2017.11.03-12.21.52:386][866]LogSynthBenchmark: Display:          ... 0.819 s/GigaVert, Confidence=100% 'VertThroughPut2' (likely to be very inaccurate)
[2017.11.03-12.21.52:386][866]LogSynthBenchmark: Display:   GPU Final Results:
[2017.11.03-12.21.52:386][866]LogSynthBenchmark: Display:          ... 0.855 s/GigaPix, Confidence=100% 'ALUHeavyNoise'
[2017.11.03-12.21.52:387][866]LogSynthBenchmark: Display:          ... 0.659 s/GigaPix, Confidence=89% 'TexHeavy'
[2017.11.03-12.21.52:387][866]LogSynthBenchmark: Display:          ... 0.539 s/GigaPix, Confidence=100% 'DepTexHeavy'
[2017.11.03-12.21.52:387][866]LogSynthBenchmark: Display:          ... 3.900 s/GigaPix, Confidence=89% 'FillOnly'
[2017.11.03-12.21.52:387][866]LogSynthBenchmark: Display:          ... 0.099 s/GigaPix, Confidence=100% 'Bandwidth'
[2017.11.03-12.21.52:387][866]LogSynthBenchmark: Display:          ... 0.121 s/GigaVert, Confidence=100% 'VertThroughPut1'
[2017.11.03-12.21.52:387][866]LogSynthBenchmark: Display:          ... 0.819 s/GigaVert, Confidence=100% 'VertThroughPut2'
[2017.11.03-12.21.52:387][866]LogSynthBenchmark: Display: 
[2017.11.03-12.21.52:387][866]LogSynthBenchmark: Display:   GPU Perf Index 0: 18.6 (weight 1.00)
[2017.11.03-12.21.52:387][866]LogSynthBenchmark: Display:   GPU Perf Index 1: 8.8 (weight 0.10)
[2017.11.03-12.21.52:387][866]LogSynthBenchmark: Display:   GPU Perf Index 2: 14.0 (weight 0.10)
[2017.11.03-12.21.52:387][866]LogSynthBenchmark: Display:   GPU Perf Index 3: 15.3 (weight 3.00)
[2017.11.03-12.21.52:387][866]LogSynthBenchmark: Display:   GPU Perf Index 4: 9.3 (weight 1.00)
[2017.11.03-12.21.52:387][866]LogSynthBenchmark: Display:   GPU Perf Index 5: 7.9 (weight 0.00)
[2017.11.03-12.21.52:387][866]LogSynthBenchmark: Display:   GPU Perf Index 6: 46.4 (weight 0.00)
[2017.11.03-12.21.52:408][866]LogSynthBenchmark: Display:   CPUIndex: 115.9
[2017.11.03-12.21.52:408][866]LogSynthBenchmark: Display:   GPUIndex: 14.6
[2017.11.03-12.21.52:408][866]LogSynthBenchmark: Display: 
[2017.11.03-12.21.52:408][866]LogSynthBenchmark: Display:          ... Total Time: 0.948717 sec
[2017.11.03-12.24.06:031][973]LogSlate: Took 0.027454 seconds to synchronously load lazily loaded font '../../../Engine/Content/Slate/Fonts/Roboto-Light.ttf' (159K)
[2017.11.03-12.24.06:365][973]LogSlate: Took 0.007157 seconds to synchronously load lazily loaded font '../../../Engine/Content/Slate/Fonts/Roboto-Regular.ttf' (155K)
[2017.11.03-12.24.10:058][973]LogContentBrowser: Native class hierarchy updated for 'BlueprintGraph' in 0.0241 seconds. Added 113 classes and 0 folders.
[2017.11.03-12.24.20:196][973]LogSlate: Took 0.000333 seconds to synchronously load lazily loaded font '../../../Engine/Content/Slate/Fonts/Roboto-Light.ttf' (159K)
[2017.11.03-12.24.20:227][973]LogSlate: Took 0.029817 seconds to synchronously load lazily loaded font '../../../Engine/Content/Editor/Slate/Fonts/Roboto-BoldCondensed.ttf' (158K)
[2017.11.03-12.26.39:109][534]BlueprintLog: New page: Compile BP_HUD
[2017.11.03-12.26.40:655][570]Cmd: OBJ SAVEPACKAGE PACKAGE="/Game/UI/BP_HUD" FILE="../../../../../../Users/crist/OneDrive/Documentos/Unreal Projects/Krispy/Content/UI/BP_HUD.uasset" SILENT=true
[2017.11.03-12.26.41:012][570]LogSavePackage: Save=266.96ms
[2017.11.03-12.26.41:012][570]LogSavePackage: Moving '../../../../../../Users/crist/OneDrive/Documentos/Unreal Projects/Krispy/Saved/BP_HUDD18C22DE43D458F7D81CDBA763D1B513.tmp' to '../../../../../../Users/crist/OneDrive/Documentos/Unreal Projects/Krispy/Content/UI/BP_HUD.uasset'
[2017.11.03-12.26.41:115][570]LogSavePackage: Display: Finished SavePackage ../../../../../../Users/crist/OneDrive/Documentos/Unreal Projects/Krispy/Content/UI/BP_HUD.uasset
[2017.11.03-12.37.00:537][552]BlueprintLog: New page: Compile BP_HUD
[2017.11.03-12.37.07:288][633]Cmd: OBJ SAVEPACKAGE PACKAGE="/Game/UI/BP_HUD" FILE="../../../../../../Users/crist/OneDrive/Documentos/Unreal Projects/Krispy/Content/UI/BP_HUD.uasset" SILENT=true
[2017.11.03-12.37.08:708][633]LogSavePackage: Save=1113.84ms
[2017.11.03-12.37.08:708][633]LogSavePackage: Moving '../../../../../../Users/crist/OneDrive/Documentos/Unreal Projects/Krispy/Saved/BP_HUD151489954165186318088C8E416AA1BB.tmp' to '../../../../../../Users/crist/OneDrive/Documentos/Unreal Projects/Krispy/Content/UI/BP_HUD.uasset'
[2017.11.03-12.37.08:960][633]LogSavePackage: Display: Finished SavePackage ../../../../../../Users/crist/OneDrive/Documentos/Unreal Projects/Krispy/Content/UI/BP_HUD.uasset
[2017.11.03-12.49.21:699][778]LogHotReload: New module detected: UE4Editor-Krispy-604.dll
[2017.11.03-12.49.36:300][821]LogHotReload: Starting Hot-Reload from IDE
[2017.11.03-12.50.35:002][821]LogClass: Could not find existing class Player_Krispy in package /Script/Krispy for HotReload, assuming new class
[2017.11.03-12.50.37:771][821]LogHotReload: Re-instancing Player_Krispy after hot-reload.
[2017.11.03-12.50.47:141][821]LogContentBrowser: Native class hierarchy updated for 'Krispy' in 0.9572 seconds. Added 3 classes and 2 folders.
[2017.11.03-12.50.47:170][821]Display: HotReload successful (0 functions remapped  0 scriptstructs remapped)
[2017.11.03-12.51.14:914][821]LogContentBrowser: Native class hierarchy populated in 0.7379 seconds. Added 2391 classes and 506 folders.
[2017.11.03-12.51.17:207][821]Display: HotReload took 100.9s.
[2017.11.03-12.52.12:172][490]LogFileHelpers: Editor autosave (incl. sublevels) for '/Temp/Untitled_1' took 2.005
[2017.11.03-12.52.13:068][490]OBJ SavePackage: Generating thumbnails for [0] asset(s) in package [/Game/UI/BP_HUD] ([1] browsable assets)...
[2017.11.03-12.52.13:107][490]OBJ SavePackage: Finished generating thumbnails for package [/Game/UI/BP_HUD]
[2017.11.03-12.52.13:140][490]Cmd: OBJ SAVEPACKAGE PACKAGE="/Game/UI/BP_HUD" FILE="../../../../../../Users/crist/OneDrive/Documentos/Unreal Projects/Krispy/Saved/Autosaves/Game/UI/BP_HUD_Auto1.uasset" SILENT=false AUTOSAVING=true
[2017.11.03-12.52.16:341][490]LogSavePackage: Save=2423.66ms
[2017.11.03-12.52.16:341][490]LogSavePackage: Moving '../../../../../../Users/crist/OneDrive/Documentos/Unreal Projects/Krispy/Saved/BP_HUD_Auto1395EA5E04FF5680F6D530892E423AEE9.tmp' to '../../../../../../Users/crist/OneDrive/Documentos/Unreal Projects/Krispy/Saved/Autosaves/Game/UI/BP_HUD_Auto1.uasset'
[2017.11.03-12.52.16:547][490]LogSavePackage: Display: Finished SavePackage ../../../../../../Users/crist/OneDrive/Documentos/Unreal Projects/Krispy/Saved/Autosaves/Game/UI/BP_HUD_Auto1.uasset
[2017.11.03-12.52.16:571][490]LogFileHelpers: Auto-saving content packages took 4.382
[2017.11.03-12.52.22:535][581]BlueprintLog: New page: Compile BP_HUD
[2017.11.03-12.52.29:419][635]Cmd: OBJ SAVEPACKAGE PACKAGE="/Game/UI/BP_HUD" FILE="../../../../../../Users/crist/OneDrive/Documentos/Unreal Projects/Krispy/Content/UI/BP_HUD.uasset" SILENT=true
[2017.11.03-12.52.29:608][635]LogSavePackage: Save=182.25ms
[2017.11.03-12.52.29:608][635]LogSavePackage: Moving '../../../../../../Users/crist/OneDrive/Documentos/Unreal Projects/Krispy/Saved/BP_HUD667DB7F84F55F691A52E0EB66D3DA36B.tmp' to '../../../../../../Users/crist/OneDrive/Documentos/Unreal Projects/Krispy/Content/UI/BP_HUD.uasset'
[2017.11.03-12.52.29:687][635]LogSavePackage: Display: Finished SavePackage ../../../../../../Users/crist/OneDrive/Documentos/Unreal Projects/Krispy/Content/UI/BP_HUD.uasset
[2017.11.03-12.53.07:780][863]BlueprintLog: New page: Compile BP_HUD
[2017.11.03-12.53.08:841][900]Cmd: OBJ SAVEPACKAGE PACKAGE="/Game/UI/BP_HUD" FILE="../../../../../../Users/crist/OneDrive/Documentos/Unreal Projects/Krispy/Content/UI/BP_HUD.uasset" SILENT=true
[2017.11.03-12.53.09:216][900]LogSavePackage: Save=367.68ms
[2017.11.03-12.53.09:216][900]LogSavePackage: Moving '../../../../../../Users/crist/OneDrive/Documentos/Unreal Projects/Krispy/Saved/BP_HUDC44CEBDB4625EEA0EDFA6FB1C8BF8C3D.tmp' to '../../../../../../Users/crist/OneDrive/Documentos/Unreal Projects/Krispy/Content/UI/BP_HUD.uasset'
[2017.11.03-12.53.09:227][900]LogSavePackage: Display: Finished SavePackage ../../../../../../Users/crist/OneDrive/Documentos/Unreal Projects/Krispy/Content/UI/BP_HUD.uasset
[2017.11.03-12.54.25:942][952]LogPackageName: Warning: String asset reference "0.000000" is in short form, which is unsupported and -- even if valid -- resolving it will be really slow.
[2017.11.03-12.54.25:942][952]LogPackageName: Warning: Please consider resaving package in order to speed-up loading.
[2017.11.03-12.54.29:370][952]LogPackageName: SearchForPackageOnDisk took   3.424s, but failed to resolve 0.
[2017.11.03-12.54.29:370][952]LogPackageName: Warning: String asset reference "0.000000" could not be resolved.
[2017.11.03-12.54.36:585][381]LogPackageName: Warning: String asset reference "0.000000" is in short form, which is unsupported and -- even if valid -- resolving it will be really slow.
[2017.11.03-12.54.36:585][381]LogPackageName: Warning: Please consider resaving package in order to speed-up loading.
[2017.11.03-12.54.36:724][381]LogPackageName: SearchForPackageOnDisk took   0.139s, but failed to resolve 0.
[2017.11.03-12.54.36:724][381]LogPackageName: Warning: String asset reference "0.000000" could not be resolved.
[2017.11.03-12.54.48:540][924]BlueprintLog: New page: Compile BP_HUD
[2017.11.03-12.54.48:727][924]LogBlueprint: Error: [Compiler BP_HUD] Binding: Property ' PercentDelegate ' on Widget ' hpBar ': Binding: 'hpPlayer' : 'hpPlayer' was not found on 'BP HUD'.
[2017.11.03-12.54.48:740][924]LogPackageName: Warning: String asset reference "0.000000" is in short form, which is unsupported and -- even if valid -- resolving it will be really slow.
[2017.11.03-12.54.48:740][924]LogPackageName: Warning: Please consider resaving package in order to speed-up loading.
[2017.11.03-12.54.48:881][924]LogPackageName: SearchForPackageOnDisk took   0.141s, but failed to resolve 0.
[2017.11.03-12.54.48:881][924]LogPackageName: Warning: String asset reference "0.000000" could not be resolved.
[2017.11.03-12.54.48:938][924]LogBlueprint: Warning: [Compiler BP_HUD] [2413,53] Compile of BP_HUD failed. 1 Fatal Issue(s) 0 Warning(s) [in 375 ms] (/Game/UI/BP_HUD.BP_HUD)
[2017.11.03-12.55.07:115][664]BlueprintLog: New page: Compile BP_HUD
[2017.11.03-12.55.08:133][712]Cmd: OBJ SAVEPACKAGE PACKAGE="/Game/UI/BP_HUD" FILE="../../../../../../Users/crist/OneDrive/Documentos/Unreal Projects/Krispy/Content/UI/BP_HUD.uasset" SILENT=true
[2017.11.03-12.55.08:181][712]LogSavePackage: Save=41.31ms
[2017.11.03-12.55.08:181][712]LogSavePackage: Moving '../../../../../../Users/crist/OneDrive/Documentos/Unreal Projects/Krispy/Saved/BP_HUDDFBDC6964A105475E00098BBA4AEBF68.tmp' to '../../../../../../Users/crist/OneDrive/Documentos/Unreal Projects/Krispy/Content/UI/BP_HUD.uasset'
[2017.11.03-12.55.08:190][712]LogSavePackage: Display: Finished SavePackage ../../../../../../Users/crist/OneDrive/Documentos/Unreal Projects/Krispy/Content/UI/BP_HUD.uasset
[2017.11.03-12.57.38:019][511]LogRenderer: Reallocating scene render targets to support 856x464 Format 10 NumSamples 1 (Frame:1).
[2017.11.03-12.59.32:475][205]LogSlate: Warning: Prevented a slow task dialog from being summoned while a context menu was open
[2017.11.03-13.00.45:158][194]LogSlate: Took 0.119154 seconds to synchronously load lazily loaded font '../../../Engine/Content/Editor/Slate/Fonts/Roboto-Italic.ttf' (157K)
[2017.11.03-13.00.50:558][328]BlueprintLog: New page: Compile BP_SinglePlayerHUD
[2017.11.03-13.01.14:155][399]Cmd: OBJ SAVEPACKAGE PACKAGE="/Game/Blueprints/BP_SinglePlayerHUD" FILE="../../../../../../Users/crist/OneDrive/Documentos/Unreal Projects/Krispy/Content/Blueprints/BP_SinglePlayerHUD.uasset" SILENT=true
[2017.11.03-13.01.15:698][399]LogSavePackage: Save=1492.33ms
[2017.11.03-13.01.15:698][399]LogSavePackage: Moving '../../../../../../Users/crist/OneDrive/Documentos/Unreal Projects/Krispy/Saved/BP_SinglePlayerHUD9AADB5E5463D09FDAF66C09AE0FE807B.tmp' to '../../../../../../Users/crist/OneDrive/Documentos/Unreal Projects/Krispy/Content/Blueprints/BP_SinglePlayerHUD.uasset'
[2017.11.03-13.01.15:777][399]LogSavePackage: Display: Finished SavePackage ../../../../../../Users/crist/OneDrive/Documentos/Unreal Projects/Krispy/Content/Blueprints/BP_SinglePlayerHUD.uasset
[2017.11.03-13.01.39:082][571]LogSlate: Warning: Prevented a slow task dialog from being summoned while a context menu was open
[2017.11.03-13.01.46:035][675]BlueprintLog: New page: Compile BG_GameMode
[2017.11.03-13.01.55:408][698]Cmd: OBJ SAVEPACKAGE PACKAGE="/Game/Blueprints/BG_GameMode" FILE="../../../../../../Users/crist/OneDrive/Documentos/Unreal Projects/Krispy/Content/Blueprints/BG_GameMode.uasset" SILENT=true
[2017.11.03-13.01.56:572][698]LogSavePackage: Save=464.02ms
[2017.11.03-13.01.56:572][698]LogSavePackage: Moving '../../../../../../Users/crist/OneDrive/Documentos/Unreal Projects/Krispy/Saved/BG_GameMode58C6A2FC4FAF5EE0F80623A82B8284D8.tmp' to '../../../../../../Users/crist/OneDrive/Documentos/Unreal Projects/Krispy/Content/Blueprints/BG_GameMode.uasset'
[2017.11.03-13.01.56:629][698]LogSavePackage: Display: Finished SavePackage ../../../../../../Users/crist/OneDrive/Documentos/Unreal Projects/Krispy/Content/Blueprints/BG_GameMode.uasset
[2017.11.03-13.02.00:165][758]LogTemp: Repeating last play command: Selected Viewport
[2017.11.03-13.02.03:144][758]LogPlayLevel: PlayLevel: No blueprints needed recompiling
[2017.11.03-13.02.05:111][758]PIE: New page: PIE session: Untitled_1 (03-11-2017 7:02:03)
[2017.11.03-13.02.05:267][758]LogPlayLevel: Creating play world package: /Temp/UEDPIE_0_Untitled_1
[2017.11.03-13.02.06:032][758]LogPlayLevel: PIE: StaticDuplicateObject took: (0.766199s)
[2017.11.03-13.02.06:077][758]LogAIModule: Creating AISystem for world Untitled_1
[2017.11.03-13.02.06:134][758]LogPlayLevel: PIE: World Init took: (0.100900s)
[2017.11.03-13.02.06:191][758]LogPlayLevel: PIE: Created PIE world by copying editor world from /Temp/Untitled_1.Untitled_1 to /Temp/UEDPIE_0_Untitled_1.Untitled_1 (0.941871s)
[2017.11.03-13.02.06:697][758]LogInit: XAudio2 using 'Altavoces (Conexant SmartAudio HD)' : 2 channels at 44.1 kHz using 32 bits per sample (channel mask 0x3)
[2017.11.03-13.02.07:607][758]LogInit: FAudioDevice initialized.
[2017.11.03-13.02.09:656][758]LogLoad: Game class is 'BG_GameMode_C'
[2017.11.03-13.02.12:854][758]LogWorld: Bringing World /Temp/UEDPIE_0_Untitled_1.Untitled_1 up for play (max tick rate 3) at 2017.11.03-10.02.12
[2017.11.03-13.02.12:888][758]LogWorld: Bringing up level for play took: 2.705923
[2017.11.03-13.02.15:895][758]LogContentBrowser: Native class hierarchy updated for 'MovieSceneCapture' in 0.7671 seconds. Added 11 classes and 0 folders.
[2017.11.03-13.02.18:132][758]PIE: Play in editor start time for /Temp/UEDPIE_0_Untitled_1 16,006
[2017.11.03-13.04.23:845][125]LogAIModule: Creating AISystem for world Level_1
[2017.11.03-13.04.24:505][125]Cmd: MAP LOAD FILE="../../../../../../Users/crist/OneDrive/Documentos/Unreal Projects/Krispy/Content/Level_1.umap" TEMPLATE=0 SHOWPROGRESS=1 FEATURELEVEL=3
[2017.11.03-13.04.24:702][125]LightingResults: New page: Lighting Build
[2017.11.03-13.04.25:498][125]LoadErrors: New page: Loading map: Level_1.umap
[2017.11.03-13.04.25:981][125]MapCheck: New page: Map Check
[2017.11.03-13.04.25:981][125]LightingResults: New page: Lighting Build
[2017.11.03-13.04.35:145][125]LogEditorServer: Finished looking for orphan Actors (0.000 secs)
[2017.11.03-13.04.35:409][125]Cmd: MAP CHECKDEP NOCLEARLOG
[2017.11.03-13.04.37:398][125]MapCheck: Map check complete: 0 Error(s), 0 Warning(s), took 1.952,455ms to complete.
[2017.11.03-13.04.37:401][125]LogFileHelpers: Loading map 'Level_1' took 13.427
[2017.11.03-13.04.45:400][159]LogTemp: Repeating last play command: Selected Viewport
[2017.11.03-13.04.45:469][159]LogPlayLevel: PlayLevel: No blueprints needed recompiling
[2017.11.03-13.04.45:469][159]PIE: New page: PIE session: Level_1 (03-11-2017 7:04:45)
[2017.11.03-13.04.45:469][159]LogPlayLevel: Creating play world package: /Game/UEDPIE_0_Level_1
[2017.11.03-13.04.45:472][159]LogPlayLevel: PIE: StaticDuplicateObject took: (0.002970s)
[2017.11.03-13.04.45:496][159]LogAIModule: Creating AISystem for world Level_1
[2017.11.03-13.04.45:497][159]LogPlayLevel: PIE: World Init took: (0.024324s)
[2017.11.03-13.04.45:497][159]LogPlayLevel: PIE: Created PIE world by copying editor world from /Game/Level_1.Level_1 to /Game/UEDPIE_0_Level_1.Level_1 (0.027767s)
[2017.11.03-13.04.45:535][159]LogInit: XAudio2 using 'Altavoces (Conexant SmartAudio HD)' : 2 channels at 44.1 kHz using 32 bits per sample (channel mask 0x3)
[2017.11.03-13.04.46:517][159]LogInit: FAudioDevice initialized.
[2017.11.03-13.04.46:643][159]LogLoad: Game class is 'BG_GameMode_C'
[2017.11.03-13.04.46:645][159]LogWorld: Bringing World /Game/UEDPIE_0_Level_1.Level_1 up for play (max tick rate 60) at 2017.11.03-10.04.46
[2017.11.03-13.04.46:662][159]LogWorld: Bringing up level for play took: 0.017591
[2017.11.03-13.04.46:774][159]PIE: Play in editor start time for /Game/UEDPIE_0_Level_1 0,66
[2017.11.03-13.05.12:274][355]LogBlueprint: Warning: [Compiler BA_Krispy] idle to Walk  will never be taken, please connect something to  Can Enter Transition
[2017.11.03-13.05.12:274][355]LogBlueprint: Warning: [Compiler BA_Krispy] Walk to idle  will never be taken, please connect something to  Can Enter Transition
[2017.11.03-13.05.12:420][355]LogBlueprint: Warning: [Compiler BA_Krispy] [3036,98] Compile of BA_Krispy successful, but with 2 Warning(s) [in 2.452 ms] (/Game/Blueprints/BA_Krispy.BA_Krispy)
[2017.11.03-13.05.22:555][355]LogContentBrowser: Native class hierarchy updated for 'SkeletonEditor' in 0.1503 seconds. Added 1 classes and 2 folders.
[2017.11.03-13.05.37:734][355]LogActorComponent: RegisterComponentWithWorld: (/Engine/Transient.World_7:PersistentLevel.Actor_0.DebugSkelMeshComponent_0) Already registered. Aborting.
[2017.11.03-13.06.12:653][355]LogSkeletalMesh: USkeletalMeshComponent::InitArticulated : Bodies already created (/Engine/Transient.World_7:PersistentLevel.Actor_0.DebugSkelMeshComponent_0) - call TermArticulated first.
[2017.11.03-13.07.28:955][355]LogContentBrowser: Native class hierarchy updated for 'ClothingSystemEditorInterface' in 0.5621 seconds. Added 1 classes and 0 folders.
[2017.11.03-13.08.04:601][356]LogContentBrowser: Verbose: The majority of assets in the view are of type: AnimSequence
[2017.11.03-13.09.12:152][507]LogD3D11RHI: Timed out while waiting for GPU to catch up. (0.5 s)
[2017.11.03-13.10.14:383][558]LogD3D11RHI: Timed out while waiting for GPU to catch up. (0.5 s)
[2017.11.03-13.12.32:902][584]LogStreaming: Warning: Took 103.06ms to ProcessLoadedPackages
[2017.11.03-13.13.02:435][585]LogTemp: Executing iPhonePackager certificates Engine -bundlename com.YourCompany.Krispy
[2017.11.03-13.13.02:435][585]LogTemp: CWD: C:\Program Files\Epic Games\UE_4.17\Engine\Binaries\DotNET\IOS
[2017.11.03-13.13.02:435][585]LogTemp: Initial Dir: C:\Program Files\Epic Games\UE_4.17
[2017.11.03-13.13.02:435][585]LogTemp: Env CWD: C:\Program Files\Epic Games\UE_4.17\Engine\Binaries\DotNET\IOS
[2017.11.03-13.13.02:435][585]LogTemp: BranchPath = DESKTOP-J1B6B5G/C/Program Files/Epic Games/UE_4.17/Engine/Binaries --- GameBranchPath = DESKTOP-J1B6B5G/C/Program Files/Epic Games/UE_4.17/Engine/Binaries
[2017.11.03-13.13.02:435][585]LogTemp: IPP ERROR: Could not find provision directory 'C:\Users\crist\AppData\Local/Apple Computer/MobileDevice/Provisioning Profiles/'.
[2017.11.03-13.18.12:081][496]LogTemp: Repeating last play command: Selected Viewport
[2017.11.03-13.18.25:957][496]LogPlayLevel: PlayLevel: No blueprints needed recompiling
[2017.11.03-13.18.30:344][496]PIE: New page: PIE session: Level_1 (03-11-2017 7:18:28)
[2017.11.03-13.18.32:772][496]LogPlayLevel: Creating play world package: /Game/UEDPIE_0_Level_1
[2017.11.03-13.19.05:047][496]LogPlayLevel: PIE: StaticDuplicateObject took: (31.307341s)
[2017.11.03-13.19.18:709][496]LogAIModule: Creating AISystem for world Level_1
[2017.11.03-13.19.25:478][496]LogPlayLevel: PIE: World Init took: (20.431643s)
[2017.11.03-13.19.29:325][496]LogPlayLevel: PIE: Created PIE world by copying editor world from /Game/Level_1.Level_1 to /Game/UEDPIE_0_Level_1.Level_1 (56.847843s)
[2017.11.03-13.21.13:772][496]LogInit: XAudio2 using 'Altavoces (Conexant SmartAudio HD)' : 2 channels at 44.1 kHz using 32 bits per sample (channel mask 0x3)
[2017.11.03-13.21.22:738][496]LogInit: FAudioDevice initialized.
[2017.11.03-13.21.35:835][496]LogLoad: Game class is 'BG_GameMode_C'
[2017.11.03-13.21.48:889][496]LogWorld: Bringing World /Game/UEDPIE_0_Level_1.Level_1 up for play (max tick rate 3) at 2017.11.03-10.21.48
[2017.11.03-13.21.50:003][496]LogWorld: Bringing up level for play took: 9.968096
[2017.11.03-13.22.05:734][496]PIE: Play in editor start time for /Game/UEDPIE_0_Level_1 220,96
[2017.11.03-13.28.13:904][127]LogTemp: Repeating last play command: Selected Viewport
[2017.11.03-13.28.16:965][127]LogPlayLevel: PlayLevel: No blueprints needed recompiling
[2017.11.03-13.28.19:067][127]PIE: New page: PIE session: Level_1 (03-11-2017 7:28:17)
[2017.11.03-13.28.20:182][127]LogPlayLevel: Creating play world package: /Game/UEDPIE_0_Level_1
[2017.11.03-13.28.33:824][127]LogPlayLevel: PIE: StaticDuplicateObject took: (13.411990s)
[2017.11.03-13.28.37:981][127]LogAIModule: Creating AISystem for world Level_1
[2017.11.03-13.28.39:420][127]LogPlayLevel: PIE: World Init took: (5.596818s)
[2017.11.03-13.28.39:462][127]LogPlayLevel: PIE: Created PIE world by copying editor world from /Game/Level_1.Level_1 to /Game/UEDPIE_0_Level_1.Level_1 (19.484497s)
[2017.11.03-13.28.41:344][127]LogInit: XAudio2 using 'Altavoces (Conexant SmartAudio HD)' : 2 channels at 44.1 kHz using 32 bits per sample (channel mask 0x3)
[2017.11.03-13.28.42:052][127]LogInit: FAudioDevice initialized.
[2017.11.03-13.28.47:147][127]LogLoad: Game class is 'BG_GameMode_C'
[2017.11.03-13.28.58:400][127]LogWorld: Bringing World /Game/UEDPIE_0_Level_1.Level_1 up for play (max tick rate 60) at 2017.11.03-10.28.58
[2017.11.03-13.28.58:646][127]LogWorld: Bringing up level for play took: 10.156011
[2017.11.03-13.29.09:331][127]PIE: Play in editor start time for /Game/UEDPIE_0_Level_1 52,796
[2017.11.03-13.29.37:167][247]LogWindowsTextInputMethodSystem: Display: IME system now deactivated.
[2017.11.03-13.31.20:310][248]Cmd: QUIT_EDITOR
[2017.11.03-13.31.57:737][248]LogExit: Preparing to exit.
[2017.11.03-13.32.46:055][248]LogDirectoryWatcher: A directory notification for 'C:/Users/crist/OneDrive/Documentos/Unreal Projects/Krispy/Content/' was aborted.
